TN:
SF:src\app.ts
FN:36,(anonymous_1)
FN:47,(anonymous_2)
FN:63,(anonymous_3)
FN:70,(anonymous_4)
FN:81,(anonymous_5)
FN:87,(anonymous_6)
FN:97,(anonymous_7)
FN:103,(anonymous_8)
FN:108,(anonymous_9)
FN:113,(anonymous_10)
FNF:10
FNH:0
FNDA:0,(anonymous_1)
FNDA:0,(anonymous_2)
FNDA:0,(anonymous_3)
FNDA:0,(anonymous_4)
FNDA:0,(anonymous_5)
FNDA:0,(anonymous_6)
FNDA:0,(anonymous_7)
FNDA:0,(anonymous_8)
FNDA:0,(anonymous_9)
FNDA:0,(anonymous_10)
DA:1,0
DA:2,0
DA:3,0
DA:4,0
DA:5,0
DA:6,0
DA:7,0
DA:8,0
DA:9,0
DA:10,0
DA:11,0
DA:12,0
DA:14,0
DA:17,0
DA:18,0
DA:21,0
DA:22,0
DA:23,0
DA:24,0
DA:25,0
DA:28,0
DA:29,0
DA:33,0
DA:36,0
DA:37,0
DA:47,0
DA:48,0
DA:59,0
DA:60,0
DA:63,0
DA:64,0
DA:70,0
DA:71,0
DA:72,0
DA:74,0
DA:81,0
DA:82,0
DA:84,0
DA:87,0
DA:88,0
DA:91,0
DA:92,0
DA:97,0
DA:98,0
DA:99,0
DA:103,0
DA:104,0
DA:108,0
DA:109,0
DA:110,0
DA:113,0
DA:114,0
DA:115,0
DA:119,0
DA:120,0
LF:55
LH:0
BRDA:28,0,0,0
BRDA:41,1,0,0
BRDA:41,1,1,0
BRDA:76,2,0,0
BRDA:76,2,1,0
BRF:5
BRH:0
end_of_record
TN:
SF:src\check-payment.js
FN:16,(anonymous_0)
FNF:1
FNH:0
FNDA:0,(anonymous_0)
DA:1,0
DA:2,0
DA:5,0
DA:8,0
DA:11,0
DA:12,0
DA:13,0
DA:16,0
DA:17,0
DA:19,0
DA:20,0
DA:21,0
DA:22,0
DA:25,0
DA:28,0
DA:38,0
DA:39,0
DA:40,0
DA:41,0
DA:42,0
DA:43,0
DA:44,0
DA:46,0
DA:47,0
DA:51,0
DA:52,0
DA:53,0
DA:56,0
DA:58,0
DA:60,0
DA:61,0
DA:62,0
DA:64,0
DA:65,0
DA:68,0
DA:71,0
DA:76,0
LF:37
LH:0
BRDA:12,0,0,0
BRDA:12,0,1,0
BRDA:13,1,0,0
BRDA:13,1,1,0
BRDA:19,2,0,0
BRDA:19,2,1,0
BRDA:19,3,0,0
BRDA:19,3,1,0
BRDA:43,4,0,0
BRDA:43,4,1,0
BRDA:46,5,0,0
BRDA:46,5,1,0
BRDA:58,6,0,0
BRDA:58,6,1,0
BRDA:62,7,0,0
BRDA:62,7,1,0
BRF:16
BRH:0
end_of_record
TN:
SF:src\index.ts
FN:8,(anonymous_0)
FN:11,(anonymous_1)
FNF:2
FNH:0
FNDA:0,(anonymous_0)
FNDA:0,(anonymous_1)
DA:1,0
DA:2,0
DA:4,0
DA:7,0
DA:9,0
DA:12,0
DA:13,0
LF:7
LH:0
BRF:0
BRH:0
end_of_record
TN:
SF:src\server-test.js
FN:7,(anonymous_0)
FN:35,(anonymous_1)
FN:66,(anonymous_2)
FN:70,(anonymous_3)
FN:94,(anonymous_4)
FN:122,(anonymous_5)
FN:146,(anonymous_6)
FN:160,(anonymous_7)
FN:161,(anonymous_8)
FN:179,(anonymous_9)
FN:180,(anonymous_10)
FN:189,(anonymous_11)
FN:202,(anonymous_12)
FNF:13
FNH:0
FNDA:0,(anonymous_0)
FNDA:0,(anonymous_1)
FNDA:0,(anonymous_2)
FNDA:0,(anonymous_3)
FNDA:0,(anonymous_4)
FNDA:0,(anonymous_5)
FNDA:0,(anonymous_6)
FNDA:0,(anonymous_7)
FNDA:0,(anonymous_8)
FNDA:0,(anonymous_9)
FNDA:0,(anonymous_10)
FNDA:0,(anonymous_11)
FNDA:0,(anonymous_12)
DA:1,0
DA:2,0
DA:3,0
DA:4,0
DA:7,0
DA:9,0
DA:11,0
DA:12,0
DA:13,0
DA:17,0
DA:20,0
DA:21,0
DA:32,0
DA:35,0
DA:36,0
DA:37,0
DA:39,0
DA:40,0
DA:43,0
DA:44,0
DA:48,0
DA:49,0
DA:55,0
DA:63,0
DA:66,0
DA:67,0
DA:70,0
DA:71,0
DA:73,0
DA:74,0
DA:75,0
DA:79,0
DA:80,0
DA:83,0
DA:89,0
DA:90,0
DA:94,0
DA:95,0
DA:96,0
DA:98,0
DA:99,0
DA:100,0
DA:103,0
DA:106,0
DA:107,0
DA:108,0
DA:115,0
DA:117,0
DA:122,0
DA:123,0
DA:124,0
DA:126,0
DA:127,0
DA:128,0
DA:131,0
DA:134,0
DA:135,0
DA:136,0
DA:146,0
DA:147,0
DA:148,0
DA:150,0
DA:151,0
DA:152,0
DA:155,0
DA:157,0
DA:159,0
DA:160,0
DA:161,0
DA:163,0
DA:170,0
DA:179,0
DA:180,0
DA:185,0
DA:189,0
DA:190,0
DA:191,0
DA:192,0
DA:193,0
DA:195,0
DA:201,0
DA:202,0
DA:203,0
DA:204,0
LF:84
LH:0
BRDA:9,0,0,0
BRDA:9,0,1,0
BRDA:17,1,0,0
BRDA:17,1,1,0
BRDA:32,2,0,0
BRDA:32,2,1,0
BRDA:36,3,0,0
BRDA:36,3,1,0
BRDA:37,4,0,0
BRDA:37,4,1,0
BRDA:73,5,0,0
BRDA:73,5,1,0
BRDA:80,6,0,0
BRDA:80,6,1,0
BRDA:98,7,0,0
BRDA:98,7,1,0
BRDA:107,8,0,0
BRDA:107,8,1,0
BRDA:126,9,0,0
BRDA:126,9,1,0
BRDA:135,10,0,0
BRDA:135,10,1,0
BRDA:150,11,0,0
BRDA:150,11,1,0
BRDA:157,12,0,0
BRDA:157,12,1,0
BRDA:191,13,0,0
BRDA:191,13,1,0
BRDA:201,14,0,0
BRDA:201,14,1,0
BRF:30
BRH:0
end_of_record
TN:
SF:src\server.ts
FN:10,startServer
FN:21,(anonymous_2)
FN:26,(anonymous_3)
FN:28,(anonymous_4)
FNF:4
FNH:0
FNDA:0,startServer
FNDA:0,(anonymous_2)
FNDA:0,(anonymous_3)
FNDA:0,(anonymous_4)
DA:1,0
DA:2,0
DA:4,0
DA:5,0
DA:6,0
DA:8,0
DA:11,0
DA:13,0
DA:15,0
DA:18,0
DA:21,0
DA:22,0
DA:26,0
DA:27,0
DA:28,0
DA:29,0
DA:30,0
DA:35,0
DA:36,0
DA:41,0
LF:20
LH:0
BRF:0
BRH:0
end_of_record
TN:
SF:src\test-yookassa.js
FN:14,(anonymous_0)
FNF:1
FNH:0
FNDA:0,(anonymous_0)
DA:1,0
DA:2,0
DA:5,0
DA:8,0
DA:9,0
DA:10,0
DA:11,0
DA:14,0
DA:15,0
DA:17,0
DA:35,0
DA:36,0
DA:37,0
DA:38,0
DA:41,0
DA:44,0
DA:56,0
DA:57,0
DA:58,0
DA:59,0
DA:60,0
DA:63,0
DA:64,0
DA:65,0
DA:68,0
DA:70,0
DA:72,0
DA:73,0
DA:74,0
DA:76,0
DA:77,0
DA:80,0
DA:83,0
DA:88,0
LF:34
LH:0
BRDA:9,0,0,0
BRDA:9,0,1,0
BRDA:10,1,0,0
BRDA:10,1,1,0
BRDA:11,2,0,0
BRDA:11,2,1,0
BRDA:25,3,0,0
BRDA:25,3,1,0
BRDA:35,4,0,0
BRDA:35,4,1,0
BRDA:35,5,0,0
BRDA:35,5,1,0
BRDA:60,6,0,0
BRDA:60,6,1,0
BRDA:70,7,0,0
BRDA:70,7,1,0
BRDA:74,8,0,0
BRDA:74,8,1,0
BRF:18
BRH:0
end_of_record
TN:
SF:src\config\appConfig.ts
FNF:0
FNH:0
DA:1,0
DA:2,0
DA:5,0
DA:75,0
DA:147,0
DA:148,0
DA:149,0
DA:151,0
LF:8
LH:0
BRDA:77,0,0,0
BRDA:77,0,1,0
BRDA:78,1,0,0
BRDA:78,1,1,0
BRDA:79,2,0,0
BRDA:79,2,1,0
BRDA:80,3,0,0
BRDA:80,3,1,0
BRDA:81,4,0,0
BRDA:81,4,1,0
BRDA:82,5,0,0
BRDA:82,5,1,0
BRDA:83,6,0,0
BRDA:83,6,1,0
BRDA:86,7,0,0
BRDA:86,7,1,0
BRDA:87,8,0,0
BRDA:87,8,1,0
BRDA:88,9,0,0
BRDA:88,9,1,0
BRDA:89,10,0,0
BRDA:89,10,1,0
BRDA:90,11,0,0
BRDA:90,11,1,0
BRDA:94,12,0,0
BRDA:94,12,1,0
BRDA:95,13,0,0
BRDA:95,13,1,0
BRDA:96,14,0,0
BRDA:96,14,1,0
BRDA:97,15,0,0
BRDA:97,15,1,0
BRDA:101,16,0,0
BRDA:101,16,1,0
BRDA:102,17,0,0
BRDA:102,17,1,0
BRDA:105,18,0,0
BRDA:105,18,1,0
BRDA:106,19,0,0
BRDA:106,19,1,0
BRDA:107,20,0,0
BRDA:107,20,1,0
BRDA:109,21,0,0
BRDA:109,21,1,0
BRDA:112,22,0,0
BRDA:112,22,1,0
BRDA:114,23,0,0
BRDA:114,23,1,0
BRDA:116,24,0,0
BRDA:116,24,1,0
BRDA:118,25,0,0
BRDA:118,25,1,0
BRDA:119,26,0,0
BRDA:119,26,1,0
BRDA:120,27,0,0
BRDA:120,27,1,0
BRDA:121,28,0,0
BRDA:121,28,1,0
BRDA:126,29,0,0
BRDA:126,29,1,0
BRDA:132,30,0,0
BRDA:132,30,1,0
BRDA:133,31,0,0
BRDA:133,31,1,0
BRDA:136,32,0,0
BRDA:136,32,1,0
BRDA:137,33,0,0
BRDA:137,33,1,0
BRDA:138,34,0,0
BRDA:138,34,1,0
BRDA:141,35,0,0
BRDA:141,35,1,0
BRF:72
BRH:0
end_of_record
TN:
SF:src\config\env.ts
FN:7,(anonymous_1)
FN:84,(anonymous_2)
FN:101,(anonymous_3)
FNF:3
FNH:0
FNDA:0,(anonymous_1)
FNDA:0,(anonymous_2)
FNDA:0,(anonymous_3)
DA:1,0
DA:4,0
DA:7,0
DA:8,0
DA:9,0
DA:10,0
DA:12,0
DA:16,0
DA:84,0
DA:85,0
DA:88,0
DA:89,0
DA:100,0
DA:101,0
DA:104,0
DA:105,0
DA:111,0
LF:17
LH:0
BRDA:8,0,0,0
BRDA:8,0,1,0
BRDA:9,1,0,0
BRDA:55,2,0,0
BRDA:55,2,1,0
BRDA:56,3,0,0
BRDA:56,3,1,0
BRDA:88,4,0,0
BRDA:104,5,0,0
BRF:9
BRH:0
end_of_record
TN:
SF:src\config\supabase.ts
FN:15,(anonymous_1)
FNF:1
FNH:0
FNDA:0,(anonymous_1)
DA:1,0
DA:2,0
DA:4,0
DA:6,0
DA:7,0
DA:9,0
DA:10,0
DA:13,0
DA:15,0
DA:16,0
LF:10
LH:0
BRDA:6,0,0,0
BRDA:6,0,1,0
BRDA:7,1,0,0
BRDA:7,1,1,0
BRDA:9,2,0,0
BRDA:9,3,0,0
BRDA:9,3,1,0
BRF:7
BRH:0
end_of_record
TN:
SF:src\controllers\adminController.ts
FN:10,(anonymous_0)
FN:34,(anonymous_1)
FN:58,(anonymous_2)
FN:82,(anonymous_3)
FN:109,(anonymous_4)
FN:144,(anonymous_5)
FN:174,(anonymous_6)
FNF:7
FNH:0
FNDA:0,(anonymous_0)
FNDA:0,(anonymous_1)
FNDA:0,(anonymous_2)
FNDA:0,(anonymous_3)
FNDA:0,(anonymous_4)
FNDA:0,(anonymous_5)
FNDA:0,(anonymous_6)
DA:3,0
DA:4,0
DA:5,0
DA:6,0
DA:8,0
DA:11,0
DA:12,0
DA:13,0
DA:16,0
DA:17,0
DA:22,0
DA:24,0
DA:29,0
DA:35,0
DA:36,0
DA:37,0
DA:40,0
DA:41,0
DA:46,0
DA:48,0
DA:53,0
DA:59,0
DA:60,0
DA:61,0
DA:64,0
DA:65,0
DA:70,0
DA:72,0
DA:77,0
DA:83,0
DA:84,0
DA:85,0
DA:88,0
DA:89,0
DA:91,0
DA:96,0
DA:98,0
DA:104,0
DA:110,0
DA:111,0
DA:112,0
DA:115,0
DA:116,0
DA:118,0
DA:124,0
DA:131,0
DA:133,0
DA:139,0
DA:145,0
DA:146,0
DA:147,0
DA:150,0
DA:151,0
DA:157,0
DA:162,0
DA:164,0
DA:169,0
DA:175,0
DA:176,0
DA:177,0
DA:180,0
DA:181,0
DA:182,0
DA:184,0
DA:192,0
DA:194,0
DA:201,0
DA:206,0
LF:68
LH:0
BRDA:12,0,0,0
BRDA:12,1,0,0
BRDA:12,1,1,0
BRDA:36,2,0,0
BRDA:36,3,0,0
BRDA:36,3,1,0
BRDA:60,4,0,0
BRDA:60,5,0,0
BRDA:60,5,1,0
BRDA:84,6,0,0
BRDA:84,7,0,0
BRDA:84,7,1,0
BRDA:111,8,0,0
BRDA:111,9,0,0
BRDA:111,9,1,0
BRDA:121,10,0,0
BRDA:121,10,1,0
BRDA:146,11,0,0
BRDA:146,12,0,0
BRDA:146,12,1,0
BRDA:176,13,0,0
BRDA:176,14,0,0
BRDA:176,14,1,0
BRDA:180,15,0,0
BRDA:180,16,0,0
BRDA:192,17,0,0
BRF:26
BRH:0
end_of_record
TN:
SF:src\controllers\auth.controller.ts
FN:16,(anonymous_0)
FN:41,(anonymous_1)
FN:70,(anonymous_2)
FN:99,(anonymous_3)
FN:123,(anonymous_4)
FN:146,(anonymous_5)
FN:170,(anonymous_6)
FNF:7
FNH:0
FNDA:0,(anonymous_0)
FNDA:0,(anonymous_1)
FNDA:0,(anonymous_2)
FNDA:0,(anonymous_3)
FNDA:0,(anonymous_4)
FNDA:0,(anonymous_5)
FNDA:0,(anonymous_6)
DA:2,0
DA:3,0
DA:6,0
DA:17,0
DA:18,0
DA:19,0
DA:22,0
DA:27,0
DA:29,0
DA:30,0
DA:32,0
DA:42,0
DA:43,0
DA:44,0
DA:46,0
DA:51,0
DA:53,0
DA:59,0
DA:61,0
DA:71,0
DA:72,0
DA:73,0
DA:75,0
DA:80,0
DA:82,0
DA:88,0
DA:90,0
DA:100,0
DA:101,0
DA:102,0
DA:104,0
DA:109,0
DA:111,0
DA:112,0
DA:114,0
DA:124,0
DA:125,0
DA:126,0
DA:129,0
DA:133,0
DA:136,0
DA:147,0
DA:148,0
DA:149,0
DA:151,0
DA:156,0
DA:158,0
DA:159,0
DA:161,0
DA:171,0
DA:173,0
DA:174,0
DA:175,0
DA:178,0
DA:182,0
DA:183,0
DA:188,0
LF:57
LH:0
BRDA:29,0,0,0
BRDA:29,0,1,0
BRDA:53,1,0,0
BRDA:53,1,1,0
BRDA:54,2,0,0
BRDA:54,2,1,0
BRDA:54,2,2,0
BRDA:54,2,3,0
BRDA:82,3,0,0
BRDA:82,3,1,0
BRDA:83,4,0,0
BRDA:83,4,1,0
BRDA:83,4,2,0
BRDA:83,4,3,0
BRDA:111,5,0,0
BRDA:111,5,1,0
BRDA:158,6,0,0
BRDA:158,6,1,0
BRDA:173,7,0,0
BRF:19
BRH:0
end_of_record
TN:
SF:src\controllers\authController.ts
FN:15,(anonymous_1)
FN:67,(anonymous_2)
FN:123,(anonymous_3)
FN:182,(anonymous_4)
FN:198,(anonymous_5)
FN:228,(anonymous_6)
FN:243,(anonymous_7)
FN:254,(anonymous_8)
FN:271,(anonymous_9)
FN:295,(anonymous_10)
FN:328,(anonymous_11)
FNF:11
FNH:0
FNDA:0,(anonymous_1)
FNDA:0,(anonymous_2)
FNDA:0,(anonymous_3)
FNDA:0,(anonymous_4)
FNDA:0,(anonymous_5)
FNDA:0,(anonymous_6)
FNDA:0,(anonymous_7)
FNDA:0,(anonymous_8)
FNDA:0,(anonymous_9)
FNDA:0,(anonymous_10)
FNDA:0,(anonymous_11)
DA:3,0
DA:5,0
DA:6,0
DA:7,0
DA:8,0
DA:11,0
DA:12,0
DA:14,0
DA:16,0
DA:17,0
DA:18,0
DA:19,0
DA:22,0
DA:24,0
DA:25,0
DA:26,0
DA:29,0
DA:30,0
DA:32,0
DA:43,0
DA:45,0
DA:47,0
DA:58,0
DA:59,0
DA:61,0
DA:62,0
DA:68,0
DA:69,0
DA:70,0
DA:71,0
DA:74,0
DA:76,0
DA:77,0
DA:78,0
DA:81,0
DA:82,0
DA:83,0
DA:89,0
DA:97,0
DA:98,0
DA:99,0
DA:100,0
DA:103,0
DA:105,0
DA:107,0
DA:118,0
DA:119,0
DA:124,0
DA:125,0
DA:127,0
DA:128,0
DA:131,0
DA:133,0
DA:134,0
DA:146,0
DA:147,0
DA:148,0
DA:149,0
DA:155,0
DA:163,0
DA:165,0
DA:167,0
DA:177,0
DA:178,0
DA:183,0
DA:184,0
DA:186,0
DA:187,0
DA:190,0
DA:191,0
DA:193,0
DA:194,0
DA:199,0
DA:200,0
DA:202,0
DA:203,0
DA:206,0
DA:208,0
DA:210,0
DA:212,0
DA:223,0
DA:224,0
DA:229,0
DA:230,0
DA:231,0
DA:234,0
DA:236,0
DA:238,0
DA:239,0
DA:244,0
DA:245,0
DA:246,0
DA:247,0
DA:249,0
DA:250,0
DA:255,0
DA:256,0
DA:257,0
DA:259,0
DA:260,0
DA:263,0
DA:264,0
DA:266,0
DA:267,0
DA:272,0
DA:273,0
DA:274,0
DA:277,0
DA:278,0
DA:279,0
DA:282,0
DA:290,0
DA:291,0
DA:296,0
DA:297,0
DA:299,0
DA:301,0
DA:302,0
DA:305,0
DA:306,0
DA:307,0
DA:310,0
DA:312,0
DA:323,0
DA:324,0
DA:329,0
DA:330,0
DA:331,0
DA:332,0
DA:335,0
DA:336,0
DA:338,0
LF:132
LH:0
BRDA:18,0,0,0
BRDA:25,1,0,0
BRDA:58,2,0,0
BRDA:58,2,1,0
BRDA:70,3,0,0
BRDA:77,4,0,0
BRDA:77,5,0,0
BRDA:77,5,1,0
BRDA:81,6,0,0
BRDA:82,7,0,0
BRDA:82,7,1,0
BRDA:82,8,0,0
BRDA:82,8,1,0
BRDA:98,9,0,0
BRDA:127,10,0,0
BRDA:127,11,0,0
BRDA:127,11,1,0
BRDA:133,12,0,0
BRDA:133,12,1,0
BRDA:137,13,0,0
BRDA:137,13,1,0
BRDA:138,14,0,0
BRDA:138,14,1,0
BRDA:147,15,0,0
BRDA:148,16,0,0
BRDA:148,16,1,0
BRDA:148,17,0,0
BRDA:148,17,1,0
BRDA:186,18,0,0
BRDA:202,19,0,0
BRDA:202,20,0,0
BRDA:202,20,1,0
BRDA:230,21,0,0
BRDA:259,22,0,0
BRDA:273,23,0,0
BRDA:278,24,0,0
BRDA:301,25,0,0
BRDA:306,26,0,0
BRDA:331,27,0,0
BRF:39
BRH:0
end_of_record
TN:
SF:src\controllers\bookingController.ts
FN:19,(anonymous_1)
FN:87,(anonymous_2)
FN:146,(anonymous_3)
FN:216,(anonymous_4)
FN:301,(anonymous_5)
FN:343,(anonymous_6)
FN:385,(anonymous_7)
FN:441,(anonymous_8)
FN:499,(anonymous_9)
FN:532,(anonymous_10)
FN:549,(anonymous_11)
FN:559,(anonymous_12)
FN:568,(anonymous_13)
FN:577,(anonymous_14)
FN:586,(anonymous_15)
FNF:15
FNH:0
FNDA:0,(anonymous_1)
FNDA:0,(anonymous_2)
FNDA:0,(anonymous_3)
FNDA:0,(anonymous_4)
FNDA:0,(anonymous_5)
FNDA:0,(anonymous_6)
FNDA:0,(anonymous_7)
FNDA:0,(anonymous_8)
FNDA:0,(anonymous_9)
FNDA:0,(anonymous_10)
FNDA:0,(anonymous_11)
FNDA:0,(anonymous_12)
FNDA:0,(anonymous_13)
FNDA:0,(anonymous_14)
FNDA:0,(anonymous_15)
DA:3,0
DA:4,0
DA:7,0
DA:8,0
DA:9,0
DA:10,0
DA:20,0
DA:22,0
DA:23,0
DA:24,0
DA:27,0
DA:28,0
DA:31,0
DA:32,0
DA:33,0
DA:39,0
DA:51,0
DA:54,0
DA:55,0
DA:57,0
DA:58,0
DA:64,0
DA:66,0
DA:77,0
DA:78,0
DA:88,0
DA:89,0
DA:90,0
DA:93,0
DA:95,0
DA:96,0
DA:102,0
DA:104,0
DA:105,0
DA:111,0
DA:112,0
DA:115,0
DA:117,0
DA:136,0
DA:137,0
DA:147,0
DA:148,0
DA:149,0
DA:152,0
DA:153,0
DA:154,0
DA:158,0
DA:159,0
DA:160,0
DA:163,0
DA:194,0
DA:196,0
DA:206,0
DA:207,0
DA:217,0
DA:218,0
DA:219,0
DA:222,0
DA:223,0
DA:224,0
DA:229,0
DA:230,0
DA:236,0
DA:237,0
DA:238,0
DA:239,0
DA:242,0
DA:243,0
DA:244,0
DA:248,0
DA:279,0
DA:281,0
DA:291,0
DA:292,0
DA:302,0
DA:303,0
DA:304,0
DA:305,0
DA:308,0
DA:310,0
DA:311,0
DA:317,0
DA:318,0
DA:324,0
DA:325,0
DA:330,0
DA:331,0
DA:337,0
DA:339,0
DA:341,0
DA:343,0
DA:345,0
DA:347,0
DA:356,0
DA:357,0
DA:358,0
DA:360,0
DA:363,0
DA:364,0
DA:365,0
DA:368,0
DA:375,0
DA:376,0
DA:386,0
DA:387,0
DA:388,0
DA:391,0
DA:393,0
DA:394,0
DA:400,0
DA:402,0
DA:403,0
DA:409,0
DA:410,0
DA:416,0
DA:417,0
DA:419,0
DA:422,0
DA:424,0
DA:431,0
DA:432,0
DA:442,0
DA:443,0
DA:446,0
DA:448,0
DA:449,0
DA:455,0
DA:456,0
DA:462,0
DA:468,0
DA:469,0
DA:470,0
DA:472,0
DA:475,0
DA:477,0
DA:478,0
DA:479,0
DA:482,0
DA:489,0
DA:490,0
DA:500,0
DA:501,0
DA:504,0
DA:506,0
DA:507,0
DA:513,0
DA:515,0
DA:521,0
DA:522,0
DA:534,0
DA:542,0
DA:552,0
DA:561,0
DA:570,0
DA:579,0
DA:588,0
DA:592,0
LF:157
LH:0
BRDA:23,0,0,0
BRDA:32,1,0,0
BRDA:57,2,0,0
BRDA:57,3,0,0
BRDA:57,3,1,0
BRDA:95,4,0,0
BRDA:104,5,0,0
BRDA:104,6,0,0
BRDA:104,6,1,0
BRDA:153,7,0,0
BRDA:158,8,0,0
BRDA:158,8,1,0
BRDA:159,9,0,0
BRDA:159,9,1,0
BRDA:223,10,0,0
BRDA:229,11,0,0
BRDA:236,12,0,0
BRDA:236,12,1,0
BRDA:237,13,0,0
BRDA:237,13,1,0
BRDA:243,14,0,0
BRDA:310,15,0,0
BRDA:317,16,0,0
BRDA:324,17,0,0
BRDA:330,18,0,0
BRDA:337,19,0,0
BRDA:341,20,0,0
BRDA:341,21,0,0
BRDA:341,21,1,0
BRDA:345,22,0,0
BRDA:349,23,0,0
BRDA:349,23,1,0
BRDA:357,24,0,0
BRDA:357,24,1,0
BRDA:364,25,0,0
BRDA:393,26,0,0
BRDA:402,27,0,0
BRDA:402,28,0,0
BRDA:402,28,1,0
BRDA:409,29,0,0
BRDA:448,30,0,0
BRDA:455,31,0,0
BRDA:455,32,0,0
BRDA:455,32,1,0
BRDA:464,33,0,0
BRDA:464,33,1,0
BRDA:478,34,0,0
BRDA:506,35,0,0
BRF:48
BRH:0
end_of_record
TN:
SF:src\controllers\chatController.ts
FN:11,(anonymous_0)
FN:21,(anonymous_1)
FN:69,(anonymous_2)
FN:110,(anonymous_3)
FN:152,(anonymous_4)
FN:190,(anonymous_5)
FN:233,(anonymous_6)
FN:248,(anonymous_7)
FNF:8
FNH:0
FNDA:0,(anonymous_0)
FNDA:0,(anonymous_1)
FNDA:0,(anonymous_2)
FNDA:0,(anonymous_3)
FNDA:0,(anonymous_4)
FNDA:0,(anonymous_5)
FNDA:0,(anonymous_6)
FNDA:0,(anonymous_7)
DA:2,0
DA:4,0
DA:5,0
DA:6,0
DA:7,0
DA:8,0
DA:10,0
DA:12,0
DA:13,0
DA:14,0
DA:17,0
DA:20,0
DA:22,0
DA:23,0
DA:26,0
DA:27,0
DA:29,0
DA:30,0
DA:33,0
DA:34,0
DA:38,0
DA:40,0
DA:62,0
DA:64,0
DA:65,0
DA:70,0
DA:71,0
DA:72,0
DA:75,0
DA:76,0
DA:77,0
DA:80,0
DA:81,0
DA:82,0
DA:85,0
DA:86,0
DA:89,0
DA:92,0
DA:94,0
DA:101,0
DA:106,0
DA:111,0
DA:112,0
DA:113,0
DA:116,0
DA:117,0
DA:119,0
DA:120,0
DA:124,0
DA:125,0
DA:126,0
DA:129,0
DA:130,0
DA:133,0
DA:140,0
DA:142,0
DA:148,0
DA:153,0
DA:154,0
DA:155,0
DA:158,0
DA:161,0
DA:162,0
DA:163,0
DA:169,0
DA:170,0
DA:172,0
DA:173,0
DA:177,0
DA:179,0
DA:181,0
DA:186,0
DA:191,0
DA:192,0
DA:193,0
DA:196,0
DA:199,0
DA:200,0
DA:201,0
DA:205,0
DA:206,0
DA:207,0
DA:211,0
DA:212,0
DA:216,0
DA:217,0
DA:220,0
DA:222,0
DA:224,0
DA:229,0
DA:234,0
DA:235,0
DA:236,0
DA:239,0
DA:240,0
DA:242,0
DA:243,0
DA:249,0
DA:250,0
DA:251,0
DA:254,0
DA:256,0
DA:257,0
DA:261,0
DA:262,0
DA:263,0
DA:267,0
DA:270,0
DA:277,0
DA:282,0
LF:110
LH:0
BRDA:13,0,0,0
BRDA:22,1,0,0
BRDA:22,1,1,0
BRDA:29,2,0,0
BRDA:33,3,0,0
BRDA:42,4,0,0
BRDA:42,4,1,0
BRDA:47,5,0,0
BRDA:47,5,1,0
BRDA:52,6,0,0
BRDA:52,6,1,0
BRDA:71,7,0,0
BRDA:76,8,0,0
BRDA:76,8,1,0
BRDA:77,9,0,0
BRDA:77,9,1,0
BRDA:81,10,0,0
BRDA:85,11,0,0
BRDA:85,12,0,0
BRDA:85,12,1,0
BRDA:112,13,0,0
BRDA:119,14,0,0
BRDA:125,15,0,0
BRDA:129,16,0,0
BRDA:129,17,0,0
BRDA:129,17,1,0
BRDA:154,18,0,0
BRDA:162,19,0,0
BRDA:169,20,0,0
BRDA:169,20,1,0
BRDA:192,21,0,0
BRDA:200,22,0,0
BRDA:206,23,0,0
BRDA:211,24,0,0
BRDA:211,25,0,0
BRDA:211,25,1,0
BRDA:235,26,0,0
BRDA:250,27,0,0
BRDA:256,28,0,0
BRDA:256,29,0,0
BRDA:256,29,1,0
BRDA:262,30,0,0
BRF:42
BRH:0
end_of_record
TN:
SF:src\controllers\favoriteController.ts
FN:12,(anonymous_1)
FN:50,(anonymous_2)
FN:82,(anonymous_3)
FN:105,(anonymous_4)
FNF:4
FNH:0
FNDA:0,(anonymous_1)
FNDA:0,(anonymous_2)
FNDA:0,(anonymous_3)
FNDA:0,(anonymous_4)
DA:2,0
DA:4,0
DA:7,0
DA:10,0
DA:13,0
DA:14,0
DA:15,0
DA:18,0
DA:22,0
DA:23,0
DA:30,0
DA:35,0
DA:41,0
DA:42,0
DA:51,0
DA:52,0
DA:53,0
DA:55,0
DA:59,0
DA:60,0
DA:66,0
DA:68,0
DA:73,0
DA:74,0
DA:83,0
DA:84,0
DA:86,0
DA:91,0
DA:96,0
DA:97,0
DA:106,0
DA:107,0
DA:108,0
DA:110,0
DA:114,0
DA:119,0
DA:120,0
DA:128,0
LF:38
LH:0
BRDA:22,0,0,0
BRDA:41,1,0,0
BRDA:41,1,1,0
BRDA:59,2,0,0
BRDA:73,3,0,0
BRDA:73,3,1,0
BRDA:96,4,0,0
BRDA:96,4,1,0
BRDA:119,5,0,0
BRDA:119,5,1,0
BRF:10
BRH:0
end_of_record
TN:
SF:src\controllers\imageController.ts
FN:15,(anonymous_1)
FN:35,(anonymous_2)
FN:52,(anonymous_3)
FN:55,(anonymous_4)
FN:79,(anonymous_5)
FNF:5
FNH:0
FNDA:0,(anonymous_1)
FNDA:0,(anonymous_2)
FNDA:0,(anonymous_3)
FNDA:0,(anonymous_4)
FNDA:0,(anonymous_5)
DA:2,0
DA:3,0
DA:5,0
DA:9,0
DA:10,0
DA:16,0
DA:23,0
DA:24,0
DA:25,0
DA:28,0
DA:32,0
DA:34,0
DA:36,0
DA:37,0
DA:38,0
DA:42,0
DA:43,0
DA:46,0
DA:47,0
DA:50,0
DA:51,0
DA:52,0
DA:54,0
DA:55,0
DA:59,0
DA:69,0
DA:74,0
DA:75,0
DA:80,0
DA:81,0
DA:82,0
DA:85,0
DA:87,0
DA:88,0
DA:91,0
DA:93,0
DA:97,0
DA:98,0
LF:38
LH:0
BRDA:23,0,0,0
BRDA:37,1,0,0
BRDA:42,2,0,0
BRDA:50,3,0,0
BRDA:50,3,1,0
BRDA:51,4,0,0
BRDA:51,4,1,0
BRDA:54,5,0,0
BRDA:54,5,1,0
BRDA:75,6,0,0
BRDA:75,6,1,0
BRDA:81,7,0,0
BRDA:87,8,0,0
BRDA:98,9,0,0
BRDA:98,9,1,0
BRF:15
BRH:0
end_of_record
TN:
SF:src\controllers\mapController.ts
FN:8,(anonymous_0)
FN:24,(anonymous_1)
FN:49,(anonymous_2)
FN:82,(anonymous_3)
FN:125,(anonymous_4)
FN:170,(anonymous_5)
FN:206,calculateDistance
FN:225,toRad
FNF:8
FNH:0
FNDA:0,(anonymous_0)
FNDA:0,(anonymous_1)
FNDA:0,(anonymous_2)
FNDA:0,(anonymous_3)
FNDA:0,(anonymous_4)
FNDA:0,(anonymous_5)
FNDA:0,calculateDistance
FNDA:0,toRad
DA:2,0
DA:3,0
DA:4,0
DA:7,0
DA:9,0
DA:10,0
DA:12,0
DA:13,0
DA:16,0
DA:17,0
DA:19,0
DA:20,0
DA:25,0
DA:26,0
DA:28,0
DA:29,0
DA:32,0
DA:37,0
DA:38,0
DA:40,0
DA:45,0
DA:50,0
DA:51,0
DA:53,0
DA:54,0
DA:59,0
DA:64,0
DA:70,0
DA:72,0
DA:78,0
DA:83,0
DA:88,0
DA:93,0
DA:94,0
DA:95,0
DA:96,0
DA:101,0
DA:104,0
DA:105,0
DA:106,0
DA:107,0
DA:112,0
DA:115,0
DA:117,0
DA:118,0
DA:120,0
DA:121,0
DA:126,0
DA:127,0
DA:129,0
DA:130,0
DA:135,0
DA:140,0
DA:144,0
DA:145,0
DA:147,0
DA:157,0
DA:167,0
DA:170,0
DA:171,0
DA:173,0
DA:181,0
DA:183,0
DA:186,0
DA:191,0
DA:197,0
DA:212,0
DA:213,0
DA:214,0
DA:217,0
DA:221,0
DA:222,0
DA:226,0
LF:73
LH:0
BRDA:12,0,0,0
BRDA:12,1,0,0
BRDA:12,1,1,0
BRDA:20,2,0,0
BRDA:20,2,1,0
BRDA:28,3,0,0
BRDA:28,4,0,0
BRDA:28,4,1,0
BRDA:45,5,0,0
BRDA:45,5,1,0
BRDA:53,6,0,0
BRDA:53,7,0,0
BRDA:53,7,1,0
BRDA:53,7,2,0
BRDA:67,8,0,0
BRDA:67,8,1,0
BRDA:78,9,0,0
BRDA:78,9,1,0
BRDA:93,10,0,0
BRDA:93,10,1,0
BRDA:95,11,0,0
BRDA:95,11,1,0
BRDA:95,12,0,0
BRDA:95,12,1,0
BRDA:104,13,0,0
BRDA:104,13,1,0
BRDA:106,14,0,0
BRDA:106,14,1,0
BRDA:106,15,0,0
BRDA:106,15,1,0
BRDA:115,16,0,0
BRDA:115,16,1,0
BRDA:121,17,0,0
BRDA:121,17,1,0
BRDA:129,18,0,0
BRDA:129,19,0,0
BRDA:129,19,1,0
BRDA:129,19,2,0
BRDA:167,20,0,0
BRDA:171,21,0,0
BRDA:171,22,0,0
BRDA:171,22,1,0
BRDA:197,23,0,0
BRDA:197,23,1,0
BRF:44
BRH:0
end_of_record
TN:
SF:src\controllers\notificationController.ts
FN:7,(anonymous_0)
FN:45,(anonymous_1)
FN:73,(anonymous_2)
FN:102,(anonymous_3)
FN:119,(anonymous_4)
FN:148,(anonymous_5)
FNF:6
FNH:0
FNDA:0,(anonymous_0)
FNDA:0,(anonymous_1)
FNDA:0,(anonymous_2)
FNDA:0,(anonymous_3)
FNDA:0,(anonymous_4)
FNDA:0,(anonymous_5)
DA:2,0
DA:4,0
DA:6,0
DA:8,0
DA:9,0
DA:10,0
DA:13,0
DA:14,0
DA:15,0
DA:17,0
DA:27,0
DA:29,0
DA:36,0
DA:41,0
DA:46,0
DA:47,0
DA:48,0
DA:51,0
DA:52,0
DA:54,0
DA:55,0
DA:58,0
DA:59,0
DA:62,0
DA:64,0
DA:69,0
DA:74,0
DA:75,0
DA:76,0
DA:79,0
DA:80,0
DA:82,0
DA:83,0
DA:86,0
DA:87,0
DA:90,0
DA:91,0
DA:93,0
DA:98,0
DA:103,0
DA:104,0
DA:105,0
DA:108,0
DA:109,0
DA:111,0
DA:115,0
DA:120,0
DA:121,0
DA:122,0
DA:125,0
DA:126,0
DA:128,0
DA:129,0
DA:132,0
DA:133,0
DA:136,0
DA:137,0
DA:139,0
DA:144,0
DA:149,0
DA:150,0
DA:151,0
DA:154,0
DA:155,0
DA:157,0
DA:161,0
LF:66
LH:0
BRDA:9,0,0,0
BRDA:13,1,0,0
BRDA:13,2,0,0
BRDA:22,3,0,0
BRDA:22,3,1,0
BRDA:22,4,0,0
BRDA:22,4,1,0
BRDA:27,5,0,0
BRDA:47,6,0,0
BRDA:54,7,0,0
BRDA:58,8,0,0
BRDA:75,9,0,0
BRDA:82,10,0,0
BRDA:86,11,0,0
BRDA:104,12,0,0
BRDA:121,13,0,0
BRDA:128,14,0,0
BRDA:132,15,0,0
BRDA:150,16,0,0
BRF:19
BRH:0
end_of_record
TN:
SF:src\controllers\propertyController.ts
FN:9,(anonymous_0)
FN:66,(anonymous_1)
FN:120,(anonymous_2)
FN:140,(anonymous_3)
FN:175,(anonymous_4)
FN:205,(anonymous_5)
FN:241,(anonymous_6)
FN:278,(anonymous_7)
FN:296,(anonymous_8)
FN:315,(anonymous_9)
FN:333,(anonymous_10)
FNF:11
FNH:0
FNDA:0,(anonymous_0)
FNDA:0,(anonymous_1)
FNDA:0,(anonymous_2)
FNDA:0,(anonymous_3)
FNDA:0,(anonymous_4)
FNDA:0,(anonymous_5)
FNDA:0,(anonymous_6)
FNDA:0,(anonymous_7)
FNDA:0,(anonymous_8)
FNDA:0,(anonymous_9)
FNDA:0,(anonymous_10)
DA:2,0
DA:4,0
DA:5,0
DA:7,0
DA:10,0
DA:11,0
DA:12,0
DA:15,0
DA:16,0
DA:32,0
DA:34,0
DA:50,0
DA:52,0
DA:53,0
DA:55,0
DA:60,0
DA:67,0
DA:79,0
DA:81,0
DA:82,0
DA:84,0
DA:102,0
DA:104,0
DA:111,0
DA:115,0
DA:121,0
DA:122,0
DA:123,0
DA:125,0
DA:126,0
DA:129,0
DA:131,0
DA:135,0
DA:141,0
DA:142,0
DA:143,0
DA:146,0
DA:147,0
DA:149,0
DA:150,0
DA:153,0
DA:154,0
DA:157,0
DA:158,0
DA:160,0
DA:161,0
DA:163,0
DA:169,0
DA:176,0
DA:177,0
DA:178,0
DA:181,0
DA:182,0
DA:184,0
DA:185,0
DA:188,0
DA:189,0
DA:192,0
DA:193,0
DA:195,0
DA:200,0
DA:206,0
DA:207,0
DA:208,0
DA:211,0
DA:212,0
DA:213,0
DA:215,0
DA:223,0
DA:225,0
DA:232,0
DA:236,0
DA:242,0
DA:243,0
DA:244,0
DA:247,0
DA:248,0
DA:250,0
DA:251,0
DA:254,0
DA:256,0
DA:257,0
DA:260,0
DA:261,0
DA:264,0
DA:265,0
DA:267,0
DA:273,0
DA:279,0
DA:280,0
DA:281,0
DA:284,0
DA:285,0
DA:287,0
DA:288,0
DA:291,0
DA:292,0
DA:296,0
DA:297,0
DA:298,0
DA:301,0
DA:302,0
DA:304,0
DA:310,0
DA:316,0
DA:317,0
DA:318,0
DA:321,0
DA:322,0
DA:324,0
DA:325,0
DA:328,0
DA:329,0
DA:333,0
DA:334,0
DA:335,0
DA:338,0
DA:339,0
DA:341,0
DA:347,0
LF:120
LH:0
BRDA:11,0,0,0
BRDA:15,1,0,0
BRDA:45,2,0,0
BRDA:45,2,1,0
BRDA:46,3,0,0
BRDA:46,3,1,0
BRDA:52,4,0,0
BRDA:52,4,1,0
BRDA:77,5,0,0
BRDA:78,6,0,0
BRDA:90,7,0,0
BRDA:90,7,1,0
BRDA:91,8,0,0
BRDA:91,8,1,0
BRDA:92,9,0,0
BRDA:92,9,1,0
BRDA:93,10,0,0
BRDA:93,10,1,0
BRDA:94,11,0,0
BRDA:94,11,1,0
BRDA:95,12,0,0
BRDA:95,12,1,0
BRDA:95,13,0,0
BRDA:95,13,1,0
BRDA:102,14,0,0
BRDA:125,15,0,0
BRDA:142,16,0,0
BRDA:149,17,0,0
BRDA:153,18,0,0
BRDA:153,19,0,0
BRDA:153,19,1,0
BRDA:160,20,0,0
BRDA:160,20,1,0
BRDA:177,21,0,0
BRDA:184,22,0,0
BRDA:188,23,0,0
BRDA:188,24,0,0
BRDA:188,24,1,0
BRDA:207,25,0,0
BRDA:211,26,0,0
BRDA:211,27,0,0
BRDA:223,28,0,0
BRDA:243,29,0,0
BRDA:250,30,0,0
BRDA:250,31,0,0
BRDA:250,31,1,0
BRDA:250,31,2,0
BRDA:256,32,0,0
BRDA:260,33,0,0
BRDA:260,34,0,0
BRDA:260,34,1,0
BRDA:280,35,0,0
BRDA:287,36,0,0
BRDA:291,37,0,0
BRDA:291,38,0,0
BRDA:291,38,1,0
BRDA:297,39,0,0
BRDA:317,40,0,0
BRDA:324,41,0,0
BRDA:328,42,0,0
BRDA:328,43,0,0
BRDA:328,43,1,0
BRDA:334,44,0,0
BRF:63
BRH:0
end_of_record
TN:
SF:src\controllers\reviewController.ts
FN:13,(anonymous_0)
FN:60,(anonymous_1)
FN:89,(anonymous_2)
FN:123,(anonymous_3)
FN:145,(anonymous_4)
FN:193,(anonymous_5)
FN:245,(anonymous_6)
FN:291,(anonymous_7)
FNF:8
FNH:0
FNDA:0,(anonymous_0)
FNDA:0,(anonymous_1)
FNDA:0,(anonymous_2)
FNDA:0,(anonymous_3)
FNDA:0,(anonymous_4)
FNDA:0,(anonymous_5)
FNDA:0,(anonymous_6)
FNDA:0,(anonymous_7)
DA:2,0
DA:3,0
DA:9,0
DA:14,0
DA:15,0
DA:16,0
DA:19,0
DA:20,0
DA:21,0
DA:28,0
DA:36,0
DA:39,0
DA:41,0
DA:48,0
DA:49,0
DA:61,0
DA:62,0
DA:63,0
DA:65,0
DA:66,0
DA:72,0
DA:77,0
DA:78,0
DA:90,0
DA:91,0
DA:92,0
DA:94,0
DA:101,0
DA:102,0
DA:104,0
DA:111,0
DA:112,0
DA:124,0
DA:125,0
DA:126,0
DA:128,0
DA:133,0
DA:134,0
DA:146,0
DA:147,0
DA:148,0
DA:149,0
DA:152,0
DA:153,0
DA:154,0
DA:161,0
DA:162,0
DA:169,0
DA:172,0
DA:174,0
DA:181,0
DA:182,0
DA:194,0
DA:195,0
DA:196,0
DA:197,0
DA:200,0
DA:201,0
DA:202,0
DA:209,0
DA:210,0
DA:211,0
DA:217,0
DA:218,0
DA:225,0
DA:227,0
DA:233,0
DA:234,0
DA:246,0
DA:247,0
DA:248,0
DA:251,0
DA:252,0
DA:253,0
DA:260,0
DA:261,0
DA:268,0
DA:271,0
DA:273,0
DA:279,0
DA:280,0
DA:292,0
DA:293,0
DA:294,0
DA:295,0
DA:298,0
DA:299,0
DA:306,0
DA:307,0
DA:308,0
DA:315,0
DA:318,0
DA:320,0
DA:327,0
DA:328,0
LF:95
LH:0
BRDA:20,0,0,0
BRDA:52,1,0,0
BRDA:52,1,1,0
BRDA:65,2,0,0
BRDA:81,3,0,0
BRDA:81,3,1,0
BRDA:95,4,0,0
BRDA:95,4,1,0
BRDA:96,5,0,0
BRDA:96,5,1,0
BRDA:115,6,0,0
BRDA:115,6,1,0
BRDA:137,7,0,0
BRDA:137,7,1,0
BRDA:153,8,0,0
BRDA:161,9,0,0
BRDA:185,10,0,0
BRDA:185,10,1,0
BRDA:201,11,0,0
BRDA:210,12,0,0
BRDA:217,13,0,0
BRDA:217,14,0,0
BRDA:217,14,1,0
BRDA:237,15,0,0
BRDA:237,15,1,0
BRDA:252,16,0,0
BRDA:260,17,0,0
BRDA:260,18,0,0
BRDA:260,18,1,0
BRDA:283,19,0,0
BRDA:283,19,1,0
BRDA:298,20,0,0
BRDA:307,21,0,0
BRDA:324,22,0,0
BRDA:324,22,1,0
BRDA:331,23,0,0
BRDA:331,23,1,0
BRF:37
BRH:0
end_of_record
TN:
SF:src\controllers\userController.ts
FN:18,(anonymous_0)
FN:42,(anonymous_1)
FN:86,(anonymous_2)
FN:106,(anonymous_3)
FN:143,(anonymous_4)
FNF:5
FNH:0
FNDA:0,(anonymous_0)
FNDA:0,(anonymous_1)
FNDA:0,(anonymous_2)
FNDA:0,(anonymous_3)
FNDA:0,(anonymous_4)
DA:2,0
DA:5,0
DA:6,0
DA:9,0
DA:14,0
DA:19,0
DA:20,0
DA:21,0
DA:24,0
DA:25,0
DA:26,0
DA:29,0
DA:31,0
DA:32,0
DA:43,0
DA:44,0
DA:45,0
DA:48,0
DA:55,0
DA:58,0
DA:67,0
DA:75,0
DA:76,0
DA:87,0
DA:88,0
DA:89,0
DA:92,0
DA:93,0
DA:95,0
DA:96,0
DA:107,0
DA:108,0
DA:109,0
DA:112,0
DA:113,0
DA:114,0
DA:116,0
DA:123,0
DA:125,0
DA:135,0
DA:136,0
DA:144,0
DA:145,0
DA:146,0
DA:149,0
DA:150,0
DA:152,0
DA:153,0
DA:156,0
DA:157,0
DA:159,0
DA:165,0
DA:170,0
LF:53
LH:0
BRDA:20,0,0,0
BRDA:25,1,0,0
BRDA:31,2,0,0
BRDA:31,2,1,0
BRDA:44,3,0,0
BRDA:75,4,0,0
BRDA:75,4,1,0
BRDA:88,5,0,0
BRDA:95,6,0,0
BRDA:95,6,1,0
BRDA:108,7,0,0
BRDA:108,8,0,0
BRDA:108,8,1,0
BRDA:112,9,0,0
BRDA:112,10,0,0
BRDA:123,11,0,0
BRDA:135,12,0,0
BRDA:135,12,1,0
BRDA:145,13,0,0
BRDA:145,14,0,0
BRDA:145,14,1,0
BRDA:152,15,0,0
BRF:22
BRH:0
end_of_record
TN:
SF:src\database\connection.ts
FN:15,(anonymous_0)
FN:36,(anonymous_1)
FNF:2
FNH:0
FNDA:0,(anonymous_0)
FNDA:0,(anonymous_1)
DA:1,0
DA:2,0
DA:3,0
DA:5,0
DA:8,0
DA:15,0
DA:36,0
DA:37,0
DA:38,0
DA:39,0
DA:42,0
DA:43,0
DA:44,0
DA:45,0
DA:48,0
DA:49,0
DA:53,0
LF:17
LH:0
BRDA:10,0,0,0
BRDA:10,0,1,0
BRDA:15,1,0,0
BRDA:15,1,1,0
BRDA:17,2,0,0
BRDA:17,2,1,0
BRDA:42,3,0,0
BRDA:42,4,0,0
BRDA:42,4,1,0
BRF:9
BRH:0
end_of_record
TN:
SF:src\database\test-connection.js
FN:39,testConnection
FN:63,(anonymous_1)
FNF:2
FNH:0
FNDA:0,testConnection
FNDA:0,(anonymous_1)
DA:1,0
DA:2,0
DA:5,0
DA:8,0
DA:17,0
DA:29,0
DA:30,0
DA:31,0
DA:32,0
DA:33,0
DA:34,0
DA:37,0
DA:40,0
DA:42,0
DA:44,0
DA:45,0
DA:48,0
DA:49,0
DA:52,0
DA:59,0
DA:61,0
DA:62,0
DA:63,0
DA:64,0
DA:68,0
DA:70,0
DA:71,0
DA:72,0
DA:73,0
DA:75,0
DA:79,0
DA:83,0
DA:85,0
DA:86,0
DA:88,0
DA:89,0
DA:90,0
DA:91,0
DA:92,0
DA:93,0
DA:94,0
DA:95,0
DA:99,0
DA:104,0
LF:44
LH:0
BRDA:18,0,0,0
BRDA:18,0,1,0
BRDA:19,1,0,0
BRDA:19,1,1,0
BRDA:20,2,0,0
BRDA:20,2,1,0
BRDA:21,3,0,0
BRDA:21,3,1,0
BRDA:22,4,0,0
BRDA:22,4,1,0
BRDA:23,5,0,0
BRDA:23,5,1,0
BRDA:34,6,0,0
BRDA:34,6,1,0
BRDA:61,7,0,0
BRDA:61,7,1,0
BRDA:88,8,0,0
BRDA:88,8,1,0
BRDA:91,9,0,0
BRDA:91,9,1,0
BRDA:93,10,0,0
BRDA:93,10,1,0
BRF:22
BRH:0
end_of_record
TN:
SF:src\database\test-supabase.js
FN:25,testSupabaseConnection
FN:55,(anonymous_1)
FN:74,(anonymous_2)
FNF:3
FNH:0
FNDA:0,testSupabaseConnection
FNDA:0,(anonymous_1)
FNDA:0,(anonymous_2)
DA:1,0
DA:2,0
DA:5,0
DA:8,0
DA:9,0
DA:11,0
DA:12,0
DA:13,0
DA:14,0
DA:18,0
DA:19,0
DA:20,0
DA:23,0
DA:26,0
DA:28,0
DA:30,0
DA:35,0
DA:36,0
DA:39,0
DA:40,0
DA:43,0
DA:48,0
DA:49,0
DA:51,0
DA:53,0
DA:54,0
DA:55,0
DA:56,0
DA:62,0
DA:67,0
DA:68,0
DA:70,0
DA:72,0
DA:73,0
DA:74,0
DA:75,0
DA:81,0
DA:83,0
DA:84,0
DA:85,0
DA:86,0
DA:88,0
DA:94,0
LF:43
LH:0
BRDA:9,0,0,0
BRDA:9,0,1,0
BRDA:11,1,0,0
BRDA:11,1,1,0
BRDA:11,2,0,0
BRDA:11,2,1,0
BRDA:35,3,0,0
BRDA:35,3,1,0
BRDA:48,4,0,0
BRDA:48,4,1,0
BRDA:53,5,0,0
BRDA:53,5,1,0
BRDA:56,6,0,0
BRDA:56,6,1,0
BRDA:67,7,0,0
BRDA:67,7,1,0
BRDA:72,8,0,0
BRDA:72,8,1,0
BRDA:75,9,0,0
BRDA:75,9,1,0
BRDA:83,10,0,0
BRDA:83,10,1,0
BRDA:83,11,0,0
BRDA:83,11,1,0
BRDA:85,12,0,0
BRDA:85,12,1,0
BRDA:85,13,0,0
BRDA:85,13,1,0
BRF:28
BRH:0
end_of_record
TN:
SF:src\middleware\auth.middleware.ts
FN:24,(anonymous_1)
FN:79,(anonymous_2)
FN:80,(anonymous_3)
FNF:3
FNH:0
FNDA:0,(anonymous_1)
FNDA:0,(anonymous_2)
FNDA:0,(anonymous_3)
DA:2,0
DA:3,0
DA:4,0
DA:5,0
DA:7,0
DA:24,0
DA:25,0
DA:27,0
DA:28,0
DA:29,0
DA:35,0
DA:38,0
DA:40,0
DA:41,0
DA:48,0
DA:49,0
DA:50,0
DA:57,0
DA:65,0
DA:67,0
DA:68,0
DA:79,0
DA:80,0
DA:81,0
DA:83,0
DA:84,0
DA:90,0
DA:91,0
DA:97,0
DA:101,0
LF:30
LH:0
BRDA:28,0,0,0
BRDA:28,1,0,0
BRDA:28,1,1,0
BRDA:40,2,0,0
BRDA:40,3,0,0
BRDA:40,3,1,0
BRDA:49,4,0,0
BRDA:67,5,0,0
BRDA:67,5,1,0
BRDA:83,6,0,0
BRDA:90,7,0,0
BRF:11
BRH:0
end_of_record
TN:
SF:src\middleware\auth.ts
FN:13,(anonymous_1)
FN:37,(anonymous_2)
FN:38,(anonymous_3)
FN:56,(anonymous_4)
FN:63,(anonymous_5)
FNF:5
FNH:0
FNDA:0,(anonymous_1)
FNDA:0,(anonymous_2)
FNDA:0,(anonymous_3)
FNDA:0,(anonymous_4)
FNDA:0,(anonymous_5)
DA:2,0
DA:3,0
DA:4,0
DA:5,0
DA:13,0
DA:14,0
DA:15,0
DA:17,0
DA:18,0
DA:21,0
DA:22,0
DA:24,0
DA:25,0
DA:28,0
DA:29,0
DA:31,0
DA:32,0
DA:37,0
DA:38,0
DA:39,0
DA:40,0
DA:43,0
DA:44,0
DA:50,0
DA:54,0
DA:56,0
DA:57,0
DA:63,0
DA:64,0
LF:29
LH:0
BRDA:17,0,0,0
BRDA:24,1,0,0
BRDA:39,2,0,0
BRDA:43,3,0,0
BRF:4
BRH:0
end_of_record
TN:
SF:src\middleware\errorHandler.ts
FN:10,(anonymous_0)
FN:20,(anonymous_1)
FN:58,(anonymous_2)
FNF:3
FNH:0
FNDA:0,(anonymous_0)
FNDA:0,(anonymous_1)
FNDA:0,(anonymous_2)
DA:2,0
DA:3,0
DA:5,0
DA:11,0
DA:12,0
DA:13,0
DA:14,0
DA:16,0
DA:20,0
DA:27,0
DA:29,0
DA:30,0
DA:36,0
DA:37,0
DA:44,0
DA:45,0
DA:52,0
DA:58,0
DA:59,0
DA:65,0
LF:20
LH:0
BRDA:13,0,0,0
BRDA:13,0,1,0
BRDA:29,1,0,0
BRDA:36,2,0,0
BRDA:44,3,0,0
BRF:5
BRH:0
end_of_record
TN:
SF:src\middleware\logger.ts
FN:4,(anonymous_0)
FN:18,(anonymous_1)
FN:26,(anonymous_2)
FNF:3
FNH:0
FNDA:0,(anonymous_0)
FNDA:0,(anonymous_1)
FNDA:0,(anonymous_2)
DA:2,0
DA:4,0
DA:5,0
DA:8,0
DA:18,0
DA:19,0
DA:20,0
DA:23,0
DA:26,0
DA:27,0
DA:28,0
LF:11
LH:0
BRF:0
BRH:0
end_of_record
TN:
SF:src\middleware\validation.middleware.ts
FN:12,(anonymous_0)
FN:13,(anonymous_1)
FN:20,(anonymous_2)
FN:25,(anonymous_3)
FN:43,(anonymous_4)
FN:44,(anonymous_5)
FN:51,(anonymous_6)
FN:56,(anonymous_7)
FN:74,(anonymous_8)
FN:75,(anonymous_9)
FN:82,(anonymous_10)
FN:87,(anonymous_11)
FN:106,(anonymous_12)
FN:107,(anonymous_13)
FNF:14
FNH:0
FNDA:0,(anonymous_0)
FNDA:0,(anonymous_1)
FNDA:0,(anonymous_2)
FNDA:0,(anonymous_3)
FNDA:0,(anonymous_4)
FNDA:0,(anonymous_5)
FNDA:0,(anonymous_6)
FNDA:0,(anonymous_7)
FNDA:0,(anonymous_8)
FNDA:0,(anonymous_9)
FNDA:0,(anonymous_10)
FNDA:0,(anonymous_11)
FNDA:0,(anonymous_12)
FNDA:0,(anonymous_13)
DA:3,0
DA:4,0
DA:6,0
DA:12,0
DA:13,0
DA:14,0
DA:19,0
DA:20,0
DA:21,0
DA:23,0
DA:25,0
DA:30,0
DA:34,0
DA:35,0
DA:43,0
DA:44,0
DA:45,0
DA:50,0
DA:51,0
DA:52,0
DA:54,0
DA:56,0
DA:61,0
DA:65,0
DA:66,0
DA:74,0
DA:75,0
DA:76,0
DA:81,0
DA:82,0
DA:83,0
DA:85,0
DA:87,0
DA:92,0
DA:96,0
DA:97,0
DA:106,0
DA:107,0
DA:109,0
DA:110,0
DA:111,0
DA:115,0
DA:118,0
DA:119,0
DA:123,0
DA:126,0
DA:134,0
LF:47
LH:0
BRDA:19,0,0,0
BRDA:50,1,0,0
BRDA:81,2,0,0
BRDA:111,3,0,0
BRDA:118,4,0,0
BRF:5
BRH:0
end_of_record
TN:
SF:src\middleware\validation.ts
FN:4,(anonymous_0)
FN:5,(anonymous_1)
FN:13,(anonymous_2)
FN:24,(anonymous_3)
FN:25,(anonymous_4)
FN:33,(anonymous_5)
FN:44,(anonymous_6)
FN:45,(anonymous_7)
FN:53,(anonymous_8)
FNF:9
FNH:0
FNDA:0,(anonymous_0)
FNDA:0,(anonymous_1)
FNDA:0,(anonymous_2)
FNDA:0,(anonymous_3)
FNDA:0,(anonymous_4)
FNDA:0,(anonymous_5)
FNDA:0,(anonymous_6)
FNDA:0,(anonymous_7)
FNDA:0,(anonymous_8)
DA:2,0
DA:4,0
DA:5,0
DA:6,0
DA:7,0
DA:12,0
DA:13,0
DA:14,0
DA:17,0
DA:19,0
DA:24,0
DA:25,0
DA:26,0
DA:27,0
DA:32,0
DA:33,0
DA:34,0
DA:37,0
DA:39,0
DA:44,0
DA:45,0
DA:46,0
DA:47,0
DA:52,0
DA:53,0
DA:54,0
DA:57,0
DA:59,0
LF:28
LH:0
BRDA:12,0,0,0
BRDA:32,1,0,0
BRDA:52,2,0,0
BRF:3
BRH:0
end_of_record
TN:
SF:src\models\Favorite.ts
FNF:0
FNH:0
DA:1,0
DA:9,0
DA:28,0
DA:30,0
LF:4
LH:0
BRF:0
BRH:0
end_of_record
TN:
SF:src\models\Property.ts
FN:35,(anonymous_0)
FN:45,(anonymous_1)
FN:61,(anonymous_2)
FN:93,(anonymous_3)
FN:178,(anonymous_4)
FN:200,(anonymous_5)
FN:218,(anonymous_6)
FN:228,(anonymous_7)
FN:230,(anonymous_8)
FN:245,(anonymous_9)
FN:254,(anonymous_10)
FNF:11
FNH:0
FNDA:0,(anonymous_0)
FNDA:0,(anonymous_1)
FNDA:0,(anonymous_2)
FNDA:0,(anonymous_3)
FNDA:0,(anonymous_4)
FNDA:0,(anonymous_5)
FNDA:0,(anonymous_6)
FNDA:0,(anonymous_7)
FNDA:0,(anonymous_8)
FNDA:0,(anonymous_9)
FNDA:0,(anonymous_10)
DA:1,0
DA:31,0
DA:32,0
DA:34,0
DA:36,0
DA:42,0
DA:44,0
DA:45,0
DA:51,0
DA:55,0
DA:58,0
DA:63,0
DA:64,0
DA:65,0
DA:69,0
DA:80,0
DA:83,0
DA:84,0
DA:90,0
DA:113,0
DA:114,0
DA:116,0
DA:117,0
DA:120,0
DA:128,0
DA:129,0
DA:131,0
DA:132,0
DA:134,0
DA:135,0
DA:137,0
DA:138,0
DA:140,0
DA:141,0
DA:143,0
DA:144,0
DA:146,0
DA:147,0
DA:149,0
DA:150,0
DA:152,0
DA:153,0
DA:156,0
DA:157,0
DA:160,0
DA:163,0
DA:170,0
DA:175,0
DA:179,0
DA:186,0
DA:189,0
DA:191,0
DA:192,0
DA:193,0
DA:197,0
DA:201,0
DA:206,0
DA:209,0
DA:211,0
DA:212,0
DA:213,0
DA:219,0
DA:220,0
DA:223,0
DA:228,0
DA:230,0
DA:236,0
DA:241,0
DA:242,0
DA:246,0
DA:251,0
DA:255,0
DA:260,0
DA:262,0
DA:267,0
LF:75
LH:0
BRDA:42,0,0,0
BRDA:44,1,0,0
BRDA:44,2,0,0
BRDA:44,2,1,0
BRDA:55,3,0,0
BRDA:64,4,0,0
BRDA:64,5,0,0
BRDA:64,5,1,0
BRDA:80,6,0,0
BRDA:83,7,0,0
BRDA:96,8,0,0
BRDA:116,9,0,0
BRDA:116,10,0,0
BRDA:116,10,1,0
BRDA:128,11,0,0
BRDA:131,12,0,0
BRDA:134,13,0,0
BRDA:137,14,0,0
BRDA:140,15,0,0
BRDA:143,16,0,0
BRDA:146,17,0,0
BRDA:149,18,0,0
BRDA:152,19,0,0
BRDA:152,20,0,0
BRDA:152,20,1,0
BRDA:156,21,0,0
BRDA:156,22,0,0
BRDA:156,22,1,0
BRDA:164,23,0,0
BRDA:164,23,1,0
BRDA:166,24,0,0
BRDA:166,24,1,0
BRDA:186,25,0,0
BRDA:192,26,0,0
BRDA:206,27,0,0
BRDA:212,28,0,0
BRDA:219,29,0,0
BRDA:219,30,0,0
BRDA:219,30,1,0
BRDA:228,31,0,0
BRDA:228,31,1,0
BRDA:233,32,0,0
BRDA:233,32,1,0
BRDA:241,33,0,0
BRDA:251,34,0,0
BRDA:260,35,0,0
BRDA:267,36,0,0
BRF:47
BRH:0
end_of_record
TN:
SF:src\models\User.ts
FN:16,(anonymous_1)
FN:27,(anonymous_2)
FN:38,(anonymous_3)
FN:54,(anonymous_4)
FN:71,(anonymous_5)
FN:80,(anonymous_6)
FNF:6
FNH:0
FNDA:0,(anonymous_1)
FNDA:0,(anonymous_2)
FNDA:0,(anonymous_3)
FNDA:0,(anonymous_4)
FNDA:0,(anonymous_5)
FNDA:0,(anonymous_6)
DA:1,0
DA:2,0
DA:15,0
DA:17,0
DA:23,0
DA:24,0
DA:28,0
DA:34,0
DA:35,0
DA:39,0
DA:40,0
DA:41,0
DA:44,0
DA:50,0
DA:51,0
DA:55,0
DA:56,0
DA:57,0
DA:60,0
DA:67,0
DA:68,0
DA:72,0
DA:77,0
DA:81,0
LF:24
LH:0
BRDA:23,0,0,0
BRDA:34,1,0,0
BRDA:34,2,0,0
BRDA:34,2,1,0
BRDA:35,3,0,0
BRDA:35,3,1,0
BRDA:39,4,0,0
BRDA:50,5,0,0
BRDA:55,6,0,0
BRDA:67,7,0,0
BRDA:77,8,0,0
BRF:11
BRH:0
end_of_record
TN:
SF:src\models\user.model.ts
FN:6,(anonymous_1)
FN:13,(anonymous_2)
FN:65,(anonymous_3)
FN:70,(anonymous_4)
FN:75,(anonymous_5)
FN:180,(anonymous_6)
FN:185,(anonymous_7)
FNF:7
FNH:0
FNDA:0,(anonymous_1)
FNDA:0,(anonymous_2)
FNDA:0,(anonymous_3)
FNDA:0,(anonymous_4)
FNDA:0,(anonymous_5)
FNDA:0,(anonymous_6)
FNDA:0,(anonymous_7)
DA:1,0
DA:2,0
DA:3,0
DA:6,0
DA:7,0
DA:8,0
DA:9,0
DA:13,0
DA:14,0
DA:15,0
DA:16,0
DA:17,0
DA:66,0
DA:71,0
DA:82,0
DA:84,0
DA:89,0
DA:181,0
DA:182,0
DA:186,0
DA:187,0
DA:193,0
LF:22
LH:0
BRDA:6,0,0,0
BRDA:6,0,1,0
BRDA:13,1,0,0
BRDA:13,1,1,0
BRDA:181,2,0,0
BRDA:186,3,0,0
BRDA:186,4,0,0
BRDA:186,4,1,0
BRF:8
BRH:0
end_of_record
TN:
SF:src\routes\adminRoutes.ts
FNF:0
FNH:0
DA:1,0
DA:2,0
DA:3,0
DA:4,0
DA:5,0
DA:7,0
DA:10,0
DA:13,0
DA:14,0
DA:15,0
DA:18,0
DA:21,0
DA:22,0
DA:23,0
DA:25,0
LF:15
LH:0
BRF:0
BRH:0
end_of_record
TN:
SF:src\routes\auth.routes.ts
FNF:0
FNH:0
DA:1,0
DA:2,0
DA:3,0
DA:4,0
DA:12,0
DA:14,0
DA:21,0
DA:32,0
DA:43,0
DA:54,0
DA:65,0
DA:76,0
DA:87,0
DA:93,0
LF:14
LH:0
BRF:0
BRH:0
end_of_record
TN:
SF:src\routes\auth.ts
FNF:0
FNH:0
DA:1,0
DA:2,0
DA:3,0
DA:4,0
DA:5,0
DA:7,0
DA:10,0
DA:11,0
DA:12,0
DA:15,0
DA:17,0
LF:11
LH:0
BRF:0
BRH:0
end_of_record
TN:
SF:src\routes\authRoutes.ts
FNF:0
FNH:0
DA:1,0
DA:2,0
DA:3,0
DA:4,0
DA:6,0
DA:9,0
DA:10,0
DA:11,0
DA:14,0
DA:17,0
DA:20,0
DA:21,0
DA:24,0
DA:27,0
DA:28,0
DA:30,0
LF:16
LH:0
BRF:0
BRH:0
end_of_record
TN:
SF:src\routes\bookingRoutes.ts
FN:10,(anonymous_1)
FN:13,(anonymous_2)
FN:16,(anonymous_3)
FN:19,(anonymous_4)
FN:22,(anonymous_5)
FN:25,(anonymous_6)
FN:28,(anonymous_7)
FN:31,(anonymous_8)
FN:40,(anonymous_9)
FN:43,(anonymous_10)
FN:46,(anonymous_11)
FN:49,(anonymous_12)
FN:55,(anonymous_13)
FN:55,(anonymous_14)
FNF:14
FNH:0
FNDA:0,(anonymous_1)
FNDA:0,(anonymous_2)
FNDA:0,(anonymous_3)
FNDA:0,(anonymous_4)
FNDA:0,(anonymous_5)
FNDA:0,(anonymous_6)
FNDA:0,(anonymous_7)
FNDA:0,(anonymous_8)
FNDA:0,(anonymous_9)
FNDA:0,(anonymous_10)
FNDA:0,(anonymous_11)
FNDA:0,(anonymous_12)
FNDA:0,(anonymous_13)
FNDA:0,(anonymous_14)
DA:1,0
DA:2,0
DA:3,0
DA:4,0
DA:6,0
DA:9,0
DA:11,0
DA:14,0
DA:17,0
DA:20,0
DA:23,0
DA:26,0
DA:29,0
DA:32,0
DA:41,0
DA:44,0
DA:47,0
DA:50,0
DA:55,0
DA:58,0
DA:59,0
DA:60,0
DA:61,0
DA:62,0
DA:63,0
DA:66,0
DA:69,0
DA:72,0
DA:73,0
DA:74,0
DA:75,0
DA:77,0
LF:32
LH:0
BRF:0
BRH:0
end_of_record
TN:
SF:src\routes\chatRoutes.ts
FNF:0
FNH:0
DA:1,0
DA:2,0
DA:3,0
DA:4,0
DA:5,0
DA:7,0
DA:10,0
DA:13,0
DA:16,0
DA:19,0
DA:22,0
DA:25,0
DA:26,0
DA:29,0
DA:31,0
LF:15
LH:0
BRF:0
BRH:0
end_of_record
TN:
SF:src\routes\favoriteRoutes.ts
FNF:0
FNH:0
DA:1,0
DA:2,0
DA:3,0
DA:5,0
DA:8,0
DA:9,0
DA:10,0
DA:11,0
DA:13,0
LF:9
LH:0
BRF:0
BRH:0
end_of_record
TN:
SF:src\routes\imageRoutes.ts
FNF:0
FNH:0
DA:1,0
DA:2,0
DA:3,0
DA:5,0
DA:8,0
DA:11,0
DA:14,0
DA:16,0
LF:8
LH:0
BRF:0
BRH:0
end_of_record
TN:
SF:src\routes\index.ts
FNF:0
FNH:0
DA:1,0
DA:2,0
DA:3,0
DA:4,0
DA:5,0
DA:6,0
DA:7,0
DA:8,0
DA:9,0
DA:10,0
DA:11,0
DA:12,0
DA:15,0
DA:18,0
DA:21,0
DA:24,0
DA:27,0
DA:30,0
DA:33,0
DA:36,0
DA:39,0
DA:42,0
DA:45,0
DA:48,0
DA:55,0
LF:25
LH:0
BRF:0
BRH:0
end_of_record
TN:
SF:src\routes\mapRoutes.ts
FNF:0
FNH:0
DA:1,0
DA:2,0
DA:3,0
DA:5,0
DA:8,0
DA:9,0
DA:10,0
DA:13,0
DA:14,0
DA:16,0
LF:10
LH:0
BRF:0
BRH:0
end_of_record
TN:
SF:src\routes\notificationRoutes.ts
FNF:0
FNH:0
DA:1,0
DA:2,0
DA:3,0
DA:4,0
DA:5,0
DA:7,0
DA:10,0
DA:13,0
DA:16,0
DA:19,0
DA:22,0
DA:25,0
DA:28,0
DA:30,0
LF:14
LH:0
BRF:0
BRH:0
end_of_record
TN:
SF:src\routes\propertyRoutes.ts
FNF:0
FNH:0
DA:1,0
DA:2,0
DA:3,0
DA:4,0
DA:5,0
DA:7,0
DA:10,0
DA:11,0
DA:15,0
DA:16,0
DA:17,0
DA:18,0
DA:21,0
DA:22,0
DA:23,0
DA:25,0
LF:16
LH:0
BRF:0
BRH:0
end_of_record
TN:
SF:src\routes\reviewRoutes.ts
FNF:0
FNH:0
DA:1,0
DA:2,0
DA:3,0
DA:4,0
DA:5,0
DA:7,0
DA:10,0
DA:11,0
DA:12,0
DA:13,0
DA:14,0
DA:15,0
DA:16,0
DA:17,0
DA:19,0
LF:15
LH:0
BRF:0
BRH:0
end_of_record
TN:
SF:src\routes\userRoutes.ts
FN:10,(anonymous_1)
FN:21,(anonymous_2)
FN:24,(anonymous_3)
FN:27,(anonymous_4)
FNF:4
FNH:0
FNDA:0,(anonymous_1)
FNDA:0,(anonymous_2)
FNDA:0,(anonymous_3)
FNDA:0,(anonymous_4)
DA:1,0
DA:2,0
DA:3,0
DA:4,0
DA:5,0
DA:7,0
DA:10,0
DA:11,0
DA:15,0
DA:16,0
DA:17,0
DA:20,0
DA:21,0
DA:22,0
DA:24,0
DA:25,0
DA:27,0
DA:28,0
DA:31,0
LF:19
LH:0
BRF:0
BRH:0
end_of_record
TN:
SF:src\schemas\auth.schema.ts
FNF:0
FNH:0
DA:1,0
DA:2,0
DA:5,0
DA:51,0
DA:69,0
DA:79,0
DA:89,0
DA:101,0
LF:8
LH:0
BRF:0
BRH:0
end_of_record
TN:
SF:src\schemas\authValidation.ts
FNF:0
FNH:0
DA:1,0
DA:3,0
LF:2
LH:0
BRF:0
BRH:0
end_of_record
TN:
SF:src\schemas\validationSchemas.ts
FNF:0
FNH:0
DA:1,0
DA:2,0
DA:5,0
DA:35,0
DA:49,0
DA:93,0
DA:115,0
DA:135,0
DA:148,0
DA:155,0
DA:165,0
DA:176,0
DA:190,0
LF:13
LH:0
BRF:0
BRH:0
end_of_record
TN:
SF:src\services\apiService.ts
FN:19,(anonymous_1)
FN:27,(anonymous_2)
FN:35,(anonymous_3)
FN:51,(anonymous_4)
FN:69,(anonymous_5)
FN:74,(anonymous_6)
FN:81,(anonymous_7)
FN:86,(anonymous_8)
FN:96,(anonymous_9)
FN:101,(anonymous_10)
FN:110,(anonymous_11)
FN:120,(anonymous_12)
FN:122,(anonymous_13)
FN:126,(anonymous_14)
FN:130,(anonymous_15)
FN:142,(anonymous_16)
FN:147,(anonymous_17)
FN:153,(anonymous_18)
FN:155,(anonymous_19)
FN:161,(anonymous_20)
FN:171,(anonymous_21)
FN:179,(anonymous_22)
FNF:22
FNH:0
FNDA:0,(anonymous_1)
FNDA:0,(anonymous_2)
FNDA:0,(anonymous_3)
FNDA:0,(anonymous_4)
FNDA:0,(anonymous_5)
FNDA:0,(anonymous_6)
FNDA:0,(anonymous_7)
FNDA:0,(anonymous_8)
FNDA:0,(anonymous_9)
FNDA:0,(anonymous_10)
FNDA:0,(anonymous_11)
FNDA:0,(anonymous_12)
FNDA:0,(anonymous_13)
FNDA:0,(anonymous_14)
FNDA:0,(anonymous_15)
FNDA:0,(anonymous_16)
FNDA:0,(anonymous_17)
FNDA:0,(anonymous_18)
FNDA:0,(anonymous_19)
FNDA:0,(anonymous_20)
FNDA:0,(anonymous_21)
FNDA:0,(anonymous_22)
DA:1,0
DA:2,0
DA:3,0
DA:4,0
DA:17,0
DA:20,0
DA:21,0
DA:22,0
DA:23,0
DA:28,0
DA:29,0
DA:33,0
DA:34,0
DA:36,0
DA:37,0
DA:39,0
DA:47,0
DA:51,0
DA:52,0
DA:53,0
DA:55,0
DA:56,0
DA:57,0
DA:58,0
DA:61,0
DA:65,0
DA:66,0
DA:69,0
DA:70,0
DA:74,0
DA:75,0
DA:76,0
DA:82,0
DA:87,0
DA:96,0
DA:97,0
DA:98,0
DA:101,0
DA:103,0
DA:106,0
DA:110,0
DA:111,0
DA:116,0
DA:122,0
DA:123,0
DA:126,0
DA:127,0
DA:130,0
DA:132,0
DA:134,0
DA:142,0
DA:143,0
DA:147,0
DA:148,0
DA:155,0
DA:156,0
DA:157,0
DA:161,0
DA:162,0
DA:163,0
DA:171,0
DA:172,0
DA:173,0
DA:174,0
DA:179,0
DA:180,0
DA:183,0
DA:184,0
DA:192,0
DA:193,0
DA:194,0
DA:201,0
DA:202,0
DA:214,0
LF:74
LH:0
BRDA:19,0,0,0
BRDA:21,1,0,0
BRDA:21,1,1,0
BRDA:23,2,0,0
BRDA:23,2,1,0
BRDA:28,3,0,0
BRDA:33,4,0,0
BRDA:36,5,0,0
BRDA:36,5,1,0
BRDA:36,6,0,0
BRDA:36,6,1,0
BRDA:36,6,2,0
BRDA:55,7,0,0
BRDA:173,8,0,0
BRDA:183,9,0,0
BRDA:183,10,0,0
BRDA:183,10,1,0
BRDA:192,11,0,0
BRDA:193,12,0,0
BRDA:201,13,0,0
BRF:20
BRH:0
end_of_record
TN:
SF:src\services\auth.service.ts
FN:41,(anonymous_1)
FN:98,(anonymous_2)
FN:150,(anonymous_3)
FN:180,(anonymous_4)
FN:207,(anonymous_5)
FN:241,(anonymous_6)
FN:273,(anonymous_7)
FNF:7
FNH:0
FNDA:0,(anonymous_1)
FNDA:0,(anonymous_2)
FNDA:0,(anonymous_3)
FNDA:0,(anonymous_4)
FNDA:0,(anonymous_5)
FNDA:0,(anonymous_6)
FNDA:0,(anonymous_7)
DA:2,0
DA:3,0
DA:4,0
DA:5,0
DA:6,0
DA:8,0
DA:35,0
DA:49,0
DA:51,0
DA:52,0
DA:53,0
DA:57,0
DA:70,0
DA:76,0
DA:87,0
DA:88,0
DA:99,0
DA:101,0
DA:102,0
DA:103,0
DA:107,0
DA:108,0
DA:109,0
DA:113,0
DA:114,0
DA:118,0
DA:125,0
DA:129,0
DA:140,0
DA:141,0
DA:151,0
DA:153,0
DA:156,0
DA:157,0
DA:158,0
DA:162,0
DA:168,0
DA:170,0
DA:171,0
DA:181,0
DA:183,0
DA:184,0
DA:185,0
DA:189,0
DA:190,0
DA:191,0
DA:193,0
DA:195,0
DA:197,0
DA:198,0
DA:208,0
DA:210,0
DA:211,0
DA:213,0
DA:217,0
DA:218,0
DA:221,0
DA:228,0
DA:230,0
DA:231,0
DA:242,0
DA:244,0
DA:245,0
DA:246,0
DA:250,0
DA:251,0
DA:255,0
DA:256,0
DA:257,0
DA:259,0
DA:261,0
DA:263,0
DA:264,0
DA:275,0
DA:280,0
DA:284,0
LF:76
LH:0
BRDA:52,0,0,0
BRDA:63,1,0,0
BRDA:63,1,1,0
BRDA:87,2,0,0
BRDA:87,2,1,0
BRDA:102,3,0,0
BRDA:108,4,0,0
BRDA:113,5,0,0
BRDA:140,6,0,0
BRDA:140,6,1,0
BRDA:157,7,0,0
BRDA:170,8,0,0
BRDA:170,8,1,0
BRDA:184,9,0,0
BRDA:197,10,0,0
BRDA:197,10,1,0
BRDA:211,11,0,0
BRDA:230,12,0,0
BRDA:230,12,1,0
BRDA:245,13,0,0
BRDA:250,14,0,0
BRDA:250,15,0,0
BRDA:250,15,1,0
BRDA:263,16,0,0
BRDA:263,16,1,0
BRF:25
BRH:0
end_of_record
TN:
SF:src\services\authService.ts
FN:8,(anonymous_0)
FN:36,(anonymous_1)
FN:54,(anonymous_2)
FN:88,(anonymous_3)
FN:97,(anonymous_4)
FN:103,(anonymous_5)
FN:112,(anonymous_6)
FN:126,(anonymous_7)
FNF:8
FNH:0
FNDA:0,(anonymous_0)
FNDA:0,(anonymous_1)
FNDA:0,(anonymous_2)
FNDA:0,(anonymous_3)
FNDA:0,(anonymous_4)
FNDA:0,(anonymous_5)
FNDA:0,(anonymous_6)
FNDA:0,(anonymous_7)
DA:2,0
DA:3,0
DA:7,0
DA:14,0
DA:19,0
DA:20,0
DA:23,0
DA:30,0
DA:37,0
DA:42,0
DA:43,0
DA:45,0
DA:46,0
DA:48,0
DA:56,0
DA:62,0
DA:63,0
DA:66,0
DA:69,0
DA:70,0
DA:82,0
DA:89,0
DA:93,0
DA:94,0
DA:98,0
DA:104,0
DA:108,0
DA:109,0
DA:114,0
DA:118,0
DA:123,0
DA:127,0
DA:128,0
DA:130,0
DA:131,0
DA:133,0
LF:36
LH:0
BRDA:19,0,0,0
BRDA:20,1,0,0
BRDA:27,2,0,0
BRDA:27,2,1,0
BRDA:42,3,0,0
BRDA:43,4,0,0
BRDA:46,5,0,0
BRDA:62,6,0,0
BRDA:63,7,0,0
BRDA:69,8,0,0
BRDA:72,9,0,0
BRDA:72,9,1,0
BRDA:74,10,0,0
BRDA:74,10,1,0
BRDA:93,11,0,0
BRDA:108,12,0,0
BRDA:118,13,0,0
BRDA:128,14,0,0
BRDA:128,15,0,0
BRDA:128,15,1,0
BRDA:131,16,0,0
BRF:21
BRH:0
end_of_record
TN:
SF:src\services\imageService.ts
FN:7,(anonymous_1)
FN:14,(anonymous_2)
FN:43,(anonymous_3)
FN:85,(anonymous_4)
FN:96,(anonymous_5)
FN:112,(anonymous_6)
FN:124,(anonymous_7)
FN:141,(anonymous_8)
FN:153,(anonymous_9)
FN:207,(anonymous_10)
FNF:10
FNH:0
FNDA:0,(anonymous_1)
FNDA:0,(anonymous_2)
FNDA:0,(anonymous_3)
FNDA:0,(anonymous_4)
FNDA:0,(anonymous_5)
FNDA:0,(anonymous_6)
FNDA:0,(anonymous_7)
FNDA:0,(anonymous_8)
FNDA:0,(anonymous_9)
FNDA:0,(anonymous_10)
DA:1,0
DA:2,0
DA:3,0
DA:4,0
DA:5,0
DA:7,0
DA:8,0
DA:9,0
DA:10,0
DA:11,0
DA:14,0
DA:15,0
DA:16,0
DA:17,0
DA:31,0
DA:32,0
DA:33,0
DA:52,0
DA:57,0
DA:60,0
DA:61,0
DA:63,0
DA:64,0
DA:68,0
DA:69,0
DA:72,0
DA:75,0
DA:77,0
DA:78,0
DA:79,0
DA:86,0
DA:87,0
DA:94,0
DA:97,0
DA:101,0
DA:102,0
DA:104,0
DA:105,0
DA:113,0
DA:114,0
DA:121,0
DA:123,0
DA:124,0
DA:125,0
DA:130,0
DA:133,0
DA:134,0
DA:142,0
DA:147,0
DA:159,0
DA:160,0
DA:163,0
DA:165,0
DA:166,0
DA:175,0
DA:177,0
DA:178,0
DA:180,0
DA:181,0
DA:183,0
DA:184,0
DA:188,0
DA:191,0
DA:192,0
DA:199,0
DA:201,0
DA:212,0
DA:214,0
DA:219,0
DA:221,0
LF:70
LH:0
BRDA:7,0,0,0
BRDA:7,0,1,0
BRDA:14,1,0,0
BRDA:14,1,1,0
BRDA:46,2,0,0
BRDA:54,3,0,0
BRDA:55,4,0,0
BRDA:56,5,0,0
BRDA:63,6,0,0
BRDA:121,7,0,0
BRDA:123,8,0,0
BRDA:123,9,0,0
BRDA:123,9,1,0
BRDA:130,10,0,0
BRDA:165,11,0,0
BRDA:175,12,0,0
BRDA:175,12,1,0
BRDA:175,12,2,0
BRDA:199,13,0,0
BRDA:219,14,0,0
BRF:20
BRH:0
end_of_record
TN:
SF:src\services\loggerService.ts
FN:31,(anonymous_1)
FN:65,(anonymous_2)
FN:69,(anonymous_3)
FN:73,(anonymous_4)
FN:77,(anonymous_5)
FN:81,(anonymous_6)
FN:86,(anonymous_7)
FN:99,(anonymous_8)
FNF:8
FNH:0
FNDA:0,(anonymous_1)
FNDA:0,(anonymous_2)
FNDA:0,(anonymous_3)
FNDA:0,(anonymous_4)
FNDA:0,(anonymous_5)
FNDA:0,(anonymous_6)
FNDA:0,(anonymous_7)
FNDA:0,(anonymous_8)
DA:1,0
DA:2,0
DA:3,0
DA:6,0
DA:15,0
DA:24,0
DA:27,0
DA:31,0
DA:36,0
DA:53,0
DA:61,0
DA:64,0
DA:66,0
DA:70,0
DA:74,0
DA:78,0
DA:82,0
DA:87,0
DA:88,0
DA:100,0
LF:20
LH:0
BRDA:54,0,0,0
BRDA:54,0,1,0
BRDA:102,1,0,0
BRDA:102,1,1,0
BRF:4
BRH:0
end_of_record
TN:
SF:src\services\mapService.ts
FN:51,(anonymous_1)
FN:94,(anonymous_2)
FN:135,(anonymous_3)
FN:158,(anonymous_4)
FN:184,(anonymous_5)
FN:239,calculateDistance
FN:258,toRad
FNF:7
FNH:0
FNDA:0,(anonymous_1)
FNDA:0,(anonymous_2)
FNDA:0,(anonymous_3)
FNDA:0,(anonymous_4)
FNDA:0,(anonymous_5)
FNDA:0,calculateDistance
FNDA:0,toRad
DA:1,0
DA:2,0
DA:5,0
DA:6,0
DA:47,0
DA:52,0
DA:54,0
DA:66,0
DA:67,0
DA:70,0
DA:71,0
DA:73,0
DA:86,0
DA:87,0
DA:95,0
DA:96,0
DA:108,0
DA:109,0
DA:112,0
DA:114,0
DA:127,0
DA:128,0
DA:140,0
DA:141,0
DA:142,0
DA:145,0
DA:154,0
DA:155,0
DA:158,0
DA:176,0
DA:177,0
DA:189,0
DA:190,0
DA:191,0
DA:195,0
DA:199,0
DA:203,0
DA:212,0
DA:213,0
DA:216,0
DA:218,0
DA:219,0
DA:222,0
DA:229,0
DA:230,0
DA:245,0
DA:246,0
DA:247,0
DA:250,0
DA:254,0
DA:255,0
DA:259,0
LF:52
LH:0
BRDA:5,0,0,0
BRDA:5,0,1,0
BRDA:66,1,0,0
BRDA:66,2,0,0
BRDA:66,2,1,0
BRDA:78,3,0,0
BRDA:78,3,1,0
BRDA:79,4,0,0
BRDA:79,4,1,0
BRDA:79,4,2,0
BRDA:79,4,3,0
BRDA:80,5,0,0
BRDA:80,5,1,0
BRDA:108,6,0,0
BRDA:119,7,0,0
BRDA:119,7,1,0
BRDA:120,8,0,0
BRDA:120,8,1,0
BRDA:120,8,2,0
BRDA:120,8,3,0
BRDA:121,9,0,0
BRDA:121,9,1,0
BRDA:138,10,0,0
BRDA:141,11,0,0
BRDA:154,12,0,0
BRDA:154,13,0,0
BRDA:154,13,1,0
BRDA:187,14,0,0
BRDA:190,15,0,0
BRDA:195,16,0,0
BRDA:195,16,1,0
BRDA:199,17,0,0
BRDA:199,17,1,0
BRDA:212,18,0,0
BRDA:212,19,0,0
BRDA:212,19,1,0
BRDA:212,19,2,0
BRDA:218,20,0,0
BRF:38
BRH:0
end_of_record
TN:
SF:src\services\notificationService.ts
FN:5,(anonymous_0)
FN:15,(anonymous_1)
FN:25,(anonymous_2)
FN:38,(anonymous_3)
FN:48,(anonymous_4)
FN:58,(anonymous_5)
FN:69,(anonymous_6)
FN:79,(anonymous_7)
FN:90,(anonymous_8)
FN:101,(anonymous_9)
FN:102,(anonymous_10)
FNF:11
FNH:0
FNDA:0,(anonymous_0)
FNDA:0,(anonymous_1)
FNDA:0,(anonymous_2)
FNDA:0,(anonymous_3)
FNDA:0,(anonymous_4)
FNDA:0,(anonymous_5)
FNDA:0,(anonymous_6)
FNDA:0,(anonymous_7)
FNDA:0,(anonymous_8)
FNDA:0,(anonymous_9)
FNDA:0,(anonymous_10)
DA:1,0
DA:3,0
DA:6,0
DA:16,0
DA:26,0
DA:39,0
DA:49,0
DA:59,0
DA:70,0
DA:80,0
DA:91,0
DA:102,0
DA:103,0
DA:112,0
LF:14
LH:0
BRDA:30,0,0,0
BRDA:30,0,1,0
BRF:2
BRH:0
end_of_record
TN:
SF:src\services\paymentService.ts
FN:51,(anonymous_1)
FN:91,(anonymous_2)
FN:154,(anonymous_3)
FN:212,(anonymous_4)
FN:247,(anonymous_5)
FN:271,(anonymous_6)
FN:315,(anonymous_7)
FN:346,(anonymous_8)
FN:373,(anonymous_9)
FN:387,(anonymous_10)
FN:401,(anonymous_11)
FNF:11
FNH:0
FNDA:0,(anonymous_1)
FNDA:0,(anonymous_2)
FNDA:0,(anonymous_3)
FNDA:0,(anonymous_4)
FNDA:0,(anonymous_5)
FNDA:0,(anonymous_6)
FNDA:0,(anonymous_7)
FNDA:0,(anonymous_8)
FNDA:0,(anonymous_9)
FNDA:0,(anonymous_10)
FNDA:0,(anonymous_11)
DA:1,0
DA:2,0
DA:6,0
DA:7,0
DA:9,0
DA:52,0
DA:53,0
DA:56,0
DA:59,0
DA:76,0
DA:78,0
DA:80,0
DA:82,0
DA:85,0
DA:86,0
DA:92,0
DA:94,0
DA:112,0
DA:125,0
DA:126,0
DA:135,0
DA:137,0
DA:140,0
DA:141,0
DA:149,0
DA:155,0
DA:157,0
DA:171,0
DA:183,0
DA:184,0
DA:193,0
DA:195,0
DA:198,0
DA:199,0
DA:207,0
DA:213,0
DA:214,0
DA:218,0
DA:220,0
DA:221,0
DA:225,0
DA:226,0
DA:230,0
DA:231,0
DA:239,0
DA:241,0
DA:242,0
DA:248,0
DA:251,0
DA:253,0
DA:254,0
DA:258,0
DA:263,0
DA:265,0
DA:266,0
DA:272,0
DA:273,0
DA:277,0
DA:279,0
DA:280,0
DA:284,0
DA:285,0
DA:289,0
DA:291,0
DA:292,0
DA:294,0
DA:295,0
DA:297,0
DA:301,0
DA:302,0
DA:307,0
DA:309,0
DA:310,0
DA:316,0
DA:318,0
DA:328,0
DA:340,0
DA:341,0
DA:347,0
DA:349,0
DA:356,0
DA:367,0
DA:368,0
DA:374,0
DA:377,0
DA:379,0
DA:381,0
DA:382,0
DA:388,0
DA:391,0
DA:393,0
DA:395,0
DA:396,0
DA:402,0
DA:405,0
DA:407,0
DA:409,0
DA:410,0
DA:415,0
LF:99
LH:0
BRDA:76,0,0,0
BRDA:76,0,1,0
BRDA:76,0,2,0
BRDA:220,1,0,0
BRDA:225,2,0,0
BRDA:253,3,0,0
BRDA:279,4,0,0
BRDA:284,5,0,0
BRDA:289,6,0,0
BRDA:289,6,1,0
BRDA:289,6,2,0
BRDA:320,7,0,0
BRDA:320,7,1,0
BRDA:324,8,0,0
BRDA:324,8,1,0
BRDA:351,9,0,0
BRDA:351,9,1,0
BRF:17
BRH:0
end_of_record
TN:
SF:src\services\socketService.ts
FN:17,(anonymous_0)
FN:28,(anonymous_1)
FN:29,(anonymous_2)
FN:60,(anonymous_3)
FN:77,(anonymous_4)
FN:96,(anonymous_5)
FN:115,(anonymous_6)
FN:126,(anonymous_7)
FN:143,(anonymous_8)
FN:162,(anonymous_9)
FN:166,(anonymous_10)
FN:167,(anonymous_11)
FN:191,(anonymous_12)
FNF:13
FNH:11
FNDA:4,(anonymous_0)
FNDA:4,(anonymous_1)
FNDA:8,(anonymous_2)
FNDA:8,(anonymous_3)
FNDA:1,(anonymous_4)
FNDA:1,(anonymous_5)
FNDA:5,(anonymous_6)
FNDA:0,(anonymous_7)
FNDA:0,(anonymous_8)
FNDA:1,(anonymous_9)
FNDA:2,(anonymous_10)
FNDA:1,(anonymous_11)
FNDA:1,(anonymous_12)
DA:1,1
DA:3,1
DA:4,1
DA:5,1
DA:13,1
DA:15,4
DA:18,4
DA:25,4
DA:29,4
DA:30,8
DA:31,8
DA:32,8
DA:34,8
DA:35,0
DA:38,8
DA:39,8
DA:41,8
DA:42,0
DA:45,8
DA:46,8
DA:48,8
DA:53,8
DA:55,0
DA:56,0
DA:60,4
DA:61,8
DA:62,8
DA:64,8
DA:70,8
DA:77,8
DA:78,1
DA:79,1
DA:80,1
DA:87,1
DA:96,8
DA:97,1
DA:98,1
DA:99,1
DA:106,1
DA:115,8
DA:116,5
DA:120,5
DA:127,0
DA:128,0
DA:129,0
DA:135,0
DA:144,0
DA:145,0
DA:146,0
DA:153,0
DA:163,1
DA:165,1
DA:166,2
DA:167,1
DA:170,1
DA:175,1
DA:181,0
DA:186,0
DA:192,1
LF:59
LH:45
BRDA:32,0,0,8
BRDA:32,0,1,0
BRDA:34,1,0,0
BRDA:38,2,0,8
BRDA:38,2,1,0
BRDA:41,3,0,0
BRDA:79,4,0,1
BRDA:98,5,0,1
BRDA:128,6,0,0
BRDA:145,7,0,0
BRDA:163,8,0,1
BRDA:163,8,1,0
BRF:12
BRH:5
end_of_record
TN:
SF:src\services\storage.service.ts
FN:11,(anonymous_0)
FN:20,(anonymous_1)
FN:51,(anonymous_2)
FN:68,(anonymous_3)
FN:90,(anonymous_4)
FN:129,(anonymous_5)
FN:166,(anonymous_6)
FN:187,(anonymous_7)
FN:209,(anonymous_8)
FN:232,(anonymous_9)
FN:253,(anonymous_10)
FN:265,(anonymous_11)
FN:283,(anonymous_12)
FN:296,(anonymous_13)
FNF:14
FNH:0
FNDA:0,(anonymous_0)
FNDA:0,(anonymous_1)
FNDA:0,(anonymous_2)
FNDA:0,(anonymous_3)
FNDA:0,(anonymous_4)
FNDA:0,(anonymous_5)
FNDA:0,(anonymous_6)
FNDA:0,(anonymous_7)
FNDA:0,(anonymous_8)
FNDA:0,(anonymous_9)
FNDA:0,(anonymous_10)
FNDA:0,(anonymous_11)
FNDA:0,(anonymous_12)
FNDA:0,(anonymous_13)
DA:1,0
DA:2,0
DA:3,0
DA:4,0
DA:5,0
DA:8,0
DA:11,0
DA:12,0
DA:13,0
DA:14,0
DA:15,0
DA:16,0
DA:20,0
DA:21,0
DA:22,0
DA:23,0
DA:24,0
DA:25,0
DA:26,0
DA:48,0
DA:52,0
DA:69,0
DA:71,0
DA:74,0
DA:96,0
DA:97,0
DA:99,0
DA:106,0
DA:108,0
DA:110,0
DA:116,0
DA:117,0
DA:135,0
DA:136,0
DA:143,0
DA:145,0
DA:147,0
DA:153,0
DA:154,0
DA:172,0
DA:173,0
DA:174,0
DA:176,0
DA:177,0
DA:188,0
DA:189,0
DA:194,0
DA:196,0
DA:198,0
DA:199,0
DA:210,0
DA:211,0
DA:216,0
DA:217,0
DA:219,0
DA:220,0
DA:222,0
DA:223,0
DA:233,0
DA:234,0
DA:239,0
DA:240,0
DA:242,0
DA:243,0
DA:257,0
DA:258,0
DA:263,0
DA:265,0
DA:273,0
DA:274,0
DA:284,0
DA:285,0
DA:302,0
DA:309,0
DA:314,0
LF:75
LH:0
BRDA:11,0,0,0
BRDA:11,0,1,0
BRDA:20,1,0,0
BRDA:20,1,1,0
BRDA:69,2,0,0
BRDA:69,2,1,0
BRDA:219,3,0,0
BRDA:265,4,0,0
BRDA:265,4,1,0
BRDA:300,5,0,0
BRF:10
BRH:0
end_of_record
TN:
SF:src\services\syncService.ts
FN:6,(anonymous_0)
FN:28,(anonymous_1)
FN:37,(anonymous_2)
FN:51,(anonymous_3)
FN:55,(anonymous_4)
FN:74,(anonymous_5)
FN:79,(anonymous_6)
FN:85,(anonymous_7)
FN:90,(anonymous_8)
FN:109,(anonymous_9)
FNF:10
FNH:0
FNDA:0,(anonymous_0)
FNDA:0,(anonymous_1)
FNDA:0,(anonymous_2)
FNDA:0,(anonymous_3)
FNDA:0,(anonymous_4)
FNDA:0,(anonymous_5)
FNDA:0,(anonymous_6)
FNDA:0,(anonymous_7)
FNDA:0,(anonymous_8)
FNDA:0,(anonymous_9)
DA:1,0
DA:3,0
DA:6,0
DA:7,0
DA:8,0
DA:9,0
DA:10,0
DA:11,0
DA:12,0
DA:29,0
DA:31,0
DA:33,0
DA:38,0
DA:46,0
DA:47,0
DA:52,0
DA:55,0
DA:56,0
DA:57,0
DA:60,0
DA:61,0
DA:65,0
DA:66,0
DA:69,0
DA:74,0
DA:75,0
DA:79,0
DA:80,0
DA:90,0
DA:91,0
DA:92,0
DA:95,0
DA:96,0
DA:97,0
DA:101,0
DA:109,0
DA:110,0
DA:112,0
DA:113,0
DA:116,0
DA:117,0
DA:119,0
DA:121,0
DA:122,0
DA:124,0
DA:126,0
DA:127,0
DA:130,0
DA:137,0
LF:49
LH:0
BRDA:6,0,0,0
BRDA:6,0,1,0
BRDA:31,1,0,0
BRDA:31,1,1,0
BRDA:60,2,0,0
BRDA:65,3,0,0
BRDA:65,4,0,0
BRDA:65,4,1,0
BRDA:96,5,0,0
BRDA:113,6,0,0
BRDA:113,6,1,0
BRDA:113,6,2,0
BRDA:113,6,3,0
BRDA:116,7,0,0
BRDA:121,8,0,0
BRF:15
BRH:0
end_of_record
TN:
SF:src\utils\ApiError.ts
FN:16,(anonymous_0)
FN:34,(anonymous_1)
FN:43,(anonymous_2)
FN:52,(anonymous_3)
FN:61,(anonymous_4)
FN:70,(anonymous_5)
FN:80,(anonymous_6)
FNF:7
FNH:0
FNDA:0,(anonymous_0)
FNDA:0,(anonymous_1)
FNDA:0,(anonymous_2)
FNDA:0,(anonymous_3)
FNDA:0,(anonymous_4)
FNDA:0,(anonymous_5)
FNDA:0,(anonymous_6)
DA:4,0
DA:17,0
DA:18,0
DA:19,0
DA:20,0
DA:23,0
DA:25,0
DA:35,0
DA:44,0
DA:53,0
DA:62,0
DA:71,0
DA:81,0
DA:85,0
LF:14
LH:0
BRDA:16,0,0,0
BRDA:43,1,0,0
BRDA:52,2,0,0
BRDA:61,3,0,0
BRDA:80,4,0,0
BRDA:80,5,0,0
BRF:6
BRH:0
end_of_record
TN:
SF:src\utils\logger.ts
FN:29,(anonymous_9)
FN:61,(anonymous_10)
FN:64,(anonymous_11)
FN:65,(anonymous_12)
FN:66,(anonymous_13)
FN:67,(anonymous_14)
FN:68,(anonymous_15)
FNF:7
FNH:0
FNDA:0,(anonymous_9)
FNDA:0,(anonymous_10)
FNDA:0,(anonymous_11)
FNDA:0,(anonymous_12)
FNDA:0,(anonymous_13)
FNDA:0,(anonymous_14)
FNDA:0,(anonymous_15)
DA:1,0
DA:4,0
DA:13,0
DA:22,0
DA:25,0
DA:29,0
DA:34,0
DA:49,0
DA:61,0
DA:62,0
DA:64,0
DA:65,0
DA:66,0
DA:67,0
DA:68,0
DA:72,0
LF:16
LH:0
BRDA:50,0,0,0
BRDA:50,0,1,0
BRF:2
BRH:0
end_of_record
TN:
SF:src\utils\validation.ts
FN:5,(anonymous_0)
FN:11,(anonymous_1)
FN:16,(anonymous_2)
FN:22,(anonymous_3)
FN:27,(anonymous_4)
FN:32,(anonymous_5)
FN:36,(anonymous_6)
FN:40,(anonymous_7)
FN:66,(anonymous_8)
FN:118,(anonymous_9)
FN:152,(anonymous_10)
FN:153,(anonymous_11)
FN:170,(anonymous_12)
FN:171,(anonymous_13)
FNF:14
FNH:0
FNDA:0,(anonymous_0)
FNDA:0,(anonymous_1)
FNDA:0,(anonymous_2)
FNDA:0,(anonymous_3)
FNDA:0,(anonymous_4)
FNDA:0,(anonymous_5)
FNDA:0,(anonymous_6)
FNDA:0,(anonymous_7)
FNDA:0,(anonymous_8)
FNDA:0,(anonymous_9)
FNDA:0,(anonymous_10)
FNDA:0,(anonymous_11)
FNDA:0,(anonymous_12)
FNDA:0,(anonymous_13)
DA:2,0
DA:4,0
DA:6,0
DA:7,0
DA:11,0
DA:12,0
DA:13,0
DA:16,0
DA:18,0
DA:19,0
DA:22,0
DA:23,0
DA:24,0
DA:27,0
DA:28,0
DA:29,0
DA:32,0
DA:33,0
DA:36,0
DA:37,0
DA:40,0
DA:41,0
DA:43,0
DA:44,0
DA:45,0
DA:46,0
DA:49,0
DA:50,0
DA:53,0
DA:54,0
DA:57,0
DA:58,0
DA:61,0
DA:62,0
DA:66,0
DA:67,0
DA:69,0
DA:70,0
DA:73,0
DA:74,0
DA:77,0
DA:78,0
DA:81,0
DA:82,0
DA:85,0
DA:86,0
DA:87,0
DA:88,0
DA:91,0
DA:92,0
DA:95,0
DA:96,0
DA:97,0
DA:98,0
DA:101,0
DA:102,0
DA:103,0
DA:104,0
DA:107,0
DA:108,0
DA:109,0
DA:110,0
DA:113,0
DA:114,0
DA:118,0
DA:119,0
DA:121,0
DA:122,0
DA:125,0
DA:126,0
DA:127,0
DA:128,0
DA:131,0
DA:132,0
DA:133,0
DA:134,0
DA:137,0
DA:138,0
DA:141,0
DA:142,0
DA:143,0
DA:144,0
DA:147,0
DA:148,0
DA:152,0
DA:153,0
DA:154,0
DA:155,0
DA:156,0
DA:158,0
DA:159,0
DA:164,0
DA:170,0
DA:171,0
DA:172,0
DA:173,0
DA:174,0
DA:176,0
DA:177,0
DA:182,0
DA:188,0
LF:101
LH:0
BRDA:29,0,0,0
BRDA:29,0,1,0
BRDA:33,1,0,0
BRDA:33,1,1,0
BRDA:37,2,0,0
BRDA:37,2,1,0
BRDA:37,2,2,0
BRDA:43,3,0,0
BRDA:43,3,1,0
BRDA:45,4,0,0
BRDA:49,5,0,0
BRDA:53,6,0,0
BRDA:53,7,0,0
BRDA:53,7,1,0
BRDA:57,8,0,0
BRDA:57,9,0,0
BRDA:57,9,1,0
BRDA:61,10,0,0
BRDA:69,11,0,0
BRDA:73,12,0,0
BRDA:77,13,0,0
BRDA:81,14,0,0
BRDA:85,15,0,0
BRDA:85,15,1,0
BRDA:87,16,0,0
BRDA:91,17,0,0
BRDA:95,18,0,0
BRDA:95,18,1,0
BRDA:97,19,0,0
BRDA:101,20,0,0
BRDA:101,20,1,0
BRDA:103,21,0,0
BRDA:107,22,0,0
BRDA:107,22,1,0
BRDA:109,23,0,0
BRDA:113,24,0,0
BRDA:121,25,0,0
BRDA:125,26,0,0
BRDA:125,26,1,0
BRDA:127,27,0,0
BRDA:131,28,0,0
BRDA:131,28,1,0
BRDA:133,29,0,0
BRDA:137,30,0,0
BRDA:141,31,0,0
BRDA:141,31,1,0
BRDA:143,32,0,0
BRDA:147,33,0,0
BRDA:158,34,0,0
BRDA:158,34,1,0
BRDA:176,35,0,0
BRDA:176,35,1,0
BRF:52
BRH:0
end_of_record
