{"C:\\coding\\ShepsiGrad_app\\ShepsiGrad\\App\\ShepsiGradNew\\App.tsx": {"path":"C:\\coding\\ShepsiGrad_app\\ShepsiGrad\\App\\ShepsiGradNew\\App.tsx","statementMap":{"0":{"start":{"line":12,"column":0},"end":{"line":12,"column":23}},"1":{"start":{"line":16,"column":24},"end":{"line":18,"column":4}},"2":{"start":{"line":20,"column":27},"end":{"line":24,"column":19}},"3":{"start":{"line":21,"column":4},"end":{"line":23,"column":5}},"4":{"start":{"line":22,"column":6},"end":{"line":22,"column":37}},"5":{"start":{"line":26,"column":2},"end":{"line":28,"column":3}},"6":{"start":{"line":27,"column":4},"end":{"line":27,"column":28}},"7":{"start":{"line":31,"column":2},"end":{"line":33,"column":4}}},"fnMap":{"0":{"name":"App","decl":{"start":{"line":15,"column":24},"end":{"line":15,"column":27}},"loc":{"start":{"line":15,"column":30},"end":{"line":34,"column":1}},"line":15},"1":{"name":"(anonymous_1)","decl":{"start":{"line":20,"column":39},"end":{"line":20,"column":40}},"loc":{"start":{"line":20,"column":51},"end":{"line":24,"column":3}},"line":20}},"branchMap":{"0":{"loc":{"start":{"line":21,"column":4},"end":{"line":23,"column":5}},"type":"if","locations":[{"start":{"line":21,"column":4},"end":{"line":23,"column":5}},{"start":{},"end":{}}],"line":21},"1":{"loc":{"start":{"line":26,"column":2},"end":{"line":28,"column":3}},"type":"if","locations":[{"start":{"line":26,"column":2},"end":{"line":28,"column":3}},{"start":{},"end":{}}],"line":26}},"s":{"0":0,"1":0,"2":0,"3":0,"4":0,"5":0,"6":0,"7":0},"f":{"0":0,"1":0},"b":{"0":[0,0],"1":[0,0]}}
,"C:\\coding\\ShepsiGrad_app\\ShepsiGrad\\App\\ShepsiGradNew\\app.config.js": {"path":"C:\\coding\\ShepsiGrad_app\\ShepsiGrad\\App\\ShepsiGradNew\\app.config.js","statementMap":{"0":{"start":{"line":2,"column":0},"end":{"line":45,"column":2}},"1":{"start":{"line":48,"column":0},"end":{"line":48,"column":36}},"2":{"start":{"line":49,"column":0},"end":{"line":49,"column":39}},"3":{"start":{"line":50,"column":0},"end":{"line":50,"column":34}},"4":{"start":{"line":51,"column":0},"end":{"line":51,"column":34}},"5":{"start":{"line":52,"column":0},"end":{"line":52,"column":50}},"6":{"start":{"line":53,"column":0},"end":{"line":53,"column":62}}},"fnMap":{},"branchMap":{},"s":{"0":0,"1":0,"2":0,"3":0,"4":0,"5":0,"6":0},"f":{},"b":{}}
,"C:\\coding\\ShepsiGrad_app\\ShepsiGrad\\App\\ShepsiGradNew\\index.js": {"path":"C:\\coding\\ShepsiGrad_app\\ShepsiGrad\\App\\ShepsiGradNew\\index.js","statementMap":{},"fnMap":{},"branchMap":{},"s":{},"f":{},"b":{}}
,"C:\\coding\\ShepsiGrad_app\\ShepsiGrad\\App\\ShepsiGradNew\\index.ts": {"path":"C:\\coding\\ShepsiGrad_app\\ShepsiGrad\\App\\ShepsiGradNew\\index.ts","statementMap":{"0":{"start":{"line":16,"column":0},"end":{"line":132,"column":5}},"1":{"start":{"line":18,"column":2},"end":{"line":41,"column":3}},"2":{"start":{"line":19,"column":4},"end":{"line":40,"column":6}},"3":{"start":{"line":21,"column":8},"end":{"line":21,"column":66}},"4":{"start":{"line":22,"column":8},"end":{"line":24,"column":9}},"5":{"start":{"line":23,"column":10},"end":{"line":23,"column":42}},"6":{"start":{"line":25,"column":8},"end":{"line":25,"column":20}},"7":{"start":{"line":28,"column":8},"end":{"line":28,"column":75}},"8":{"start":{"line":29,"column":8},"end":{"line":31,"column":9}},"9":{"start":{"line":30,"column":10},"end":{"line":30,"column":42}},"10":{"start":{"line":32,"column":8},"end":{"line":32,"column":74}},"11":{"start":{"line":35,"column":8},"end":{"line":35,"column":72}},"12":{"start":{"line":37,"column":8},"end":{"line":37,"column":33}},"13":{"start":{"line":38,"column":8},"end":{"line":38,"column":25}},"14":{"start":{"line":44,"column":2},"end":{"line":112,"column":3}},"15":{"start":{"line":46,"column":29},"end":{"line":46,"column":53}},"16":{"start":{"line":47,"column":29},"end":{"line":47,"column":53}},"17":{"start":{"line":50,"column":22},"end":{"line":93,"column":5}},"18":{"start":{"line":96,"column":4},"end":{"line":96,"column":62}},"19":{"start":{"line":96,"column":42},"end":{"line":96,"column":59}},"20":{"start":{"line":99,"column":4},"end":{"line":99,"column":41}},"21":{"start":{"line":102,"column":4},"end":{"line":109,"column":5}},"22":{"start":{"line":103,"column":6},"end":{"line":108,"column":7}},"23":{"start":{"line":104,"column":8},"end":{"line":104,"column":88}},"24":{"start":{"line":104,"column":77},"end":{"line":104,"column":86}},"25":{"start":{"line":105,"column":8},"end":{"line":105,"column":87}},"26":{"start":{"line":107,"column":8},"end":{"line":107,"column":92}},"27":{"start":{"line":111,"column":4},"end":{"line":111,"column":52}},"28":{"start":{"line":115,"column":2},"end":{"line":131,"column":3}},"29":{"start":{"line":116,"column":24},"end":{"line":116,"column":54}},"30":{"start":{"line":117,"column":4},"end":{"line":122,"column":6}},"31":{"start":{"line":118,"column":6},"end":{"line":120,"column":7}},"32":{"start":{"line":119,"column":8},"end":{"line":119,"column":40}},"33":{"start":{"line":121,"column":6},"end":{"line":121,"column":64}},"34":{"start":{"line":124,"column":33},"end":{"line":124,"column":72}},"35":{"start":{"line":125,"column":4},"end":{"line":130,"column":6}},"36":{"start":{"line":126,"column":6},"end":{"line":128,"column":7}},"37":{"start":{"line":127,"column":8},"end":{"line":127,"column":40}},"38":{"start":{"line":129,"column":6},"end":{"line":129,"column":73}},"39":{"start":{"line":135,"column":0},"end":{"line":137,"column":1}},"40":{"start":{"line":136,"column":2},"end":{"line":136,"column":71}},"41":{"start":{"line":150,"column":0},"end":{"line":150,"column":27}}},"fnMap":{"0":{"name":"setupPolyfills","decl":{"start":{"line":16,"column":10},"end":{"line":16,"column":24}},"loc":{"start":{"line":16,"column":27},"end":{"line":132,"column":1}},"line":16},"1":{"name":"(anonymous_1)","decl":{"start":{"line":20,"column":11},"end":{"line":20,"column":12}},"loc":{"start":{"line":20,"column":26},"end":{"line":26,"column":7}},"line":20},"2":{"name":"(anonymous_2)","decl":{"start":{"line":27,"column":20},"end":{"line":27,"column":21}},"loc":{"start":{"line":27,"column":35},"end":{"line":33,"column":7}},"line":27},"3":{"name":"(anonymous_3)","decl":{"start":{"line":34,"column":22},"end":{"line":34,"column":23}},"loc":{"start":{"line":34,"column":46},"end":{"line":39,"column":7}},"line":34},"4":{"name":"(anonymous_4)","decl":{"start":{"line":96,"column":29},"end":{"line":96,"column":30}},"loc":{"start":{"line":96,"column":40},"end":{"line":96,"column":61}},"line":96},"5":{"name":"(anonymous_5)","decl":{"start":{"line":104,"column":71},"end":{"line":104,"column":72}},"loc":{"start":{"line":104,"column":77},"end":{"line":104,"column":86}},"line":104},"6":{"name":"(anonymous_6)","decl":{"start":{"line":117,"column":37},"end":{"line":117,"column":38}},"loc":{"start":{"line":117,"column":52},"end":{"line":122,"column":5}},"line":117},"7":{"name":"(anonymous_7)","decl":{"start":{"line":125,"column":46},"end":{"line":125,"column":47}},"loc":{"start":{"line":125,"column":61},"end":{"line":130,"column":5}},"line":125}},"branchMap":{"0":{"loc":{"start":{"line":18,"column":2},"end":{"line":41,"column":3}},"type":"if","locations":[{"start":{"line":18,"column":2},"end":{"line":41,"column":3}},{"start":{},"end":{}}],"line":18},"1":{"loc":{"start":{"line":18,"column":6},"end":{"line":18,"column":66}},"type":"binary-expr","locations":[{"start":{"line":18,"column":6},"end":{"line":18,"column":35}},{"start":{"line":18,"column":39},"end":{"line":18,"column":66}}],"line":18},"2":{"loc":{"start":{"line":22,"column":8},"end":{"line":24,"column":9}},"type":"if","locations":[{"start":{"line":22,"column":8},"end":{"line":24,"column":9}},{"start":{},"end":{}}],"line":22},"3":{"loc":{"start":{"line":22,"column":12},"end":{"line":22,"column":68}},"type":"binary-expr","locations":[{"start":{"line":22,"column":12},"end":{"line":22,"column":40}},{"start":{"line":22,"column":44},"end":{"line":22,"column":68}}],"line":22},"4":{"loc":{"start":{"line":29,"column":8},"end":{"line":31,"column":9}},"type":"if","locations":[{"start":{"line":29,"column":8},"end":{"line":31,"column":9}},{"start":{},"end":{}}],"line":29},"5":{"loc":{"start":{"line":29,"column":12},"end":{"line":29,"column":68}},"type":"binary-expr","locations":[{"start":{"line":29,"column":12},"end":{"line":29,"column":40}},{"start":{"line":29,"column":44},"end":{"line":29,"column":68}}],"line":29},"6":{"loc":{"start":{"line":44,"column":2},"end":{"line":112,"column":3}},"type":"if","locations":[{"start":{"line":44,"column":2},"end":{"line":112,"column":3}},{"start":{},"end":{}}],"line":44},"7":{"loc":{"start":{"line":44,"column":6},"end":{"line":44,"column":64}},"type":"binary-expr","locations":[{"start":{"line":44,"column":6},"end":{"line":44,"column":35}},{"start":{"line":44,"column":39},"end":{"line":44,"column":64}}],"line":44},"8":{"loc":{"start":{"line":63,"column":10},"end":{"line":84,"column":7}},"type":"binary-expr","locations":[{"start":{"line":63,"column":10},"end":{"line":63,"column":35}},{"start":{"line":63,"column":39},"end":{"line":84,"column":7}}],"line":63},"9":{"loc":{"start":{"line":66,"column":45},"end":{"line":66,"column":72}},"type":"binary-expr","locations":[{"start":{"line":66,"column":45},"end":{"line":66,"column":67}},{"start":{"line":66,"column":71},"end":{"line":66,"column":72}}],"line":66},"10":{"loc":{"start":{"line":67,"column":47},"end":{"line":67,"column":74}},"type":"binary-expr","locations":[{"start":{"line":67,"column":47},"end":{"line":67,"column":69}},{"start":{"line":67,"column":73},"end":{"line":67,"column":74}}],"line":67},"11":{"loc":{"start":{"line":68,"column":19},"end":{"line":68,"column":49}},"type":"binary-expr","locations":[{"start":{"line":68,"column":19},"end":{"line":68,"column":41}},{"start":{"line":68,"column":45},"end":{"line":68,"column":49}}],"line":68},"12":{"loc":{"start":{"line":69,"column":23},"end":{"line":69,"column":54}},"type":"binary-expr","locations":[{"start":{"line":69,"column":23},"end":{"line":69,"column":49}},{"start":{"line":69,"column":53},"end":{"line":69,"column":54}}],"line":69},"13":{"loc":{"start":{"line":70,"column":24},"end":{"line":70,"column":83}},"type":"cond-expr","locations":[{"start":{"line":70,"column":49},"end":{"line":70,"column":77}},{"start":{"line":70,"column":80},"end":{"line":70,"column":83}}],"line":70},"14":{"loc":{"start":{"line":73,"column":45},"end":{"line":73,"column":72}},"type":"binary-expr","locations":[{"start":{"line":73,"column":45},"end":{"line":73,"column":67}},{"start":{"line":73,"column":71},"end":{"line":73,"column":72}}],"line":73},"15":{"loc":{"start":{"line":74,"column":47},"end":{"line":74,"column":74}},"type":"binary-expr","locations":[{"start":{"line":74,"column":47},"end":{"line":74,"column":69}},{"start":{"line":74,"column":73},"end":{"line":74,"column":74}}],"line":74},"16":{"loc":{"start":{"line":75,"column":19},"end":{"line":75,"column":49}},"type":"binary-expr","locations":[{"start":{"line":75,"column":19},"end":{"line":75,"column":41}},{"start":{"line":75,"column":45},"end":{"line":75,"column":49}}],"line":75},"17":{"loc":{"start":{"line":76,"column":23},"end":{"line":76,"column":54}},"type":"binary-expr","locations":[{"start":{"line":76,"column":23},"end":{"line":76,"column":49}},{"start":{"line":76,"column":53},"end":{"line":76,"column":54}}],"line":76},"18":{"loc":{"start":{"line":77,"column":24},"end":{"line":77,"column":83}},"type":"cond-expr","locations":[{"start":{"line":77,"column":49},"end":{"line":77,"column":77}},{"start":{"line":77,"column":80},"end":{"line":77,"column":83}}],"line":77},"19":{"loc":{"start":{"line":86,"column":10},"end":{"line":92,"column":7}},"type":"binary-expr","locations":[{"start":{"line":86,"column":10},"end":{"line":86,"column":31}},{"start":{"line":86,"column":35},"end":{"line":92,"column":7}}],"line":86},"20":{"loc":{"start":{"line":102,"column":4},"end":{"line":109,"column":5}},"type":"if","locations":[{"start":{"line":102,"column":4},"end":{"line":109,"column":5}},{"start":{},"end":{}}],"line":102},"21":{"loc":{"start":{"line":115,"column":2},"end":{"line":131,"column":3}},"type":"if","locations":[{"start":{"line":115,"column":2},"end":{"line":131,"column":3}},{"start":{},"end":{}}],"line":115},"22":{"loc":{"start":{"line":118,"column":6},"end":{"line":120,"column":7}},"type":"if","locations":[{"start":{"line":118,"column":6},"end":{"line":120,"column":7}},{"start":{},"end":{}}],"line":118},"23":{"loc":{"start":{"line":126,"column":6},"end":{"line":128,"column":7}},"type":"if","locations":[{"start":{"line":126,"column":6},"end":{"line":128,"column":7}},{"start":{},"end":{}}],"line":126},"24":{"loc":{"start":{"line":135,"column":0},"end":{"line":137,"column":1}},"type":"if","locations":[{"start":{"line":135,"column":0},"end":{"line":137,"column":1}},{"start":{},"end":{}}],"line":135}},"s":{"0":0,"1":0,"2":0,"3":0,"4":0,"5":0,"6":0,"7":0,"8":0,"9":0,"10":0,"11":0,"12":0,"13":0,"14":0,"15":0,"16":0,"17":0,"18":0,"19":0,"20":0,"21":0,"22":0,"23":0,"24":0,"25":0,"26":0,"27":0,"28":0,"29":0,"30":0,"31":0,"32":0,"33":0,"34":0,"35":0,"36":0,"37":0,"38":0,"39":0,"40":0,"41":0},"f":{"0":0,"1":0,"2":0,"3":0,"4":0,"5":0,"6":0,"7":0},"b":{"0":[0,0],"1":[0,0],"2":[0,0],"3":[0,0],"4":[0,0],"5":[0,0],"6":[0,0],"7":[0,0],"8":[0,0],"9":[0,0],"10":[0,0],"11":[0,0],"12":[0,0],"13":[0,0],"14":[0,0],"15":[0,0],"16":[0,0],"17":[0,0],"18":[0,0],"19":[0,0],"20":[0,0],"21":[0,0],"22":[0,0],"23":[0,0],"24":[0,0]}}
,"C:\\coding\\ShepsiGrad_app\\ShepsiGrad\\App\\ShepsiGradNew\\jest.config.js": {"path":"C:\\coding\\ShepsiGrad_app\\ShepsiGrad\\App\\ShepsiGradNew\\jest.config.js","statementMap":{"0":{"start":{"line":1,"column":0},"end":{"line":24,"column":2}}},"fnMap":{},"branchMap":{},"s":{"0":0},"f":{},"b":{}}
,"C:\\coding\\ShepsiGrad_app\\ShepsiGrad\\App\\ShepsiGradNew\\metro.config.js": {"path":"C:\\coding\\ShepsiGrad_app\\ShepsiGrad\\App\\ShepsiGradNew\\metro.config.js","statementMap":{"0":{"start":{"line":2,"column":29},"end":{"line":2,"column":58}},"1":{"start":{"line":5,"column":15},"end":{"line":5,"column":42}},"2":{"start":{"line":8,"column":0},"end":{"line":8,"column":54}},"3":{"start":{"line":9,"column":0},"end":{"line":9,"column":45}},"4":{"start":{"line":12,"column":0},"end":{"line":12,"column":55}},"5":{"start":{"line":15,"column":0},"end":{"line":15,"column":78}},"6":{"start":{"line":16,"column":0},"end":{"line":16,"column":94}},"7":{"start":{"line":18,"column":0},"end":{"line":18,"column":24}}},"fnMap":{},"branchMap":{},"s":{"0":0,"1":0,"2":0,"3":0,"4":0,"5":0,"6":0,"7":0},"f":{},"b":{}}
,"C:\\coding\\ShepsiGrad_app\\ShepsiGrad\\App\\ShepsiGradNew\\webpack.config.js": {"path":"C:\\coding\\ShepsiGrad_app\\ShepsiGrad\\App\\ShepsiGradNew\\webpack.config.js","statementMap":{"0":{"start":{"line":1,"column":37},"end":{"line":1,"column":68}},"1":{"start":{"line":2,"column":13},"end":{"line":2,"column":28}},"2":{"start":{"line":4,"column":0},"end":{"line":31,"column":2}},"3":{"start":{"line":5,"column":17},"end":{"line":5,"column":62}},"4":{"start":{"line":8,"column":2},"end":{"line":13,"column":4}},"5":{"start":{"line":16,"column":2},"end":{"line":28,"column":4}},"6":{"start":{"line":30,"column":2},"end":{"line":30,"column":16}}},"fnMap":{"0":{"name":"(anonymous_0)","decl":{"start":{"line":4,"column":17},"end":{"line":4,"column":18}},"loc":{"start":{"line":4,"column":44},"end":{"line":31,"column":1}},"line":4}},"branchMap":{},"s":{"0":0,"1":0,"2":0,"3":0,"4":0,"5":0,"6":0},"f":{"0":0},"b":{}}
,"C:\\coding\\ShepsiGrad_app\\ShepsiGrad\\App\\ShepsiGradNew\\.expo\\metro.config.js": {"path":"C:\\coding\\ShepsiGrad_app\\ShepsiGrad\\App\\ShepsiGradNew\\.expo\\metro.config.js","statementMap":{"0":{"start":{"line":2,"column":29},"end":{"line":2,"column":58}},"1":{"start":{"line":5,"column":15},"end":{"line":10,"column":2}},"2":{"start":{"line":13,"column":0},"end":{"line":13,"column":37}},"3":{"start":{"line":15,"column":0},"end":{"line":15,"column":24}}},"fnMap":{},"branchMap":{},"s":{"0":0,"1":0,"2":0,"3":0},"f":{},"b":{}}
,"C:\\coding\\ShepsiGrad_app\\ShepsiGrad\\App\\ShepsiGradNew\\.expo\\metro\\polyfill.js": {"path":"C:\\coding\\ShepsiGrad_app\\ShepsiGrad\\App\\ShepsiGradNew\\.expo\\metro\\polyfill.js","statementMap":{"0":{"start":{"line":1,"column":0},"end":{"line":1,"column":81}},"1":{"start":{"line":1,"column":76},"end":{"line":1,"column":80}}},"fnMap":{"0":{"name":"(anonymous_0)","decl":{"start":{"line":1,"column":70},"end":{"line":1,"column":71}},"loc":{"start":{"line":1,"column":76},"end":{"line":1,"column":80}},"line":1}},"branchMap":{"0":{"loc":{"start":{"line":1,"column":28},"end":{"line":1,"column":80}},"type":"cond-expr","locations":[{"start":{"line":1,"column":60},"end":{"line":1,"column":67}},{"start":{"line":1,"column":70},"end":{"line":1,"column":80}}],"line":1}},"s":{"0":0,"1":0},"f":{"0":0},"b":{"0":[0,0]}}
,"C:\\coding\\ShepsiGrad_app\\ShepsiGrad\\App\\ShepsiGradNew\\.expo\\metro\\polyfill.native.js": {"path":"C:\\coding\\ShepsiGrad_app\\ShepsiGrad\\App\\ShepsiGradNew\\.expo\\metro\\polyfill.native.js","statementMap":{"0":{"start":{"line":1,"column":0},"end":{"line":1,"column":155}},"1":{"start":{"line":1,"column":43},"end":{"line":1,"column":154}}},"fnMap":{"0":{"name":"(anonymous_0)","decl":{"start":{"line":1,"column":28},"end":{"line":1,"column":29}},"loc":{"start":{"line":1,"column":42},"end":{"line":1,"column":155}},"line":1}},"branchMap":{},"s":{"0":0,"1":0},"f":{"0":0},"b":{}}
,"C:\\coding\\ShepsiGrad_app\\ShepsiGrad\\App\\ShepsiGradNew\\.expo\\metro\\externals\\assert\\index.js": {"path":"C:\\coding\\ShepsiGrad_app\\ShepsiGrad\\App\\ShepsiGradNew\\.expo\\metro\\externals\\assert\\index.js","statementMap":{"0":{"start":{"line":1,"column":0},"end":{"line":1,"column":51}}},"fnMap":{},"branchMap":{},"s":{"0":0},"f":{},"b":{}}
,"C:\\coding\\ShepsiGrad_app\\ShepsiGrad\\App\\ShepsiGradNew\\.expo\\metro\\externals\\async_hooks\\index.js": {"path":"C:\\coding\\ShepsiGrad_app\\ShepsiGrad\\App\\ShepsiGradNew\\.expo\\metro\\externals\\async_hooks\\index.js","statementMap":{"0":{"start":{"line":1,"column":0},"end":{"line":1,"column":56}}},"fnMap":{},"branchMap":{},"s":{"0":0},"f":{},"b":{}}
,"C:\\coding\\ShepsiGrad_app\\ShepsiGrad\\App\\ShepsiGradNew\\.expo\\metro\\externals\\buffer\\index.js": {"path":"C:\\coding\\ShepsiGrad_app\\ShepsiGrad\\App\\ShepsiGradNew\\.expo\\metro\\externals\\buffer\\index.js","statementMap":{"0":{"start":{"line":1,"column":0},"end":{"line":1,"column":51}}},"fnMap":{},"branchMap":{},"s":{"0":0},"f":{},"b":{}}
,"C:\\coding\\ShepsiGrad_app\\ShepsiGrad\\App\\ShepsiGradNew\\.expo\\metro\\externals\\child_process\\index.js": {"path":"C:\\coding\\ShepsiGrad_app\\ShepsiGrad\\App\\ShepsiGradNew\\.expo\\metro\\externals\\child_process\\index.js","statementMap":{"0":{"start":{"line":1,"column":0},"end":{"line":1,"column":58}}},"fnMap":{},"branchMap":{},"s":{"0":0},"f":{},"b":{}}
,"C:\\coding\\ShepsiGrad_app\\ShepsiGrad\\App\\ShepsiGradNew\\.expo\\metro\\externals\\cluster\\index.js": {"path":"C:\\coding\\ShepsiGrad_app\\ShepsiGrad\\App\\ShepsiGradNew\\.expo\\metro\\externals\\cluster\\index.js","statementMap":{"0":{"start":{"line":1,"column":0},"end":{"line":1,"column":52}}},"fnMap":{},"branchMap":{},"s":{"0":0},"f":{},"b":{}}
,"C:\\coding\\ShepsiGrad_app\\ShepsiGrad\\App\\ShepsiGradNew\\.expo\\metro\\externals\\console\\index.js": {"path":"C:\\coding\\ShepsiGrad_app\\ShepsiGrad\\App\\ShepsiGradNew\\.expo\\metro\\externals\\console\\index.js","statementMap":{"0":{"start":{"line":1,"column":0},"end":{"line":1,"column":52}}},"fnMap":{},"branchMap":{},"s":{"0":0},"f":{},"b":{}}
,"C:\\coding\\ShepsiGrad_app\\ShepsiGrad\\App\\ShepsiGradNew\\.expo\\metro\\externals\\constants\\index.js": {"path":"C:\\coding\\ShepsiGrad_app\\ShepsiGrad\\App\\ShepsiGradNew\\.expo\\metro\\externals\\constants\\index.js","statementMap":{"0":{"start":{"line":1,"column":0},"end":{"line":1,"column":54}}},"fnMap":{},"branchMap":{},"s":{"0":0},"f":{},"b":{}}
,"C:\\coding\\ShepsiGrad_app\\ShepsiGrad\\App\\ShepsiGradNew\\.expo\\metro\\externals\\crypto\\index.js": {"path":"C:\\coding\\ShepsiGrad_app\\ShepsiGrad\\App\\ShepsiGradNew\\.expo\\metro\\externals\\crypto\\index.js","statementMap":{"0":{"start":{"line":1,"column":0},"end":{"line":1,"column":51}}},"fnMap":{},"branchMap":{},"s":{"0":0},"f":{},"b":{}}
,"C:\\coding\\ShepsiGrad_app\\ShepsiGrad\\App\\ShepsiGradNew\\.expo\\metro\\externals\\dgram\\index.js": {"path":"C:\\coding\\ShepsiGrad_app\\ShepsiGrad\\App\\ShepsiGradNew\\.expo\\metro\\externals\\dgram\\index.js","statementMap":{"0":{"start":{"line":1,"column":0},"end":{"line":1,"column":50}}},"fnMap":{},"branchMap":{},"s":{"0":0},"f":{},"b":{}}
,"C:\\coding\\ShepsiGrad_app\\ShepsiGrad\\App\\ShepsiGradNew\\.expo\\metro\\externals\\diagnostics_channel\\index.js": {"path":"C:\\coding\\ShepsiGrad_app\\ShepsiGrad\\App\\ShepsiGradNew\\.expo\\metro\\externals\\diagnostics_channel\\index.js","statementMap":{"0":{"start":{"line":1,"column":0},"end":{"line":1,"column":64}}},"fnMap":{},"branchMap":{},"s":{"0":0},"f":{},"b":{}}
,"C:\\coding\\ShepsiGrad_app\\ShepsiGrad\\App\\ShepsiGradNew\\.expo\\metro\\externals\\dns\\index.js": {"path":"C:\\coding\\ShepsiGrad_app\\ShepsiGrad\\App\\ShepsiGradNew\\.expo\\metro\\externals\\dns\\index.js","statementMap":{"0":{"start":{"line":1,"column":0},"end":{"line":1,"column":48}}},"fnMap":{},"branchMap":{},"s":{"0":0},"f":{},"b":{}}
,"C:\\coding\\ShepsiGrad_app\\ShepsiGrad\\App\\ShepsiGradNew\\.expo\\metro\\externals\\domain\\index.js": {"path":"C:\\coding\\ShepsiGrad_app\\ShepsiGrad\\App\\ShepsiGradNew\\.expo\\metro\\externals\\domain\\index.js","statementMap":{"0":{"start":{"line":1,"column":0},"end":{"line":1,"column":51}}},"fnMap":{},"branchMap":{},"s":{"0":0},"f":{},"b":{}}
,"C:\\coding\\ShepsiGrad_app\\ShepsiGrad\\App\\ShepsiGradNew\\.expo\\metro\\externals\\events\\index.js": {"path":"C:\\coding\\ShepsiGrad_app\\ShepsiGrad\\App\\ShepsiGradNew\\.expo\\metro\\externals\\events\\index.js","statementMap":{"0":{"start":{"line":1,"column":0},"end":{"line":1,"column":51}}},"fnMap":{},"branchMap":{},"s":{"0":0},"f":{},"b":{}}
,"C:\\coding\\ShepsiGrad_app\\ShepsiGrad\\App\\ShepsiGradNew\\.expo\\metro\\externals\\fs\\index.js": {"path":"C:\\coding\\ShepsiGrad_app\\ShepsiGrad\\App\\ShepsiGradNew\\.expo\\metro\\externals\\fs\\index.js","statementMap":{"0":{"start":{"line":1,"column":0},"end":{"line":1,"column":47}}},"fnMap":{},"branchMap":{},"s":{"0":0},"f":{},"b":{}}
,"C:\\coding\\ShepsiGrad_app\\ShepsiGrad\\App\\ShepsiGradNew\\.expo\\metro\\externals\\fs\\promises\\index.js": {"path":"C:\\coding\\ShepsiGrad_app\\ShepsiGrad\\App\\ShepsiGradNew\\.expo\\metro\\externals\\fs\\promises\\index.js","statementMap":{"0":{"start":{"line":1,"column":0},"end":{"line":1,"column":56}}},"fnMap":{},"branchMap":{},"s":{"0":0},"f":{},"b":{}}
,"C:\\coding\\ShepsiGrad_app\\ShepsiGrad\\App\\ShepsiGradNew\\.expo\\metro\\externals\\http\\index.js": {"path":"C:\\coding\\ShepsiGrad_app\\ShepsiGrad\\App\\ShepsiGradNew\\.expo\\metro\\externals\\http\\index.js","statementMap":{"0":{"start":{"line":1,"column":0},"end":{"line":1,"column":49}}},"fnMap":{},"branchMap":{},"s":{"0":0},"f":{},"b":{}}
,"C:\\coding\\ShepsiGrad_app\\ShepsiGrad\\App\\ShepsiGradNew\\.expo\\metro\\externals\\http2\\index.js": {"path":"C:\\coding\\ShepsiGrad_app\\ShepsiGrad\\App\\ShepsiGradNew\\.expo\\metro\\externals\\http2\\index.js","statementMap":{"0":{"start":{"line":1,"column":0},"end":{"line":1,"column":50}}},"fnMap":{},"branchMap":{},"s":{"0":0},"f":{},"b":{}}
,"C:\\coding\\ShepsiGrad_app\\ShepsiGrad\\App\\ShepsiGradNew\\.expo\\metro\\externals\\https\\index.js": {"path":"C:\\coding\\ShepsiGrad_app\\ShepsiGrad\\App\\ShepsiGradNew\\.expo\\metro\\externals\\https\\index.js","statementMap":{"0":{"start":{"line":1,"column":0},"end":{"line":1,"column":50}}},"fnMap":{},"branchMap":{},"s":{"0":0},"f":{},"b":{}}
,"C:\\coding\\ShepsiGrad_app\\ShepsiGrad\\App\\ShepsiGradNew\\.expo\\metro\\externals\\inspector\\index.js": {"path":"C:\\coding\\ShepsiGrad_app\\ShepsiGrad\\App\\ShepsiGradNew\\.expo\\metro\\externals\\inspector\\index.js","statementMap":{"0":{"start":{"line":1,"column":0},"end":{"line":1,"column":54}}},"fnMap":{},"branchMap":{},"s":{"0":0},"f":{},"b":{}}
,"C:\\coding\\ShepsiGrad_app\\ShepsiGrad\\App\\ShepsiGradNew\\.expo\\metro\\externals\\module\\index.js": {"path":"C:\\coding\\ShepsiGrad_app\\ShepsiGrad\\App\\ShepsiGradNew\\.expo\\metro\\externals\\module\\index.js","statementMap":{"0":{"start":{"line":1,"column":0},"end":{"line":1,"column":51}}},"fnMap":{},"branchMap":{},"s":{"0":0},"f":{},"b":{}}
,"C:\\coding\\ShepsiGrad_app\\ShepsiGrad\\App\\ShepsiGradNew\\.expo\\metro\\externals\\net\\index.js": {"path":"C:\\coding\\ShepsiGrad_app\\ShepsiGrad\\App\\ShepsiGradNew\\.expo\\metro\\externals\\net\\index.js","statementMap":{"0":{"start":{"line":1,"column":0},"end":{"line":1,"column":48}}},"fnMap":{},"branchMap":{},"s":{"0":0},"f":{},"b":{}}
,"C:\\coding\\ShepsiGrad_app\\ShepsiGrad\\App\\ShepsiGradNew\\.expo\\metro\\externals\\os\\index.js": {"path":"C:\\coding\\ShepsiGrad_app\\ShepsiGrad\\App\\ShepsiGradNew\\.expo\\metro\\externals\\os\\index.js","statementMap":{"0":{"start":{"line":1,"column":0},"end":{"line":1,"column":47}}},"fnMap":{},"branchMap":{},"s":{"0":0},"f":{},"b":{}}
,"C:\\coding\\ShepsiGrad_app\\ShepsiGrad\\App\\ShepsiGradNew\\.expo\\metro\\externals\\path\\index.js": {"path":"C:\\coding\\ShepsiGrad_app\\ShepsiGrad\\App\\ShepsiGradNew\\.expo\\metro\\externals\\path\\index.js","statementMap":{"0":{"start":{"line":1,"column":0},"end":{"line":1,"column":49}}},"fnMap":{},"branchMap":{},"s":{"0":0},"f":{},"b":{}}
,"C:\\coding\\ShepsiGrad_app\\ShepsiGrad\\App\\ShepsiGradNew\\.expo\\metro\\externals\\perf_hooks\\index.js": {"path":"C:\\coding\\ShepsiGrad_app\\ShepsiGrad\\App\\ShepsiGradNew\\.expo\\metro\\externals\\perf_hooks\\index.js","statementMap":{"0":{"start":{"line":1,"column":0},"end":{"line":1,"column":55}}},"fnMap":{},"branchMap":{},"s":{"0":0},"f":{},"b":{}}
,"C:\\coding\\ShepsiGrad_app\\ShepsiGrad\\App\\ShepsiGradNew\\.expo\\metro\\externals\\process\\index.js": {"path":"C:\\coding\\ShepsiGrad_app\\ShepsiGrad\\App\\ShepsiGradNew\\.expo\\metro\\externals\\process\\index.js","statementMap":{"0":{"start":{"line":1,"column":0},"end":{"line":1,"column":52}}},"fnMap":{},"branchMap":{},"s":{"0":0},"f":{},"b":{}}
,"C:\\coding\\ShepsiGrad_app\\ShepsiGrad\\App\\ShepsiGradNew\\.expo\\metro\\externals\\punycode\\index.js": {"path":"C:\\coding\\ShepsiGrad_app\\ShepsiGrad\\App\\ShepsiGradNew\\.expo\\metro\\externals\\punycode\\index.js","statementMap":{"0":{"start":{"line":1,"column":0},"end":{"line":1,"column":53}}},"fnMap":{},"branchMap":{},"s":{"0":0},"f":{},"b":{}}
,"C:\\coding\\ShepsiGrad_app\\ShepsiGrad\\App\\ShepsiGradNew\\.expo\\metro\\externals\\querystring\\index.js": {"path":"C:\\coding\\ShepsiGrad_app\\ShepsiGrad\\App\\ShepsiGradNew\\.expo\\metro\\externals\\querystring\\index.js","statementMap":{"0":{"start":{"line":1,"column":0},"end":{"line":1,"column":56}}},"fnMap":{},"branchMap":{},"s":{"0":0},"f":{},"b":{}}
,"C:\\coding\\ShepsiGrad_app\\ShepsiGrad\\App\\ShepsiGradNew\\.expo\\metro\\externals\\readline\\index.js": {"path":"C:\\coding\\ShepsiGrad_app\\ShepsiGrad\\App\\ShepsiGradNew\\.expo\\metro\\externals\\readline\\index.js","statementMap":{"0":{"start":{"line":1,"column":0},"end":{"line":1,"column":53}}},"fnMap":{},"branchMap":{},"s":{"0":0},"f":{},"b":{}}
,"C:\\coding\\ShepsiGrad_app\\ShepsiGrad\\App\\ShepsiGradNew\\.expo\\metro\\externals\\repl\\index.js": {"path":"C:\\coding\\ShepsiGrad_app\\ShepsiGrad\\App\\ShepsiGradNew\\.expo\\metro\\externals\\repl\\index.js","statementMap":{"0":{"start":{"line":1,"column":0},"end":{"line":1,"column":49}}},"fnMap":{},"branchMap":{},"s":{"0":0},"f":{},"b":{}}
,"C:\\coding\\ShepsiGrad_app\\ShepsiGrad\\App\\ShepsiGradNew\\.expo\\metro\\externals\\stream\\index.js": {"path":"C:\\coding\\ShepsiGrad_app\\ShepsiGrad\\App\\ShepsiGradNew\\.expo\\metro\\externals\\stream\\index.js","statementMap":{"0":{"start":{"line":1,"column":0},"end":{"line":1,"column":51}}},"fnMap":{},"branchMap":{},"s":{"0":0},"f":{},"b":{}}
,"C:\\coding\\ShepsiGrad_app\\ShepsiGrad\\App\\ShepsiGradNew\\.expo\\metro\\externals\\string_decoder\\index.js": {"path":"C:\\coding\\ShepsiGrad_app\\ShepsiGrad\\App\\ShepsiGradNew\\.expo\\metro\\externals\\string_decoder\\index.js","statementMap":{"0":{"start":{"line":1,"column":0},"end":{"line":1,"column":59}}},"fnMap":{},"branchMap":{},"s":{"0":0},"f":{},"b":{}}
,"C:\\coding\\ShepsiGrad_app\\ShepsiGrad\\App\\ShepsiGradNew\\.expo\\metro\\externals\\timers\\index.js": {"path":"C:\\coding\\ShepsiGrad_app\\ShepsiGrad\\App\\ShepsiGradNew\\.expo\\metro\\externals\\timers\\index.js","statementMap":{"0":{"start":{"line":1,"column":0},"end":{"line":1,"column":51}}},"fnMap":{},"branchMap":{},"s":{"0":0},"f":{},"b":{}}
,"C:\\coding\\ShepsiGrad_app\\ShepsiGrad\\App\\ShepsiGradNew\\.expo\\metro\\externals\\tls\\index.js": {"path":"C:\\coding\\ShepsiGrad_app\\ShepsiGrad\\App\\ShepsiGradNew\\.expo\\metro\\externals\\tls\\index.js","statementMap":{"0":{"start":{"line":1,"column":0},"end":{"line":1,"column":48}}},"fnMap":{},"branchMap":{},"s":{"0":0},"f":{},"b":{}}
,"C:\\coding\\ShepsiGrad_app\\ShepsiGrad\\App\\ShepsiGradNew\\.expo\\metro\\externals\\trace_events\\index.js": {"path":"C:\\coding\\ShepsiGrad_app\\ShepsiGrad\\App\\ShepsiGradNew\\.expo\\metro\\externals\\trace_events\\index.js","statementMap":{"0":{"start":{"line":1,"column":0},"end":{"line":1,"column":57}}},"fnMap":{},"branchMap":{},"s":{"0":0},"f":{},"b":{}}
,"C:\\coding\\ShepsiGrad_app\\ShepsiGrad\\App\\ShepsiGradNew\\.expo\\metro\\externals\\tty\\index.js": {"path":"C:\\coding\\ShepsiGrad_app\\ShepsiGrad\\App\\ShepsiGradNew\\.expo\\metro\\externals\\tty\\index.js","statementMap":{"0":{"start":{"line":1,"column":0},"end":{"line":1,"column":48}}},"fnMap":{},"branchMap":{},"s":{"0":0},"f":{},"b":{}}
,"C:\\coding\\ShepsiGrad_app\\ShepsiGrad\\App\\ShepsiGradNew\\.expo\\metro\\externals\\url\\index.js": {"path":"C:\\coding\\ShepsiGrad_app\\ShepsiGrad\\App\\ShepsiGradNew\\.expo\\metro\\externals\\url\\index.js","statementMap":{"0":{"start":{"line":1,"column":0},"end":{"line":1,"column":48}}},"fnMap":{},"branchMap":{},"s":{"0":0},"f":{},"b":{}}
,"C:\\coding\\ShepsiGrad_app\\ShepsiGrad\\App\\ShepsiGradNew\\.expo\\metro\\externals\\util\\index.js": {"path":"C:\\coding\\ShepsiGrad_app\\ShepsiGrad\\App\\ShepsiGradNew\\.expo\\metro\\externals\\util\\index.js","statementMap":{"0":{"start":{"line":1,"column":0},"end":{"line":1,"column":49}}},"fnMap":{},"branchMap":{},"s":{"0":0},"f":{},"b":{}}
,"C:\\coding\\ShepsiGrad_app\\ShepsiGrad\\App\\ShepsiGradNew\\.expo\\metro\\externals\\v8\\index.js": {"path":"C:\\coding\\ShepsiGrad_app\\ShepsiGrad\\App\\ShepsiGradNew\\.expo\\metro\\externals\\v8\\index.js","statementMap":{"0":{"start":{"line":1,"column":0},"end":{"line":1,"column":47}}},"fnMap":{},"branchMap":{},"s":{"0":0},"f":{},"b":{}}
,"C:\\coding\\ShepsiGrad_app\\ShepsiGrad\\App\\ShepsiGradNew\\.expo\\metro\\externals\\vm\\index.js": {"path":"C:\\coding\\ShepsiGrad_app\\ShepsiGrad\\App\\ShepsiGradNew\\.expo\\metro\\externals\\vm\\index.js","statementMap":{"0":{"start":{"line":1,"column":0},"end":{"line":1,"column":47}}},"fnMap":{},"branchMap":{},"s":{"0":0},"f":{},"b":{}}
,"C:\\coding\\ShepsiGrad_app\\ShepsiGrad\\App\\ShepsiGradNew\\.expo\\metro\\externals\\wasi\\index.js": {"path":"C:\\coding\\ShepsiGrad_app\\ShepsiGrad\\App\\ShepsiGradNew\\.expo\\metro\\externals\\wasi\\index.js","statementMap":{"0":{"start":{"line":1,"column":0},"end":{"line":1,"column":49}}},"fnMap":{},"branchMap":{},"s":{"0":0},"f":{},"b":{}}
,"C:\\coding\\ShepsiGrad_app\\ShepsiGrad\\App\\ShepsiGradNew\\.expo\\metro\\externals\\worker_threads\\index.js": {"path":"C:\\coding\\ShepsiGrad_app\\ShepsiGrad\\App\\ShepsiGradNew\\.expo\\metro\\externals\\worker_threads\\index.js","statementMap":{"0":{"start":{"line":1,"column":0},"end":{"line":1,"column":59}}},"fnMap":{},"branchMap":{},"s":{"0":0},"f":{},"b":{}}
,"C:\\coding\\ShepsiGrad_app\\ShepsiGrad\\App\\ShepsiGradNew\\.expo\\metro\\externals\\zlib\\index.js": {"path":"C:\\coding\\ShepsiGrad_app\\ShepsiGrad\\App\\ShepsiGradNew\\.expo\\metro\\externals\\zlib\\index.js","statementMap":{"0":{"start":{"line":1,"column":0},"end":{"line":1,"column":49}}},"fnMap":{},"branchMap":{},"s":{"0":0},"f":{},"b":{}}
,"C:\\coding\\ShepsiGrad_app\\ShepsiGrad\\App\\ShepsiGradNew\\.expo\\metro\\shims\\react-native-web\\dist\\cjs\\exports\\AppRegistry\\AppContainer.js": {"path":"C:\\coding\\ShepsiGrad_app\\ShepsiGrad\\App\\ShepsiGradNew\\.expo\\metro\\shims\\react-native-web\\dist\\cjs\\exports\\AppRegistry\\AppContainer.js","statementMap":{"0":{"start":{"line":5,"column":2},"end":{"line":5,"column":18}},"1":{"start":{"line":8,"column":0},"end":{"line":10,"column":1}},"2":{"start":{"line":9,"column":2},"end":{"line":9,"column":44}},"3":{"start":{"line":12,"column":0},"end":{"line":12,"column":30}},"4":{"start":{"line":13,"column":0},"end":{"line":13,"column":38}}},"fnMap":{"0":{"name":"AppContainer","decl":{"start":{"line":4,"column":9},"end":{"line":4,"column":21}},"loc":{"start":{"line":4,"column":36},"end":{"line":6,"column":1}},"line":4}},"branchMap":{"0":{"loc":{"start":{"line":8,"column":0},"end":{"line":10,"column":1}},"type":"if","locations":[{"start":{"line":8,"column":0},"end":{"line":10,"column":1}},{"start":{},"end":{}}],"line":8}},"s":{"0":0,"1":0,"2":0,"3":0,"4":0},"f":{"0":0},"b":{"0":[0,0]}}
,"C:\\coding\\ShepsiGrad_app\\ShepsiGrad\\App\\ShepsiGradNew\\.expo\\metro\\shims\\react-native-web\\dist\\cjs\\exports\\BackHandler\\index.js": {"path":"C:\\coding\\ShepsiGrad_app\\ShepsiGrad\\App\\ShepsiGradNew\\.expo\\metro\\shims\\react-native-web\\dist\\cjs\\exports\\BackHandler\\index.js","statementMap":{"0":{"start":{"line":3,"column":0},"end":{"line":3,"column":54}},"1":{"start":{"line":4,"column":18},"end":{"line":8,"column":3}},"2":{"start":{"line":6,"column":29},"end":{"line":6,"column":54}},"3":{"start":{"line":9,"column":13},"end":{"line":9,"column":24}},"4":{"start":{"line":10,"column":0},"end":{"line":10,"column":65}}},"fnMap":{"0":{"name":"emptyFunction","decl":{"start":{"line":2,"column":9},"end":{"line":2,"column":22}},"loc":{"start":{"line":2,"column":25},"end":{"line":2,"column":27}},"line":2},"1":{"name":"(anonymous_1)","decl":{"start":{"line":6,"column":22},"end":{"line":6,"column":23}},"loc":{"start":{"line":6,"column":29},"end":{"line":6,"column":54}},"line":6}},"branchMap":{},"s":{"0":0,"1":0,"2":0,"3":0,"4":0},"f":{"0":0,"1":0},"b":{}}
,"C:\\coding\\ShepsiGrad_app\\ShepsiGrad\\App\\ShepsiGradNew\\.expo\\metro\\shims\\react-native-web\\dist\\exports\\AppRegistry\\AppContainer.js": {"path":"C:\\coding\\ShepsiGrad_app\\ShepsiGrad\\App\\ShepsiGradNew\\.expo\\metro\\shims\\react-native-web\\dist\\exports\\AppRegistry\\AppContainer.js","statementMap":{"0":{"start":{"line":5,"column":2},"end":{"line":5,"column":18}},"1":{"start":{"line":8,"column":0},"end":{"line":10,"column":1}},"2":{"start":{"line":9,"column":2},"end":{"line":9,"column":44}}},"fnMap":{"0":{"name":"AppContainer","decl":{"start":{"line":4,"column":9},"end":{"line":4,"column":21}},"loc":{"start":{"line":4,"column":36},"end":{"line":6,"column":1}},"line":4}},"branchMap":{"0":{"loc":{"start":{"line":8,"column":0},"end":{"line":10,"column":1}},"type":"if","locations":[{"start":{"line":8,"column":0},"end":{"line":10,"column":1}},{"start":{},"end":{}}],"line":8}},"s":{"0":0,"1":0,"2":0},"f":{"0":0},"b":{"0":[0,0]}}
,"C:\\coding\\ShepsiGrad_app\\ShepsiGrad\\App\\ShepsiGradNew\\.expo\\metro\\shims\\react-native-web\\dist\\exports\\BackHandler\\index.js": {"path":"C:\\coding\\ShepsiGrad_app\\ShepsiGrad\\App\\ShepsiGradNew\\.expo\\metro\\shims\\react-native-web\\dist\\exports\\BackHandler\\index.js","statementMap":{"0":{"start":{"line":2,"column":18},"end":{"line":6,"column":1}},"1":{"start":{"line":4,"column":27},"end":{"line":4,"column":52}}},"fnMap":{"0":{"name":"emptyFunction","decl":{"start":{"line":1,"column":9},"end":{"line":1,"column":22}},"loc":{"start":{"line":1,"column":25},"end":{"line":1,"column":27}},"line":1},"1":{"name":"(anonymous_1)","decl":{"start":{"line":4,"column":20},"end":{"line":4,"column":21}},"loc":{"start":{"line":4,"column":27},"end":{"line":4,"column":52}},"line":4}},"branchMap":{},"s":{"0":0,"1":0},"f":{"0":0,"1":0},"b":{}}
,"C:\\coding\\ShepsiGrad_app\\ShepsiGrad\\App\\ShepsiGradNew\\app\\+not-found.tsx": {"path":"C:\\coding\\ShepsiGrad_app\\ShepsiGrad\\App\\ShepsiGradNew\\app\\+not-found.tsx","statementMap":{"0":{"start":{"line":6,"column":17},"end":{"line":6,"column":28}},"1":{"start":{"line":8,"column":2},"end":{"line":20,"column":4}},"2":{"start":{"line":15,"column":23},"end":{"line":15,"column":42}},"3":{"start":{"line":23,"column":15},"end":{"line":53,"column":2}}},"fnMap":{"0":{"name":"NotFoundScreen","decl":{"start":{"line":5,"column":24},"end":{"line":5,"column":38}},"loc":{"start":{"line":5,"column":41},"end":{"line":21,"column":1}},"line":5},"1":{"name":"(anonymous_1)","decl":{"start":{"line":15,"column":17},"end":{"line":15,"column":18}},"loc":{"start":{"line":15,"column":23},"end":{"line":15,"column":42}},"line":15}},"branchMap":{},"s":{"0":0,"1":0,"2":0,"3":0},"f":{"0":0,"1":0},"b":{}}
,"C:\\coding\\ShepsiGrad_app\\ShepsiGrad\\App\\ShepsiGradNew\\app\\_layout.tsx": {"path":"C:\\coding\\ShepsiGrad_app\\ShepsiGrad\\App\\ShepsiGradNew\\app\\_layout.tsx","statementMap":{"0":{"start":{"line":12,"column":17},"end":{"line":12,"column":28}},"1":{"start":{"line":13,"column":22},"end":{"line":13,"column":35}},"2":{"start":{"line":14,"column":40},"end":{"line":14,"column":51}},"3":{"start":{"line":17,"column":2},"end":{"line":32,"column":9}},"4":{"start":{"line":18,"column":28},"end":{"line":25,"column":5}},"5":{"start":{"line":19,"column":6},"end":{"line":24,"column":7}},"6":{"start":{"line":20,"column":22},"end":{"line":20,"column":61}},"7":{"start":{"line":21,"column":8},"end":{"line":21,"column":30}},"8":{"start":{"line":23,"column":8},"end":{"line":23,"column":78}},"9":{"start":{"line":27,"column":4},"end":{"line":27,"column":22}},"10":{"start":{"line":30,"column":23},"end":{"line":30,"column":58}},"11":{"start":{"line":31,"column":4},"end":{"line":31,"column":43}},"12":{"start":{"line":31,"column":17},"end":{"line":31,"column":42}},"13":{"start":{"line":34,"column":2},"end":{"line":44,"column":4}},"14":{"start":{"line":64,"column":22},"end":{"line":64,"column":24}},"15":{"start":{"line":65,"column":50},"end":{"line":65,"column":61}},"16":{"start":{"line":68,"column":2},"end":{"line":80,"column":9}},"17":{"start":{"line":69,"column":4},"end":{"line":79,"column":5}},"18":{"start":{"line":70,"column":27},"end":{"line":70,"column":58}},"19":{"start":{"line":71,"column":27},"end":{"line":71,"column":58}},"20":{"start":{"line":72,"column":34},"end":{"line":72,"column":61}},"21":{"start":{"line":75,"column":6},"end":{"line":78,"column":7}},"22":{"start":{"line":77,"column":8},"end":{"line":77,"column":49}},"23":{"start":{"line":83,"column":2},"end":{"line":85,"column":3}},"24":{"start":{"line":84,"column":4},"end":{"line":84,"column":16}},"25":{"start":{"line":87,"column":30},"end":{"line":123,"column":3}},"26":{"start":{"line":125,"column":2},"end":{"line":164,"column":4}},"27":{"start":{"line":131,"column":12},"end":{"line":132,"column":71}},"28":{"start":{"line":134,"column":10},"end":{"line":155,"column":12}},"29":{"start":{"line":138,"column":29},"end":{"line":138,"column":51}},"30":{"start":{"line":167,"column":15},"end":{"line":226,"column":2}}},"fnMap":{"0":{"name":"AppLayout","decl":{"start":{"line":11,"column":24},"end":{"line":11,"column":33}},"loc":{"start":{"line":11,"column":36},"end":{"line":45,"column":1}},"line":11},"1":{"name":"(anonymous_1)","decl":{"start":{"line":17,"column":12},"end":{"line":17,"column":13}},"loc":{"start":{"line":17,"column":18},"end":{"line":32,"column":3}},"line":17},"2":{"name":"(anonymous_2)","decl":{"start":{"line":18,"column":28},"end":{"line":18,"column":29}},"loc":{"start":{"line":18,"column":40},"end":{"line":25,"column":5}},"line":18},"3":{"name":"(anonymous_3)","decl":{"start":{"line":31,"column":11},"end":{"line":31,"column":12}},"loc":{"start":{"line":31,"column":17},"end":{"line":31,"column":42}},"line":31},"4":{"name":"CustomTabBar","decl":{"start":{"line":62,"column":9},"end":{"line":62,"column":21}},"loc":{"start":{"line":62,"column":64},"end":{"line":165,"column":1}},"line":62},"5":{"name":"(anonymous_5)","decl":{"start":{"line":68,"column":12},"end":{"line":68,"column":13}},"loc":{"start":{"line":68,"column":18},"end":{"line":80,"column":3}},"line":68},"6":{"name":"(anonymous_6)","decl":{"start":{"line":129,"column":22},"end":{"line":129,"column":23}},"loc":{"start":{"line":129,"column":32},"end":{"line":156,"column":9}},"line":129},"7":{"name":"(anonymous_7)","decl":{"start":{"line":138,"column":23},"end":{"line":138,"column":24}},"loc":{"start":{"line":138,"column":29},"end":{"line":138,"column":51}},"line":138}},"branchMap":{"0":{"loc":{"start":{"line":69,"column":4},"end":{"line":79,"column":5}},"type":"if","locations":[{"start":{"line":69,"column":4},"end":{"line":79,"column":5}},{"start":{},"end":{}}],"line":69},"1":{"loc":{"start":{"line":75,"column":6},"end":{"line":78,"column":7}},"type":"if","locations":[{"start":{"line":75,"column":6},"end":{"line":78,"column":7}},{"start":{},"end":{}}],"line":75},"2":{"loc":{"start":{"line":83,"column":2},"end":{"line":85,"column":3}},"type":"if","locations":[{"start":{"line":83,"column":2},"end":{"line":85,"column":3}},{"start":{},"end":{}}],"line":83},"3":{"loc":{"start":{"line":83,"column":6},"end":{"line":83,"column":84}},"type":"binary-expr","locations":[{"start":{"line":83,"column":6},"end":{"line":83,"column":41}},{"start":{"line":83,"column":45},"end":{"line":83,"column":84}}],"line":83},"4":{"loc":{"start":{"line":131,"column":12},"end":{"line":132,"column":71}},"type":"binary-expr","locations":[{"start":{"line":131,"column":13},"end":{"line":131,"column":31}},{"start":{"line":131,"column":36},"end":{"line":131,"column":55}},{"start":{"line":131,"column":59},"end":{"line":131,"column":83}},{"start":{"line":132,"column":13},"end":{"line":132,"column":31}},{"start":{"line":132,"column":35},"end":{"line":132,"column":70}}],"line":131},"5":{"loc":{"start":{"line":142,"column":22},"end":{"line":142,"column":60}},"type":"cond-expr","locations":[{"start":{"line":142,"column":33},"end":{"line":142,"column":48}},{"start":{"line":142,"column":51},"end":{"line":142,"column":60}}],"line":142},"6":{"loc":{"start":{"line":144,"column":23},"end":{"line":144,"column":55}},"type":"cond-expr","locations":[{"start":{"line":144,"column":34},"end":{"line":144,"column":43}},{"start":{"line":144,"column":46},"end":{"line":144,"column":55}}],"line":144},"7":{"loc":{"start":{"line":149,"column":27},"end":{"line":149,"column":59}},"type":"cond-expr","locations":[{"start":{"line":149,"column":38},"end":{"line":149,"column":47}},{"start":{"line":149,"column":50},"end":{"line":149,"column":59}}],"line":149},"8":{"loc":{"start":{"line":160,"column":7},"end":{"line":162,"column":7}},"type":"binary-expr","locations":[{"start":{"line":160,"column":7},"end":{"line":160,"column":27}},{"start":{"line":161,"column":8},"end":{"line":161,"column":74}}],"line":160}},"s":{"0":0,"1":0,"2":0,"3":0,"4":0,"5":0,"6":0,"7":0,"8":0,"9":0,"10":0,"11":0,"12":0,"13":0,"14":0,"15":0,"16":0,"17":0,"18":0,"19":0,"20":0,"21":0,"22":0,"23":0,"24":0,"25":0,"26":0,"27":0,"28":0,"29":0,"30":0},"f":{"0":0,"1":0,"2":0,"3":0,"4":0,"5":0,"6":0,"7":0},"b":{"0":[0,0],"1":[0,0],"2":[0,0],"3":[0,0],"4":[0,0,0,0,0],"5":[0,0],"6":[0,0],"7":[0,0],"8":[0,0]}}
,"C:\\coding\\ShepsiGrad_app\\ShepsiGrad\\App\\ShepsiGradNew\\app\\bookings.tsx": {"path":"C:\\coding\\ShepsiGrad_app\\ShepsiGrad\\App\\ShepsiGradNew\\app\\bookings.tsx","statementMap":{"0":{"start":{"line":15,"column":17},"end":{"line":15,"column":28}},"1":{"start":{"line":16,"column":32},"end":{"line":16,"column":46}},"2":{"start":{"line":17,"column":34},"end":{"line":17,"column":57}},"3":{"start":{"line":18,"column":42},"end":{"line":18,"column":77}},"4":{"start":{"line":19,"column":54},"end":{"line":19,"column":69}},"5":{"start":{"line":20,"column":52},"end":{"line":20,"column":72}},"6":{"start":{"line":22,"column":2},"end":{"line":24,"column":21}},"7":{"start":{"line":23,"column":4},"end":{"line":23,"column":20}},"8":{"start":{"line":26,"column":24},"end":{"line":38,"column":3}},"9":{"start":{"line":27,"column":4},"end":{"line":27,"column":21}},"10":{"start":{"line":28,"column":4},"end":{"line":37,"column":5}},"11":{"start":{"line":30,"column":22},"end":{"line":30,"column":62}},"12":{"start":{"line":31,"column":30},"end":{"line":31,"column":75}},"13":{"start":{"line":32,"column":6},"end":{"line":32,"column":35}},"14":{"start":{"line":34,"column":6},"end":{"line":34,"column":64}},"15":{"start":{"line":36,"column":6},"end":{"line":36,"column":24}},"16":{"start":{"line":40,"column":37},"end":{"line":61,"column":3}},"17":{"start":{"line":41,"column":16},"end":{"line":41,"column":26}},"18":{"start":{"line":43,"column":4},"end":{"line":60,"column":5}},"19":{"start":{"line":45,"column":8},"end":{"line":48,"column":10}},"20":{"start":{"line":50,"column":8},"end":{"line":52,"column":10}},"21":{"start":{"line":54,"column":8},"end":{"line":56,"column":10}},"22":{"start":{"line":59,"column":8},"end":{"line":59,"column":18}},"23":{"start":{"line":63,"column":30},"end":{"line":66,"column":3}},"24":{"start":{"line":64,"column":4},"end":{"line":64,"column":36}},"25":{"start":{"line":65,"column":4},"end":{"line":65,"column":32}},"26":{"start":{"line":68,"column":30},"end":{"line":75,"column":3}},"27":{"start":{"line":69,"column":4},"end":{"line":74,"column":5}},"28":{"start":{"line":70,"column":6},"end":{"line":70,"column":68}},"29":{"start":{"line":71,"column":6},"end":{"line":71,"column":22}},"30":{"start":{"line":73,"column":6},"end":{"line":73,"column":62}},"31":{"start":{"line":77,"column":29},"end":{"line":94,"column":3}},"32":{"start":{"line":78,"column":4},"end":{"line":93,"column":23}},"33":{"start":{"line":80,"column":21},"end":{"line":80,"column":44}},"34":{"start":{"line":96,"column":2},"end":{"line":166,"column":4}},"35":{"start":{"line":102,"column":12},"end":{"line":104,"column":31}},"36":{"start":{"line":127,"column":34},"end":{"line":127,"column":41}},"37":{"start":{"line":129,"column":12},"end":{"line":132,"column":14}},"38":{"start":{"line":152,"column":27},"end":{"line":152,"column":43}},"39":{"start":{"line":161,"column":23},"end":{"line":161,"column":51}},"40":{"start":{"line":169,"column":15},"end":{"line":250,"column":2}}},"fnMap":{"0":{"name":"BookingsScreen","decl":{"start":{"line":14,"column":24},"end":{"line":14,"column":38}},"loc":{"start":{"line":14,"column":41},"end":{"line":167,"column":1}},"line":14},"1":{"name":"(anonymous_1)","decl":{"start":{"line":22,"column":12},"end":{"line":22,"column":13}},"loc":{"start":{"line":22,"column":18},"end":{"line":24,"column":3}},"line":22},"2":{"name":"(anonymous_2)","decl":{"start":{"line":26,"column":24},"end":{"line":26,"column":25}},"loc":{"start":{"line":26,"column":36},"end":{"line":38,"column":3}},"line":26},"3":{"name":"(anonymous_3)","decl":{"start":{"line":40,"column":37},"end":{"line":40,"column":38}},"loc":{"start":{"line":40,"column":64},"end":{"line":61,"column":3}},"line":40},"4":{"name":"(anonymous_4)","decl":{"start":{"line":63,"column":30},"end":{"line":63,"column":31}},"loc":{"start":{"line":63,"column":53},"end":{"line":66,"column":3}},"line":63},"5":{"name":"(anonymous_5)","decl":{"start":{"line":68,"column":30},"end":{"line":68,"column":31}},"loc":{"start":{"line":68,"column":56},"end":{"line":75,"column":3}},"line":68},"6":{"name":"(anonymous_6)","decl":{"start":{"line":77,"column":29},"end":{"line":77,"column":30}},"loc":{"start":{"line":78,"column":4},"end":{"line":93,"column":23}},"line":78},"7":{"name":"(anonymous_7)","decl":{"start":{"line":80,"column":15},"end":{"line":80,"column":16}},"loc":{"start":{"line":80,"column":21},"end":{"line":80,"column":44}},"line":80},"8":{"name":"(anonymous_8)","decl":{"start":{"line":101,"column":23},"end":{"line":101,"column":24}},"loc":{"start":{"line":102,"column":12},"end":{"line":104,"column":31}},"line":102},"9":{"name":"(anonymous_9)","decl":{"start":{"line":127,"column":24},"end":{"line":127,"column":25}},"loc":{"start":{"line":127,"column":34},"end":{"line":127,"column":41}},"line":127},"10":{"name":"(anonymous_10)","decl":{"start":{"line":128,"column":22},"end":{"line":128,"column":23}},"loc":{"start":{"line":129,"column":12},"end":{"line":132,"column":14}},"line":129},"11":{"name":"(anonymous_11)","decl":{"start":{"line":152,"column":21},"end":{"line":152,"column":22}},"loc":{"start":{"line":152,"column":27},"end":{"line":152,"column":43}},"line":152},"12":{"name":"(anonymous_12)","decl":{"start":{"line":161,"column":17},"end":{"line":161,"column":18}},"loc":{"start":{"line":161,"column":23},"end":{"line":161,"column":51}},"line":161}},"branchMap":{"0":{"loc":{"start":{"line":43,"column":4},"end":{"line":60,"column":5}},"type":"switch","locations":[{"start":{"line":44,"column":6},"end":{"line":48,"column":10}},{"start":{"line":49,"column":6},"end":{"line":52,"column":10}},{"start":{"line":53,"column":6},"end":{"line":56,"column":10}},{"start":{"line":57,"column":6},"end":{"line":57,"column":17}},{"start":{"line":58,"column":6},"end":{"line":59,"column":18}}],"line":43},"1":{"loc":{"start":{"line":79,"column":35},"end":{"line":79,"column":87}},"type":"binary-expr","locations":[{"start":{"line":79,"column":35},"end":{"line":79,"column":58}},{"start":{"line":79,"column":62},"end":{"line":79,"column":87}}],"line":79},"2":{"loc":{"start":{"line":85,"column":15},"end":{"line":85,"column":62}},"type":"cond-expr","locations":[{"start":{"line":85,"column":41},"end":{"line":85,"column":50}},{"start":{"line":85,"column":53},"end":{"line":85,"column":62}}],"line":85},"3":{"loc":{"start":{"line":89,"column":35},"end":{"line":89,"column":85}},"type":"binary-expr","locations":[{"start":{"line":89,"column":35},"end":{"line":89,"column":58}},{"start":{"line":89,"column":62},"end":{"line":89,"column":85}}],"line":89},"4":{"loc":{"start":{"line":119,"column":7},"end":{"line":157,"column":7}},"type":"cond-expr","locations":[{"start":{"line":120,"column":8},"end":{"line":123,"column":15}},{"start":{"line":124,"column":10},"end":{"line":157,"column":7}}],"line":119},"5":{"loc":{"start":{"line":124,"column":10},"end":{"line":157,"column":7}},"type":"cond-expr","locations":[{"start":{"line":125,"column":8},"end":{"line":136,"column":10}},{"start":{"line":138,"column":8},"end":{"line":156,"column":15}}],"line":124},"6":{"loc":{"start":{"line":142,"column":13},"end":{"line":148,"column":92}},"type":"cond-expr","locations":[{"start":{"line":143,"column":16},"end":{"line":143,"column":100}},{"start":{"line":144,"column":16},"end":{"line":148,"column":92}}],"line":142},"7":{"loc":{"start":{"line":144,"column":16},"end":{"line":148,"column":92}},"type":"cond-expr","locations":[{"start":{"line":145,"column":18},"end":{"line":145,"column":60}},{"start":{"line":146,"column":18},"end":{"line":148,"column":92}}],"line":144},"8":{"loc":{"start":{"line":146,"column":18},"end":{"line":148,"column":92}},"type":"cond-expr","locations":[{"start":{"line":147,"column":20},"end":{"line":147,"column":61}},{"start":{"line":148,"column":20},"end":{"line":148,"column":92}}],"line":146}},"s":{"0":0,"1":0,"2":0,"3":0,"4":0,"5":0,"6":0,"7":0,"8":0,"9":0,"10":0,"11":0,"12":0,"13":0,"14":0,"15":0,"16":0,"17":0,"18":0,"19":0,"20":0,"21":0,"22":0,"23":0,"24":0,"25":0,"26":0,"27":0,"28":0,"29":0,"30":0,"31":0,"32":0,"33":0,"34":0,"35":0,"36":0,"37":0,"38":0,"39":0,"40":0},"f":{"0":0,"1":0,"2":0,"3":0,"4":0,"5":0,"6":0,"7":0,"8":0,"9":0,"10":0,"11":0,"12":0},"b":{"0":[0,0,0,0,0],"1":[0,0],"2":[0,0],"3":[0,0],"4":[0,0],"5":[0,0],"6":[0,0],"7":[0,0],"8":[0,0]}}
,"C:\\coding\\ShepsiGrad_app\\ShepsiGrad\\App\\ShepsiGradNew\\app\\config.ts": {"path":"C:\\coding\\ShepsiGrad_app\\ShepsiGrad\\App\\ShepsiGradNew\\app\\config.ts","statementMap":{"0":{"start":{"line":19,"column":26},"end":{"line":27,"column":1}},"1":{"start":{"line":29,"column":27},"end":{"line":37,"column":1}},"2":{"start":{"line":40,"column":30},"end":{"line":40,"column":62}}},"fnMap":{},"branchMap":{"0":{"loc":{"start":{"line":40,"column":30},"end":{"line":40,"column":62}},"type":"cond-expr","locations":[{"start":{"line":40,"column":40},"end":{"line":40,"column":49}},{"start":{"line":40,"column":52},"end":{"line":40,"column":62}}],"line":40}},"s":{"0":1,"1":1,"2":1},"f":{},"b":{"0":[1,0]},"_coverageSchema":"1a1c01bbd47fc00a2c39e90264f33305004495a9","hash":"eae6c0f3c59a31cc155d77039facefd8113af7c1"}
,"C:\\coding\\ShepsiGrad_app\\ShepsiGrad\\App\\ShepsiGradNew\\app\\favorites.tsx": {"path":"C:\\coding\\ShepsiGrad_app\\ShepsiGrad\\App\\ShepsiGradNew\\app\\favorites.tsx","statementMap":{"0":{"start":{"line":17,"column":38},"end":{"line":39,"column":1}},"1":{"start":{"line":42,"column":17},"end":{"line":42,"column":28}},"2":{"start":{"line":43,"column":36},"end":{"line":43,"column":75}},"3":{"start":{"line":45,"column":36},"end":{"line":47,"column":3}},"4":{"start":{"line":46,"column":4},"end":{"line":46,"column":35}},"5":{"start":{"line":49,"column":30},"end":{"line":51,"column":3}},"6":{"start":{"line":50,"column":4},"end":{"line":50,"column":59}},"7":{"start":{"line":50,"column":42},"end":{"line":50,"column":56}},"8":{"start":{"line":53,"column":2},"end":{"line":116,"column":4}},"9":{"start":{"line":72,"column":27},"end":{"line":72,"column":53}},"10":{"start":{"line":80,"column":34},"end":{"line":80,"column":41}},"11":{"start":{"line":82,"column":12},"end":{"line":110,"column":19}},"12":{"start":{"line":84,"column":31},"end":{"line":84,"column":65}},"13":{"start":{"line":95,"column":33},"end":{"line":95,"column":67}},"14":{"start":{"line":105,"column":33},"end":{"line":105,"column":61}},"15":{"start":{"line":119,"column":15},"end":{"line":208,"column":2}}},"fnMap":{"0":{"name":"FavoritesScreen","decl":{"start":{"line":41,"column":24},"end":{"line":41,"column":39}},"loc":{"start":{"line":41,"column":42},"end":{"line":117,"column":1}},"line":41},"1":{"name":"(anonymous_1)","decl":{"start":{"line":45,"column":36},"end":{"line":45,"column":37}},"loc":{"start":{"line":45,"column":52},"end":{"line":47,"column":3}},"line":45},"2":{"name":"(anonymous_2)","decl":{"start":{"line":49,"column":30},"end":{"line":49,"column":31}},"loc":{"start":{"line":49,"column":46},"end":{"line":51,"column":3}},"line":49},"3":{"name":"(anonymous_3)","decl":{"start":{"line":50,"column":34},"end":{"line":50,"column":35}},"loc":{"start":{"line":50,"column":42},"end":{"line":50,"column":56}},"line":50},"4":{"name":"(anonymous_4)","decl":{"start":{"line":72,"column":21},"end":{"line":72,"column":22}},"loc":{"start":{"line":72,"column":27},"end":{"line":72,"column":53}},"line":72},"5":{"name":"(anonymous_5)","decl":{"start":{"line":80,"column":24},"end":{"line":80,"column":25}},"loc":{"start":{"line":80,"column":34},"end":{"line":80,"column":41}},"line":80},"6":{"name":"(anonymous_6)","decl":{"start":{"line":81,"column":22},"end":{"line":81,"column":23}},"loc":{"start":{"line":82,"column":12},"end":{"line":110,"column":19}},"line":82},"7":{"name":"(anonymous_7)","decl":{"start":{"line":84,"column":25},"end":{"line":84,"column":26}},"loc":{"start":{"line":84,"column":31},"end":{"line":84,"column":65}},"line":84},"8":{"name":"(anonymous_8)","decl":{"start":{"line":95,"column":27},"end":{"line":95,"column":28}},"loc":{"start":{"line":95,"column":33},"end":{"line":95,"column":67}},"line":95},"9":{"name":"(anonymous_9)","decl":{"start":{"line":105,"column":27},"end":{"line":105,"column":28}},"loc":{"start":{"line":105,"column":33},"end":{"line":105,"column":61}},"line":105}},"branchMap":{"0":{"loc":{"start":{"line":65,"column":7},"end":{"line":114,"column":7}},"type":"cond-expr","locations":[{"start":{"line":66,"column":8},"end":{"line":76,"column":15}},{"start":{"line":78,"column":8},"end":{"line":113,"column":10}}],"line":65}},"s":{"0":0,"1":0,"2":0,"3":0,"4":0,"5":0,"6":0,"7":0,"8":0,"9":0,"10":0,"11":0,"12":0,"13":0,"14":0,"15":0},"f":{"0":0,"1":0,"2":0,"3":0,"4":0,"5":0,"6":0,"7":0,"8":0,"9":0},"b":{"0":[0,0]}}
,"C:\\coding\\ShepsiGrad_app\\ShepsiGrad\\App\\ShepsiGradNew\\app\\index.tsx": {"path":"C:\\coding\\ShepsiGrad_app\\ShepsiGrad\\App\\ShepsiGradNew\\app\\index.tsx","statementMap":{"0":{"start":{"line":19,"column":39},"end":{"line":56,"column":1}},"1":{"start":{"line":59,"column":19},"end":{"line":64,"column":1}},"2":{"start":{"line":67,"column":18},"end":{"line":67,"column":42}},"3":{"start":{"line":68,"column":26},"end":{"line":68,"column":37}},"4":{"start":{"line":71,"column":17},"end":{"line":71,"column":28}},"5":{"start":{"line":72,"column":40},"end":{"line":72,"column":52}},"6":{"start":{"line":74,"column":27},"end":{"line":76,"column":3}},"7":{"start":{"line":75,"column":4},"end":{"line":75,"column":27}},"8":{"start":{"line":78,"column":36},"end":{"line":80,"column":3}},"9":{"start":{"line":79,"column":4},"end":{"line":79,"column":35}},"10":{"start":{"line":82,"column":29},"end":{"line":113,"column":3}},"11":{"start":{"line":83,"column":4},"end":{"line":112,"column":23}},"12":{"start":{"line":85,"column":21},"end":{"line":85,"column":55}},"13":{"start":{"line":115,"column":29},"end":{"line":122,"column":3}},"14":{"start":{"line":116,"column":4},"end":{"line":121,"column":23}},"15":{"start":{"line":124,"column":2},"end":{"line":209,"column":4}},"16":{"start":{"line":137,"column":74},"end":{"line":137,"column":97}},"17":{"start":{"line":162,"column":36},"end":{"line":162,"column":43}},"18":{"start":{"line":172,"column":45},"end":{"line":172,"column":71}},"19":{"start":{"line":180,"column":36},"end":{"line":180,"column":43}},"20":{"start":{"line":212,"column":15},"end":{"line":450,"column":2}}},"fnMap":{"0":{"name":"HomeScreen","decl":{"start":{"line":70,"column":24},"end":{"line":70,"column":34}},"loc":{"start":{"line":70,"column":37},"end":{"line":210,"column":1}},"line":70},"1":{"name":"(anonymous_1)","decl":{"start":{"line":74,"column":27},"end":{"line":74,"column":28}},"loc":{"start":{"line":74,"column":33},"end":{"line":76,"column":3}},"line":74},"2":{"name":"(anonymous_2)","decl":{"start":{"line":78,"column":36},"end":{"line":78,"column":37}},"loc":{"start":{"line":78,"column":52},"end":{"line":80,"column":3}},"line":78},"3":{"name":"(anonymous_3)","decl":{"start":{"line":82,"column":29},"end":{"line":82,"column":30}},"loc":{"start":{"line":83,"column":4},"end":{"line":112,"column":23}},"line":83},"4":{"name":"(anonymous_4)","decl":{"start":{"line":85,"column":15},"end":{"line":85,"column":16}},"loc":{"start":{"line":85,"column":21},"end":{"line":85,"column":55}},"line":85},"5":{"name":"(anonymous_5)","decl":{"start":{"line":115,"column":29},"end":{"line":115,"column":30}},"loc":{"start":{"line":116,"column":4},"end":{"line":121,"column":23}},"line":116},"6":{"name":"(anonymous_6)","decl":{"start":{"line":137,"column":68},"end":{"line":137,"column":69}},"loc":{"start":{"line":137,"column":74},"end":{"line":137,"column":97}},"line":137},"7":{"name":"(anonymous_7)","decl":{"start":{"line":162,"column":26},"end":{"line":162,"column":27}},"loc":{"start":{"line":162,"column":36},"end":{"line":162,"column":43}},"line":162},"8":{"name":"(anonymous_8)","decl":{"start":{"line":172,"column":39},"end":{"line":172,"column":40}},"loc":{"start":{"line":172,"column":45},"end":{"line":172,"column":71}},"line":172},"9":{"name":"(anonymous_9)","decl":{"start":{"line":180,"column":26},"end":{"line":180,"column":27}},"loc":{"start":{"line":180,"column":36},"end":{"line":180,"column":43}},"line":180}},"branchMap":{},"s":{"0":0,"1":0,"2":0,"3":0,"4":0,"5":0,"6":0,"7":0,"8":0,"9":0,"10":0,"11":0,"12":0,"13":0,"14":0,"15":0,"16":0,"17":0,"18":0,"19":0,"20":0},"f":{"0":0,"1":0,"2":0,"3":0,"4":0,"5":0,"6":0,"7":0,"8":0,"9":0},"b":{}}
,"C:\\coding\\ShepsiGrad_app\\ShepsiGrad\\App\\ShepsiGradNew\\app\\messages.tsx": {"path":"C:\\coding\\ShepsiGrad_app\\ShepsiGrad\\App\\ShepsiGradNew\\app\\messages.tsx","statementMap":{"0":{"start":{"line":6,"column":2},"end":{"line":8,"column":9}},"1":{"start":{"line":7,"column":4},"end":{"line":7,"column":28}},"2":{"start":{"line":10,"column":2},"end":{"line":10,"column":14}}},"fnMap":{"0":{"name":"MessagesRedirect","decl":{"start":{"line":4,"column":24},"end":{"line":4,"column":40}},"loc":{"start":{"line":4,"column":43},"end":{"line":11,"column":1}},"line":4},"1":{"name":"(anonymous_1)","decl":{"start":{"line":6,"column":12},"end":{"line":6,"column":13}},"loc":{"start":{"line":6,"column":18},"end":{"line":8,"column":3}},"line":6}},"branchMap":{},"s":{"0":0,"1":0,"2":0},"f":{"0":0,"1":0},"b":{}}
,"C:\\coding\\ShepsiGrad_app\\ShepsiGrad\\App\\ShepsiGradNew\\app\\moduleConfig.ts": {"path":"C:\\coding\\ShepsiGrad_app\\ShepsiGrad\\App\\ShepsiGradNew\\app\\moduleConfig.ts","statementMap":{"0":{"start":{"line":8,"column":21},"end":{"line":8,"column":23}}},"fnMap":{},"branchMap":{},"s":{"0":0},"f":{},"b":{}}
,"C:\\coding\\ShepsiGrad_app\\ShepsiGrad\\App\\ShepsiGradNew\\app\\profile.tsx": {"path":"C:\\coding\\ShepsiGrad_app\\ShepsiGrad\\App\\ShepsiGradNew\\app\\profile.tsx","statementMap":{"0":{"start":{"line":10,"column":28},"end":{"line":10,"column":37}},"1":{"start":{"line":11,"column":17},"end":{"line":11,"column":28}},"2":{"start":{"line":12,"column":36},"end":{"line":12,"column":50}},"3":{"start":{"line":13,"column":42},"end":{"line":13,"column":57}},"4":{"start":{"line":14,"column":34},"end":{"line":14,"column":53}},"5":{"start":{"line":16,"column":2},"end":{"line":18,"column":9}},"6":{"start":{"line":17,"column":4},"end":{"line":17,"column":20}},"7":{"start":{"line":20,"column":24},"end":{"line":31,"column":3}},"8":{"start":{"line":21,"column":4},"end":{"line":30,"column":5}},"9":{"start":{"line":22,"column":6},"end":{"line":22,"column":25}},"10":{"start":{"line":23,"column":19},"end":{"line":23,"column":41}},"11":{"start":{"line":24,"column":6},"end":{"line":24,"column":24}},"12":{"start":{"line":26,"column":6},"end":{"line":26,"column":56}},"13":{"start":{"line":27,"column":6},"end":{"line":27,"column":72}},"14":{"start":{"line":29,"column":6},"end":{"line":29,"column":26}},"15":{"start":{"line":33,"column":23},"end":{"line":42,"column":3}},"16":{"start":{"line":34,"column":4},"end":{"line":41,"column":5}},"17":{"start":{"line":35,"column":6},"end":{"line":35,"column":21}},"18":{"start":{"line":36,"column":6},"end":{"line":36,"column":20}},"19":{"start":{"line":37,"column":6},"end":{"line":37,"column":26}},"20":{"start":{"line":39,"column":6},"end":{"line":39,"column":51}},"21":{"start":{"line":40,"column":6},"end":{"line":40,"column":60}},"22":{"start":{"line":44,"column":28},"end":{"line":57,"column":3}},"23":{"start":{"line":45,"column":4},"end":{"line":56,"column":5}},"24":{"start":{"line":46,"column":6},"end":{"line":46,"column":25}},"25":{"start":{"line":47,"column":6},"end":{"line":47,"column":43}},"26":{"start":{"line":48,"column":6},"end":{"line":48,"column":28}},"27":{"start":{"line":49,"column":6},"end":{"line":49,"column":29}},"28":{"start":{"line":50,"column":6},"end":{"line":50,"column":55}},"29":{"start":{"line":52,"column":6},"end":{"line":52,"column":54}},"30":{"start":{"line":53,"column":6},"end":{"line":53,"column":59}},"31":{"start":{"line":55,"column":6},"end":{"line":55,"column":26}},"32":{"start":{"line":59,"column":2},"end":{"line":66,"column":3}},"33":{"start":{"line":60,"column":4},"end":{"line":65,"column":6}},"34":{"start":{"line":68,"column":2},"end":{"line":88,"column":3}},"35":{"start":{"line":69,"column":4},"end":{"line":87,"column":6}},"36":{"start":{"line":75,"column":14},"end":{"line":77,"column":33}},"37":{"start":{"line":75,"column":47},"end":{"line":75,"column":69}},"38":{"start":{"line":84,"column":26},"end":{"line":84,"column":48}},"39":{"start":{"line":90,"column":2},"end":{"line":175,"column":4}},"40":{"start":{"line":117,"column":25},"end":{"line":117,"column":49}},"41":{"start":{"line":126,"column":25},"end":{"line":126,"column":50}},"42":{"start":{"line":135,"column":25},"end":{"line":135,"column":45}},"43":{"start":{"line":146,"column":25},"end":{"line":146,"column":46}},"44":{"start":{"line":155,"column":25},"end":{"line":155,"column":75}},"45":{"start":{"line":178,"column":15},"end":{"line":262,"column":2}}},"fnMap":{"0":{"name":"ProfileScreen","decl":{"start":{"line":9,"column":24},"end":{"line":9,"column":37}},"loc":{"start":{"line":9,"column":40},"end":{"line":176,"column":1}},"line":9},"1":{"name":"(anonymous_1)","decl":{"start":{"line":16,"column":12},"end":{"line":16,"column":13}},"loc":{"start":{"line":16,"column":18},"end":{"line":18,"column":3}},"line":16},"2":{"name":"(anonymous_2)","decl":{"start":{"line":20,"column":24},"end":{"line":20,"column":25}},"loc":{"start":{"line":20,"column":36},"end":{"line":31,"column":3}},"line":20},"3":{"name":"(anonymous_3)","decl":{"start":{"line":33,"column":23},"end":{"line":33,"column":24}},"loc":{"start":{"line":33,"column":35},"end":{"line":42,"column":3}},"line":33},"4":{"name":"(anonymous_4)","decl":{"start":{"line":44,"column":28},"end":{"line":44,"column":29}},"loc":{"start":{"line":44,"column":56},"end":{"line":57,"column":3}},"line":44},"5":{"name":"(anonymous_5)","decl":{"start":{"line":74,"column":24},"end":{"line":74,"column":25}},"loc":{"start":{"line":75,"column":14},"end":{"line":77,"column":33}},"line":75},"6":{"name":"(anonymous_6)","decl":{"start":{"line":75,"column":41},"end":{"line":75,"column":42}},"loc":{"start":{"line":75,"column":47},"end":{"line":75,"column":69}},"line":75},"7":{"name":"(anonymous_7)","decl":{"start":{"line":84,"column":20},"end":{"line":84,"column":21}},"loc":{"start":{"line":84,"column":26},"end":{"line":84,"column":48}},"line":84},"8":{"name":"(anonymous_8)","decl":{"start":{"line":117,"column":19},"end":{"line":117,"column":20}},"loc":{"start":{"line":117,"column":25},"end":{"line":117,"column":49}},"line":117},"9":{"name":"(anonymous_9)","decl":{"start":{"line":126,"column":19},"end":{"line":126,"column":20}},"loc":{"start":{"line":126,"column":25},"end":{"line":126,"column":50}},"line":126},"10":{"name":"(anonymous_10)","decl":{"start":{"line":135,"column":19},"end":{"line":135,"column":20}},"loc":{"start":{"line":135,"column":25},"end":{"line":135,"column":45}},"line":135},"11":{"name":"(anonymous_11)","decl":{"start":{"line":146,"column":19},"end":{"line":146,"column":20}},"loc":{"start":{"line":146,"column":25},"end":{"line":146,"column":46}},"line":146},"12":{"name":"(anonymous_12)","decl":{"start":{"line":155,"column":19},"end":{"line":155,"column":20}},"loc":{"start":{"line":155,"column":25},"end":{"line":155,"column":75}},"line":155}},"branchMap":{"0":{"loc":{"start":{"line":59,"column":2},"end":{"line":66,"column":3}},"type":"if","locations":[{"start":{"line":59,"column":2},"end":{"line":66,"column":3}},{"start":{},"end":{}}],"line":59},"1":{"loc":{"start":{"line":68,"column":2},"end":{"line":88,"column":3}},"type":"if","locations":[{"start":{"line":68,"column":2},"end":{"line":88,"column":3}},{"start":{},"end":{}}],"line":68},"2":{"loc":{"start":{"line":97,"column":12},"end":{"line":99,"column":60}},"type":"cond-expr","locations":[{"start":{"line":98,"column":16},"end":{"line":98,"column":44}},{"start":{"line":99,"column":16},"end":{"line":99,"column":60}}],"line":97},"3":{"loc":{"start":{"line":108,"column":11},"end":{"line":110,"column":11}},"type":"binary-expr","locations":[{"start":{"line":108,"column":11},"end":{"line":108,"column":26}},{"start":{"line":109,"column":12},"end":{"line":109,"column":66}}],"line":108}},"s":{"0":0,"1":0,"2":0,"3":0,"4":0,"5":0,"6":0,"7":0,"8":0,"9":0,"10":0,"11":0,"12":0,"13":0,"14":0,"15":0,"16":0,"17":0,"18":0,"19":0,"20":0,"21":0,"22":0,"23":0,"24":0,"25":0,"26":0,"27":0,"28":0,"29":0,"30":0,"31":0,"32":0,"33":0,"34":0,"35":0,"36":0,"37":0,"38":0,"39":0,"40":0,"41":0,"42":0,"43":0,"44":0,"45":0},"f":{"0":0,"1":0,"2":0,"3":0,"4":0,"5":0,"6":0,"7":0,"8":0,"9":0,"10":0,"11":0,"12":0},"b":{"0":[0,0],"1":[0,0],"2":[0,0],"3":[0,0]}}
,"C:\\coding\\ShepsiGrad_app\\ShepsiGrad\\App\\ShepsiGradNew\\app\\properties.tsx": {"path":"C:\\coding\\ShepsiGrad_app\\ShepsiGrad\\App\\ShepsiGradNew\\app\\properties.tsx","statementMap":{"0":{"start":{"line":6,"column":19},"end":{"line":37,"column":1}},"1":{"start":{"line":40,"column":17},"end":{"line":40,"column":28}},"2":{"start":{"line":42,"column":36},"end":{"line":44,"column":3}},"3":{"start":{"line":43,"column":4},"end":{"line":43,"column":35}},"4":{"start":{"line":46,"column":2},"end":{"line":73,"column":4}},"5":{"start":{"line":53,"column":32},"end":{"line":53,"column":39}},"6":{"start":{"line":55,"column":10},"end":{"line":68,"column":29}},"7":{"start":{"line":57,"column":27},"end":{"line":57,"column":61}},"8":{"start":{"line":76,"column":15},"end":{"line":111,"column":2}}},"fnMap":{"0":{"name":"PropertiesScreen","decl":{"start":{"line":39,"column":24},"end":{"line":39,"column":40}},"loc":{"start":{"line":39,"column":43},"end":{"line":74,"column":1}},"line":39},"1":{"name":"(anonymous_1)","decl":{"start":{"line":42,"column":36},"end":{"line":42,"column":37}},"loc":{"start":{"line":42,"column":52},"end":{"line":44,"column":3}},"line":42},"2":{"name":"(anonymous_2)","decl":{"start":{"line":53,"column":22},"end":{"line":53,"column":23}},"loc":{"start":{"line":53,"column":32},"end":{"line":53,"column":39}},"line":53},"3":{"name":"(anonymous_3)","decl":{"start":{"line":54,"column":20},"end":{"line":54,"column":21}},"loc":{"start":{"line":55,"column":10},"end":{"line":68,"column":29}},"line":55},"4":{"name":"(anonymous_4)","decl":{"start":{"line":57,"column":21},"end":{"line":57,"column":22}},"loc":{"start":{"line":57,"column":27},"end":{"line":57,"column":61}},"line":57}},"branchMap":{},"s":{"0":0,"1":0,"2":0,"3":0,"4":0,"5":0,"6":0,"7":0,"8":0},"f":{"0":0,"1":0,"2":0,"3":0,"4":0},"b":{}}
,"C:\\coding\\ShepsiGrad_app\\ShepsiGrad\\App\\ShepsiGradNew\\app\\search.tsx": {"path":"C:\\coding\\ShepsiGrad_app\\ShepsiGrad\\App\\ShepsiGradNew\\app\\search.tsx","statementMap":{"0":{"start":{"line":12,"column":21},"end":{"line":40,"column":1}},"1":{"start":{"line":13,"column":2},"end":{"line":39,"column":4}},"2":{"start":{"line":16,"column":21},"end":{"line":16,"column":41}},"3":{"start":{"line":42,"column":21},"end":{"line":280,"column":1}},"4":{"start":{"line":43,"column":17},"end":{"line":43,"column":28}},"5":{"start":{"line":44,"column":38},"end":{"line":44,"column":62}},"6":{"start":{"line":45,"column":54},"end":{"line":45,"column":78}},"7":{"start":{"line":46,"column":32},"end":{"line":46,"column":46}},"8":{"start":{"line":47,"column":40},"end":{"line":47,"column":55}},"9":{"start":{"line":48,"column":38},"end":{"line":48,"column":50}},"10":{"start":{"line":49,"column":34},"end":{"line":49,"column":66}},"11":{"start":{"line":50,"column":44},"end":{"line":63,"column":4}},"12":{"start":{"line":64,"column":40},"end":{"line":64,"column":55}},"13":{"start":{"line":65,"column":36},"end":{"line":70,"column":4}},"14":{"start":{"line":71,"column":54},"end":{"line":71,"column":65}},"15":{"start":{"line":74,"column":2},"end":{"line":89,"column":9}},"16":{"start":{"line":75,"column":28},"end":{"line":86,"column":5}},"17":{"start":{"line":76,"column":6},"end":{"line":85,"column":7}},"18":{"start":{"line":77,"column":8},"end":{"line":77,"column":25}},"19":{"start":{"line":78,"column":21},"end":{"line":78,"column":45}},"20":{"start":{"line":79,"column":8},"end":{"line":79,"column":28}},"21":{"start":{"line":80,"column":8},"end":{"line":80,"column":36}},"22":{"start":{"line":82,"column":8},"end":{"line":82,"column":62}},"23":{"start":{"line":84,"column":8},"end":{"line":84,"column":26}},"24":{"start":{"line":88,"column":4},"end":{"line":88,"column":22}},"25":{"start":{"line":92,"column":2},"end":{"line":131,"column":34}},"26":{"start":{"line":93,"column":25},"end":{"line":128,"column":5}},"27":{"start":{"line":94,"column":6},"end":{"line":127,"column":7}},"28":{"start":{"line":95,"column":8},"end":{"line":95,"column":29}},"29":{"start":{"line":98,"column":29},"end":{"line":101,"column":9}},"30":{"start":{"line":104,"column":25},"end":{"line":104,"column":66}},"31":{"start":{"line":105,"column":8},"end":{"line":105,"column":40}},"32":{"start":{"line":108,"column":20},"end":{"line":108,"column":21}},"33":{"start":{"line":110,"column":8},"end":{"line":110,"column":48}},"34":{"start":{"line":110,"column":40},"end":{"line":110,"column":48}},"35":{"start":{"line":111,"column":8},"end":{"line":111,"column":52}},"36":{"start":{"line":111,"column":44},"end":{"line":111,"column":52}},"37":{"start":{"line":112,"column":8},"end":{"line":112,"column":45}},"38":{"start":{"line":112,"column":37},"end":{"line":112,"column":45}},"39":{"start":{"line":113,"column":8},"end":{"line":113,"column":46}},"40":{"start":{"line":113,"column":38},"end":{"line":113,"column":46}},"41":{"start":{"line":114,"column":8},"end":{"line":114,"column":46}},"42":{"start":{"line":114,"column":38},"end":{"line":114,"column":46}},"43":{"start":{"line":115,"column":8},"end":{"line":115,"column":88}},"44":{"start":{"line":115,"column":80},"end":{"line":115,"column":88}},"45":{"start":{"line":116,"column":8},"end":{"line":116,"column":87}},"46":{"start":{"line":116,"column":79},"end":{"line":116,"column":87}},"47":{"start":{"line":117,"column":8},"end":{"line":117,"column":46}},"48":{"start":{"line":117,"column":38},"end":{"line":117,"column":46}},"49":{"start":{"line":118,"column":8},"end":{"line":118,"column":43}},"50":{"start":{"line":118,"column":35},"end":{"line":118,"column":43}},"51":{"start":{"line":119,"column":8},"end":{"line":119,"column":43}},"52":{"start":{"line":119,"column":35},"end":{"line":119,"column":43}},"53":{"start":{"line":120,"column":8},"end":{"line":120,"column":54}},"54":{"start":{"line":120,"column":46},"end":{"line":120,"column":54}},"55":{"start":{"line":122,"column":8},"end":{"line":122,"column":37}},"56":{"start":{"line":124,"column":8},"end":{"line":124,"column":64}},"57":{"start":{"line":126,"column":8},"end":{"line":126,"column":30}},"58":{"start":{"line":130,"column":4},"end":{"line":130,"column":19}},"59":{"start":{"line":134,"column":29},"end":{"line":136,"column":3}},"60":{"start":{"line":135,"column":4},"end":{"line":135,"column":25}},"61":{"start":{"line":139,"column":25},"end":{"line":141,"column":3}},"62":{"start":{"line":140,"column":4},"end":{"line":140,"column":58}},"63":{"start":{"line":140,"column":24},"end":{"line":140,"column":56}},"64":{"start":{"line":144,"column":30},"end":{"line":146,"column":3}},"65":{"start":{"line":145,"column":4},"end":{"line":145,"column":35}},"66":{"start":{"line":149,"column":29},"end":{"line":152,"column":3}},"67":{"start":{"line":150,"column":4},"end":{"line":150,"column":33}},"68":{"start":{"line":151,"column":4},"end":{"line":151,"column":26}},"69":{"start":{"line":155,"column":2},"end":{"line":162,"column":3}},"70":{"start":{"line":156,"column":4},"end":{"line":161,"column":6}},"71":{"start":{"line":164,"column":2},"end":{"line":279,"column":4}},"72":{"start":{"line":187,"column":25},"end":{"line":187,"column":45}},"73":{"start":{"line":223,"column":36},"end":{"line":223,"column":43}},"74":{"start":{"line":225,"column":14},"end":{"line":228,"column":16}},"75":{"start":{"line":240,"column":35},"end":{"line":253,"column":22}},"76":{"start":{"line":274,"column":23},"end":{"line":274,"column":44}},"77":{"start":{"line":282,"column":15},"end":{"line":456,"column":2}}},"fnMap":{"0":{"name":"(anonymous_0)","decl":{"start":{"line":12,"column":21},"end":{"line":12,"column":22}},"loc":{"start":{"line":12,"column":103},"end":{"line":40,"column":1}},"line":12},"1":{"name":"(anonymous_1)","decl":{"start":{"line":16,"column":15},"end":{"line":16,"column":16}},"loc":{"start":{"line":16,"column":21},"end":{"line":16,"column":41}},"line":16},"2":{"name":"(anonymous_2)","decl":{"start":{"line":42,"column":21},"end":{"line":42,"column":22}},"loc":{"start":{"line":42,"column":27},"end":{"line":280,"column":1}},"line":42},"3":{"name":"(anonymous_3)","decl":{"start":{"line":74,"column":12},"end":{"line":74,"column":13}},"loc":{"start":{"line":74,"column":18},"end":{"line":89,"column":3}},"line":74},"4":{"name":"(anonymous_4)","decl":{"start":{"line":75,"column":28},"end":{"line":75,"column":29}},"loc":{"start":{"line":75,"column":40},"end":{"line":86,"column":5}},"line":75},"5":{"name":"(anonymous_5)","decl":{"start":{"line":92,"column":12},"end":{"line":92,"column":13}},"loc":{"start":{"line":92,"column":18},"end":{"line":131,"column":3}},"line":92},"6":{"name":"(anonymous_6)","decl":{"start":{"line":93,"column":25},"end":{"line":93,"column":26}},"loc":{"start":{"line":93,"column":37},"end":{"line":128,"column":5}},"line":93},"7":{"name":"(anonymous_7)","decl":{"start":{"line":134,"column":29},"end":{"line":134,"column":30}},"loc":{"start":{"line":134,"column":46},"end":{"line":136,"column":3}},"line":134},"8":{"name":"(anonymous_8)","decl":{"start":{"line":139,"column":25},"end":{"line":139,"column":26}},"loc":{"start":{"line":139,"column":31},"end":{"line":141,"column":3}},"line":139},"9":{"name":"(anonymous_9)","decl":{"start":{"line":140,"column":16},"end":{"line":140,"column":17}},"loc":{"start":{"line":140,"column":24},"end":{"line":140,"column":56}},"line":140},"10":{"name":"(anonymous_10)","decl":{"start":{"line":144,"column":30},"end":{"line":144,"column":31}},"loc":{"start":{"line":144,"column":46},"end":{"line":146,"column":3}},"line":144},"11":{"name":"(anonymous_11)","decl":{"start":{"line":149,"column":29},"end":{"line":149,"column":30}},"loc":{"start":{"line":149,"column":60},"end":{"line":152,"column":3}},"line":149},"12":{"name":"(anonymous_12)","decl":{"start":{"line":187,"column":19},"end":{"line":187,"column":20}},"loc":{"start":{"line":187,"column":25},"end":{"line":187,"column":45}},"line":187},"13":{"name":"(anonymous_13)","decl":{"start":{"line":223,"column":26},"end":{"line":223,"column":27}},"loc":{"start":{"line":223,"column":36},"end":{"line":223,"column":43}},"line":223},"14":{"name":"(anonymous_14)","decl":{"start":{"line":224,"column":24},"end":{"line":224,"column":25}},"loc":{"start":{"line":225,"column":14},"end":{"line":228,"column":16}},"line":225},"15":{"name":"(anonymous_15)","decl":{"start":{"line":240,"column":29},"end":{"line":240,"column":30}},"loc":{"start":{"line":240,"column":35},"end":{"line":253,"column":22}},"line":240},"16":{"name":"(anonymous_16)","decl":{"start":{"line":274,"column":17},"end":{"line":274,"column":18}},"loc":{"start":{"line":274,"column":23},"end":{"line":274,"column":44}},"line":274}},"branchMap":{"0":{"loc":{"start":{"line":19,"column":9},"end":{"line":27,"column":9}},"type":"cond-expr","locations":[{"start":{"line":20,"column":10},"end":{"line":22,"column":17}},{"start":{"line":24,"column":10},"end":{"line":26,"column":17}}],"line":19},"1":{"loc":{"start":{"line":100,"column":17},"end":{"line":100,"column":47}},"type":"binary-expr","locations":[{"start":{"line":100,"column":17},"end":{"line":100,"column":34}},{"start":{"line":100,"column":38},"end":{"line":100,"column":47}}],"line":100},"2":{"loc":{"start":{"line":110,"column":8},"end":{"line":110,"column":48}},"type":"if","locations":[{"start":{"line":110,"column":8},"end":{"line":110,"column":48}},{"start":{},"end":{}}],"line":110},"3":{"loc":{"start":{"line":111,"column":8},"end":{"line":111,"column":52}},"type":"if","locations":[{"start":{"line":111,"column":8},"end":{"line":111,"column":52}},{"start":{},"end":{}}],"line":111},"4":{"loc":{"start":{"line":112,"column":8},"end":{"line":112,"column":45}},"type":"if","locations":[{"start":{"line":112,"column":8},"end":{"line":112,"column":45}},{"start":{},"end":{}}],"line":112},"5":{"loc":{"start":{"line":113,"column":8},"end":{"line":113,"column":46}},"type":"if","locations":[{"start":{"line":113,"column":8},"end":{"line":113,"column":46}},{"start":{},"end":{}}],"line":113},"6":{"loc":{"start":{"line":114,"co
[...]
,"C:\\coding\\ShepsiGrad_app\\ShepsiGrad\\App\\ShepsiGradNew\\app\\services\\syncService.ts": {"path":"C:\\coding\\ShepsiGrad_app\\ShepsiGrad\\App\\ShepsiGradNew\\app\\services\\syncService.ts","statementMap":{"0":{"start":{"line":15,"column":34},"end":{"line":15,"column":38}},"1":{"start":{"line":16,"column":33},"end":{"line":16,"column":38}},"2":{"start":{"line":17,"column":38},"end":{"line":17,"column":39}},"3":{"start":{"line":18,"column":54},"end":{"line":18,"column":63}},"4":{"start":{"line":19,"column":28},"end":{"line":19,"column":30}},"5":{"start":{"line":20,"column":45},"end":{"line":20,"column":49}},"6":{"start":{"line":23,"column":4},"end":{"line":23,"column":27}},"7":{"start":{"line":24,"column":4},"end":{"line":24,"column":70}},"8":{"start":{"line":27,"column":4},"end":{"line":40,"column":5}},"9":{"start":{"line":28,"column":6},"end":{"line":37,"column":9}},"10":{"start":{"line":29,"column":8},"end":{"line":29,"column":54}},"11":{"start":{"line":30,"column":8},"end":{"line":30,"column":88}},"12":{"start":{"line":32,"column":8},"end":{"line":36,"column":9}},"13":{"start":{"line":33,"column":10},"end":{"line":33,"column":27}},"14":{"start":{"line":35,"column":10},"end":{"line":35,"column":26}},"15":{"start":{"line":39,"column":6},"end":{"line":39,"column":64}},"16":{"start":{"line":44,"column":4},"end":{"line":47,"column":5}},"17":{"start":{"line":45,"column":6},"end":{"line":45,"column":25}},"18":{"start":{"line":46,"column":6},"end":{"line":46,"column":30}},"19":{"start":{"line":48,"column":4},"end":{"line":48,"column":52}},"20":{"start":{"line":52,"column":4},"end":{"line":52,"column":60}},"21":{"start":{"line":57,"column":4},"end":{"line":57,"column":43}},"22":{"start":{"line":63,"column":4},"end":{"line":63,"column":29}},"23":{"start":{"line":63,"column":22},"end":{"line":63,"column":29}},"24":{"start":{"line":65,"column":4},"end":{"line":69,"column":7}},"25":{"start":{"line":66,"column":6},"end":{"line":66,"column":44}},"26":{"start":{"line":67,"column":6},"end":{"line":67,"column":30}},"27":{"start":{"line":68,"column":6},"end":{"line":68,"column":33}},"28":{"start":{"line":71,"column":4},"end":{"line":74,"column":7}},"29":{"start":{"line":72,"column":6},"end":{"line":72,"column":42}},"30":{"start":{"line":73,"column":6},"end":{"line":73,"column":31}},"31":{"start":{"line":77,"column":4},"end":{"line":79,"column":7}},"32":{"start":{"line":78,"column":6},"end":{"line":78,"column":59}},"33":{"start":{"line":81,"column":4},"end":{"line":83,"column":7}},"34":{"start":{"line":82,"column":6},"end":{"line":82,"column":58}},"35":{"start":{"line":85,"column":4},"end":{"line":87,"column":7}},"36":{"start":{"line":86,"column":6},"end":{"line":86,"column":55}},"37":{"start":{"line":89,"column":4},"end":{"line":91,"column":7}},"38":{"start":{"line":90,"column":6},"end":{"line":90,"column":63}},"39":{"start":{"line":96,"column":4},"end":{"line":99,"column":5}},"40":{"start":{"line":97,"column":6},"end":{"line":97,"column":63}},"41":{"start":{"line":98,"column":6},"end":{"line":98,"column":13}},"42":{"start":{"line":101,"column":4},"end":{"line":105,"column":5}},"43":{"start":{"line":102,"column":6},"end":{"line":102,"column":39}},"44":{"start":{"line":103,"column":6},"end":{"line":103,"column":31}},"45":{"start":{"line":104,"column":6},"end":{"line":104,"column":25}},"46":{"start":{"line":107,"column":4},"end":{"line":111,"column":53}},"47":{"start":{"line":108,"column":6},"end":{"line":108,"column":31}},"48":{"start":{"line":109,"column":6},"end":{"line":109,"column":76}},"49":{"start":{"line":110,"column":6},"end":{"line":110,"column":36}},"50":{"start":{"line":116,"column":24},"end":{"line":116,"column":57}},"51":{"start":{"line":118,"column":4},"end":{"line":126,"column":5}},"52":{"start":{"line":119,"column":6},"end":{"line":125,"column":9}},"53":{"start":{"line":120,"column":8},"end":{"line":124,"column":9}},"54":{"start":{"line":121,"column":10},"end":{"line":121,"column":25}},"55":{"start":{"line":123,"column":10},"end":{"line":123,"column":72}},"56":{"start":{"line":131,"column":4},"end":{"line":134,"column":5}},"57":{"start":{"line":132,"column":6},"end":{"line":132,"column":61}},"58":{"start":{"line":133,"column":6},"end":{"line":133,"column":22}},"59":{"start":{"line":136,"column":4},"end":{"line":136,"column":55}},"60":{"start":{"line":138,"column":28},"end":{"line":142,"column":5}},"61":{"start":{"line":139,"column":6},"end":{"line":141,"column":7}},"62":{"start":{"line":140,"column":8},"end":{"line":140,"column":23}},"63":{"start":{"line":144,"column":4},"end":{"line":144,"column":64}},"64":{"start":{"line":146,"column":4},"end":{"line":151,"column":6}},"65":{"start":{"line":147,"column":6},"end":{"line":147,"column":69}},"66":{"start":{"line":148,"column":6},"end":{"line":150,"column":7}},"67":{"start":{"line":149,"column":8},"end":{"line":149,"column":61}},"68":{"start":{"line":156,"column":4},"end":{"line":159,"column":5}},"69":{"start":{"line":157,"column":6},"end":{"line":157,"column":61}},"70":{"start":{"line":158,"column":6},"end":{"line":158,"column":22}},"71":{"start":{"line":161,"column":4},"end":{"line":161,"column":42}},"72":{"start":{"line":163,"column":28},"end":{"line":167,"column":5}},"73":{"start":{"line":164,"column":6},"end":{"line":166,"column":7}},"74":{"start":{"line":165,"column":8},"end":{"line":165,"column":31}},"75":{"start":{"line":169,"column":4},"end":{"line":169,"column":60}},"76":{"start":{"line":171,"column":4},"end":{"line":176,"column":6}},"77":{"start":{"line":172,"column":6},"end":{"line":172,"column":65}},"78":{"start":{"line":173,"column":6},"end":{"line":175,"column":7}},"79":{"start":{"line":174,"column":8},"end":{"line":174,"column":47}},"80":{"start":{"line":181,"column":4},"end":{"line":194,"column":7}},"81":{"start":{"line":182,"column":6},"end":{"line":185,"column":7}},"82":{"start":{"line":183,"column":8},"end":{"line":183,"column":76}},"83":{"start":{"line":184,"column":8},"end":{"line":184,"column":15}},"84":{"start":{"line":187,"column":6},"end":{"line":193,"column":9}},"85":{"start":{"line":188,"column":8},"end":{"line":192,"column":9}},"86":{"start":{"line":189,"column":10},"end":{"line":189,"column":44}},"87":{"start":{"line":191,"column":10},"end":{"line":191,"column":24}},"88":{"start":{"line":199,"column":4},"end":{"line":201,"column":5}},"89":{"start":{"line":200,"column":6},"end":{"line":200,"column":51}},"90":{"start":{"line":203,"column":4},"end":{"line":203,"column":53}},"91":{"start":{"line":208,"column":24},"end":{"line":208,"column":57}},"92":{"start":{"line":209,"column":4},"end":{"line":211,"column":5}},"93":{"start":{"line":210,"column":6},"end":{"line":210,"column":35}},"94":{"start":{"line":216,"column":27},"end":{"line":216,"column":44}}},"fnMap":{"0":{"name":"(anonymous_0)","decl":{"start":{"line":22,"column":2},"end":{"line":22,"column":3}},"loc":{"start":{"line":22,"column":30},"end":{"line":41,"column":3}},"line":22},"1":{"name":"(anonymous_1)","decl":{"start":{"line":28,"column":50},"end":{"line":28,"column":51}},"loc":{"start":{"line":28,"column":59},"end":{"line":37,"column":7}},"line":28},"2":{"name":"(anonymous_2)","decl":{"start":{"line":43,"column":2},"end":{"line":43,"column":3}},"loc":{"start":{"line":43,"column":15},"end":{"line":49,"column":3}},"line":43},"3":{"name":"(anonymous_3)","decl":{"start":{"line":51,"column":2},"end":{"line":51,"column":3}},"loc":{"start":{"line":51,"column":22},"end":{"line":54,"column":3}},"line":51},"4":{"name":"(anonymous_4)","decl":{"start":{"line":56,"column":2},"end":{"line":56,"column":3}},"loc":{"start":{"line":56,"column":21},"end":{"line":59,"column":3}},"line":56},"5":{"name":"(anonymous_5)","decl":{"start":{"line":62,"column":2},"end":{"line":62,"column":3}},"loc":{"start":{"line":62,"column":38},"end":{"line":92,"column":3}},"line":62},"6":{"name":"(anonymous_6)","decl":{"start":{"line":65,"column":30},"end":{"line":65,"column":31}},"loc":{"start":{"line":65,"column":36},"end":{"line":69,"column":5}},"line":65},"7":{"name":"(anonymous_7)","decl":{"start":{"line":71,"column":33},"end":{"line":71,"column":34}},"loc":{"start":{"line":71,"column":39},"end":{"line":74,"column":5}},"line":71},"8":{"name":"(anonymous_8)","decl":{"start":{"line":77,"column":43},"end":{"line":77,"column":44}},"loc":{"start":{"line":77,"column":53},"end":{"line":79,"column":5}},"line":77},"9":{"name":"(anonymous_9)","decl":{"start":{"line":81,"column":42},"end":{"line":81,"column":43}},"loc":{"start":{"line":81,"column":52},"end":{"line":83,"column":5}},"line":81},"10":{"name":"(anonymous_10)","decl":{"start":{"line":85,"column":39},"end":{"line":85,"column":40}},"loc":{"start":{"line":85,"column":49},"end":{"line":87,"column":5}},"line":85},"11":{"name":"(anonymous_11)","decl":{"start":{"line":89,"column":47},"end":{"line":89,"column":48}},"loc":{"start":{"line":89,"column":57},"end":{"line":91,"column":5}},"line":89},"12":{"name":"(anonymous_12)","decl":{"start":{"line":95,"column":2},"end":{"line":95,"column":3}},"loc":{"start":{"line":95,"column":28},"end":{"line":112,"column":3}},"line":95},"13":{"name":"(anonymous_13)","decl":{"start":{"line":107,"column":15},"end":{"line":107,"column":16}},"loc":{"start":{"line":107,"column":21},"end":{"line":111,"column":5}},"line":107},"14":{"name":"(anonymous_14)","decl":{"start":{"line":115,"column":2},"end":{"line":115,"column":3}},"loc":{"start":{"line":115,"column":71},"end":{"line":127,"column":3}},"line":115},"15":{"name":"(anonymous_15)","decl":{"start":{"line":119,"column":26},"end":{"line":119,"column":27}},"loc":{"start":{"line":119,"column":38},"end":{"line":125,"column":7}},"line":119},"16":{"name":"(anonymous_16)","decl":{"start":{"line":130,"column":2},"end":{"line":130,"column":3}},"loc":{"start":{"line":130,"column":85},"end":{"line":152,"column":3}},"line":130},"17":{"name":"(anonymous_17)","decl":{"start":{"line":133,"column":13},"end":{"line":133,"column":14}},"loc":{"start":{"line":133,"column":19},"end":{"line":133,"column":21}},"line":133},"18":{"name":"(anonymous_18)","decl":{"start":{"line":138,"column":28},"end":{"line":138,"column":29}},"loc":{"start":{"line":138,"column":43},"end":{"line":142,"column":5}},"line":138},"19":{"name":"(anonymous_19)","decl":{"start":{"line":146,"column":11},"end":{"line":146,"column":12}},"loc":{"start":{"line":146,"column":17},"end":{"line":151,"column":5}},"line":146},"20":{"name":"(anonymous_20)","decl":{"start":{"line":155,"column":2},"end":{"line":155,"column":3}},"loc":{"start":{"line":155,"column":80},"end":{"line":177,"column":3}},"line":155},"21":{"name":"(anonymous_21)","decl":{"start":{"line":158,"column":13},"end":{"line":158,"column":14}},"loc":{"start":{"line":158,"column":19},"end":{"line":158,"column":21}},"line":158},"22":{"name":"(anonymous_22)","decl":{"start":{"line":163,"column":28},"end":{"line":163,"column":29}},"loc":{"start":{"line":163,"column":43},"end":{"line":167,"column":5}},"line":163},"23":{"name":"(anonymous_23)","decl":{"start":{"line":171,"column":11},"end":{"line":171,"column":12}},"loc":{"start":{"line":171,"column":17},"end":{"line":176,"column":5}},"line":171},"24":{"name":"(anonymous_24)","decl":{"start":{"line":180,"column":2},"end":{"line":180,"column":3}},"loc":{"start":{"line":180,"column":66},"end":{"line":195,"column":3}},"line":180},"25":{"name":"(anonymous_25)","decl":{"start":{"line":181,"column":23},"end":{"line":181,"column":24}},"loc":{"start":{"line":181,"column":44},"end":{"line":194,"column":5}},"line":181},"26":{"name":"(anonymous_26)","decl":{"start":{"line":187,"column":60},"end":{"line":187,"column":61}},"loc":{"start":{"line":187,"column":79},"end":{"line":193,"column":7}},"line":187},"27":{"name":"(anonymous_27)","decl":{"start":{"line":198,"column":2},"end":{"line":198,"column":3}},"loc":{"start":{"line":198,"column":76},"end":{"line":204,"column":3}},"line":198},"28":{"name":"(anonymous_28)","decl":{"start":{"line":207,"column":2},"end":{"line":207,"column":3}},"loc":{"start":{"line":207,"column":79},"end":{"line":212,"column":3}},"line":207}},"branchMap":{"0":{"loc":{"start":{"line":29,"column":27},"end":{"line":29,"column":53}},"type":"binary-expr","locations":[{"start":{"line":29,"column":27},"end":{"line":29,"column":44}},{"start":{"line":29,"column":48},"end":{"line":29,"column":53}}],"line":29},"1":{"loc":{"start":{"line":30,"column":39},"end":{"line":30,"column":84}},"type":"cond-expr","locations":[{"start":{"line":30,"column":58},"end":{"line":30,"column":70}},{"start":{"line":30,"column":73},"end":{"line":30,"column":84}}],"line":30},"2":{"loc":{"start":{"line":32,"column":8},"end":{"line":36,"column":9}},"type":"if","locations":[{"start":{"line":32,"column":8},"end":{"line":36,"column":9}},{"start":{"line":34,"column":15},"end":{"line":36,"column":9}}],"line":32},"3":{"loc":{"start":{"line":44,"column":4},"end":{"line":47,"column":5}},"type":"if","locations":[{"start":{"line":44,"column":4},"end":{"line":47,"column":5}},{"start":{},"end":{}}],"line":44},"4":{"loc":{"start":{"line":63,"column":4},"end":{"line":63,"column":29}},"type":"if","locations":[{"start":{"line":63,"column":4},"end":{"line":63,"column":29}},{"start":{},"end":{}}],"line":63},"5":{"loc":{"start":{"line":96,"column":4},"end":{"line":99,"column":5}},"type":"if","locations":[{"start":{"line":96,"column":4},"end":{"line":99,"column":5}},{"start":{},"end":{}}],"line":96},"6":{"loc":{"start":{"line":101,"column":4},"end":{"line":105,"column":5}},"type":"if","locations":[{"start":{"line":101,"column":4},"end":{"line":105,"column":5}},{"start":{},"end":{}}],"line":101},"7":{"loc":{"start":{"line":118,"column":4},"end":{"line":126,"column":5}},"type":"if","locations":[{"start":{"line":118,"column":4},"end":{"line":126,"column":5}},{"start":{},"end":{}}],"line":118},"8":{"loc":{"start":{"line":131,"column":4},"end":{"line":134,"column":5}},"type":"if","locations":[{"start":{"line":131,"column":4},"end":{"line":134,"column":5}},{"start":{},"end":{}}],"line":131},"9":{"loc":{"start":{"line":131,"column":8},"end":{"line":131,"column":41}},"type":"binary-expr","locations":[{"start":{"line":131,"column":8},"end":{"line":131,"column":20}},{"start":{"line":131,"column":24},"end":{"line":131,"column":41}}],"line":131},"10":{"loc":{"start":{"line":139,"column":6},"end":{"line":141,"column":7}},"type":"if","locations":[{"start":{"line":139,"column":6},"end":{"line":141,"column":7}},{"start":{},"end":{}}],"line":139},"11":{"loc":{"start":{"line":148,"column":6},"end":{"line":150,"column":7}},"type":"if","locations":[{"start":{"line":148,"column":6},"end":{"line":150,"column":7}},{"start":{},"end":{}}],"line":148},"12":{"loc":{"start":{"line":148,"column":10},"end":{"line":148,"column":41}},"type":"binary-expr","locations":[{"start":{"line":148,"column":10},"end":{"line":148,"column":21}},{"start":{"line":148,"column":25},"end":{"line":148,"column":41}}],"line":148},"13":{"loc":{"start":{"line":156,"column":4},"end":{"line":159,"column":5}},"type":"if","locations":[{"start":{"line":156,"column":4},"end":{"line":159,"column":5}},{"start":{},"end":{}}],"line":156},"14":{"loc":{"start":{"line":156,"column":8},"end":{"line":156,"column":41}},"type":"binary-expr","locations":[{"start":{"line":156,"column":8},"end":{"line":156,"column":20}},{"start":{"line":156,"column":24},"end":{"line":156,"column":41}}],"line":156},"15":{"loc":{"start":{"line":164,"column":6},"end":{"line":166,"column":7}},"type":"if","locations":[{"start":{"line":164,"column":6},"end":{"line":166,"column":7}},{"start":{},"end":{}}],"line":164},"16":{"loc":{"start":{"line":173,"column":6},"end":{"line":175,"column":7}},"type":"if","locations":[{"start":{"line":173,"column":6},"end":{"line":175,"column":7}},{"start":{},"end":{}}],"line":173},"17":{"loc":{"start":{"line":173,"column":10},"end":{"line":173,"column":41}},"type":"binary-expr","locations":[{"start":{"line":173,"column":10},"end":{"line":173,"column":21}},{"start":{"line":173,"column":25},"end":{"line":173,"column":41}}],"line":173},"18":{"loc":{"start":{"line":182,"column":6},"end":{"line":185,"column":7}},"type":"if","locations":[{"start":{"line":182,"column":6},"end":{"line":185,"column":7}},{"start":{},"end":{}}],"line":182},"19":{"loc":{"start":{"line":182,"column":10},"end":{"line":182,"column":43}},"type":"binary-expr","locations":[{"start":{"line":182,"column":10},"end":{"line":182,"column":22}},{"start":{"line":182,"column":26},"end":{"line":182,"column":43}}],"line":182},"20":{"loc":{"start":{"line":188,"column":8},"end":{"line":192,"column":9}},"type":"if","locations":[{"start":{"line":188,"column":8},"end":{"line":192,"column":9}},{"start":{"line":190,"column":15},"end":{"line":192,"column":9}}],"line":188},"21":{"loc":{"start":{"line":188,"column":12},"end":{"line":188,"column":38}},"type":"binary-expr","locations":[{"start":{"line":188,"column":12},"end":{"line":188,"column":20}},{"start":{"line":188,"column":24},"end":{"line":188,"column":38}}],"line":188},"22":{"loc":{"start":{"line":199,"column":4},"end":{"line":201,"column":5}},"type":"if","locations":[{"start":{"line":199,"column":4},"end":{"line":201,"column":5}},{"start":{},"end":{}}],"line":199},"23":{"loc":{"start":{"line":209,"column":4},"end":{"line":211,"column":5}},"type":"if","locations":[{"start":{"line":209,"column":4},"end":{"line":211,"column":5}},{"start":{},"end":{}}],"line":209}},"s":{"0":0,"1":0,"2":0,"3":0,"4":0,"5":0,"6":0,"7":0,"8":0,"9":0,"10":0,"11":0,"12":0,"13":0,"14":0,"15":0,"16":0,"17":0,"18":0,"19":0,"20":0,"21":0,"22":0,"23":0,"24":0,"25":0,"26":0,"27":0,"28":0,"29":0,"30":0,"31":0,"32":0,"33":0,"34":0,"35":0,"36":0,"37":0,"38":0,"39":0,"40":0,"41":0,"42":0,"43":0,"44":0,"45":0,"46":0,"47":0,"48":0,"49":0,"50":0,"51":0,"52":0,"53":0,"54":0,"55":0,"56":0,"57":0,"58":0,"59":0,"60":0,"61":0,"62":0,"63":0,"64":0,"65":0,"66":0,"67":0,"68":0,"69":0,"70":0,"71":0,"72":0,"73":0,"74":0,"75":0,"76":0,"77":0,"78":0,"79":0,"80":0,"81":0,"82":0,"83":0,"84":0,"85":0,"86":0,"87":0,"88":0,"89":0,"90":0,"91":0,"92":0,"93":0,"94":0},"f":{"0":0,"1":0,"2":0,"3":0,"4":0,"5":0,"6":0,"7":0,"8":0,"9":0,"10":0,"11":0,"12":0,"13":0,"14":0,"15":0,"16":0,"17":0,"18":0,"19":0,"20":0,"21":0,"22":0,"23":0,"24":0,"25":0,"26":0,"27":0,"28":0},"b":{"0":[0,0],"1":[0,0],"2":[0,0],"3":[0,0],"4":[0,0],"5":[0,0],"6":[0,0],"7":[0,0],"8":[0,0],"9":[0,0],"10":[0,0],"11":[0,0],"12":[0,0],"13":[0,0],"14":[0,0],"15":[0,0],"16":[0,0],"17":[0,0],"18":[0,0],"19":[0,0],"20":[0,0],"21":[0,0],"22":[0,0],"23":[0,0]}}
,"C:\\coding\\ShepsiGrad_app\\ShepsiGrad\\App\\ShepsiGradNew\\app\\types\\Booking.ts": {"path":"C:\\coding\\ShepsiGrad_app\\ShepsiGrad\\App\\ShepsiGradNew\\app\\types\\Booking.ts","statementMap":{},"fnMap":{},"branchMap":{},"s":{},"f":{},"b":{}}
,"C:\\coding\\ShepsiGrad_app\\ShepsiGrad\\App\\ShepsiGradNew\\app\\types\\Chat.ts": {"path":"C:\\coding\\ShepsiGrad_app\\ShepsiGrad\\App\\ShepsiGradNew\\app\\types\\Chat.ts","statementMap":{},"fnMap":{},"branchMap":{},"s":{},"f":{},"b":{}}
,"C:\\coding\\ShepsiGrad_app\\ShepsiGrad\\App\\ShepsiGradNew\\app\\types\\FilterOptions.ts": {"path":"C:\\coding\\ShepsiGrad_app\\ShepsiGrad\\App\\ShepsiGradNew\\app\\types\\FilterOptions.ts","statementMap":{},"fnMap":{},"branchMap":{},"s":{},"f":{},"b":{}}
,"C:\\coding\\ShepsiGrad_app\\ShepsiGrad\\App\\ShepsiGradNew\\app\\types\\Review.ts": {"path":"C:\\coding\\ShepsiGrad_app\\ShepsiGrad\\App\\ShepsiGradNew\\app\\types\\Review.ts","statementMap":{},"fnMap":{},"branchMap":{},"s":{},"f":{},"b":{}}
}
