TN:
SF:App.tsx
FN:15,App
FN:20,(anonymous_1)
FNF:2
FNH:0
FNDA:0,App
FNDA:0,(anonymous_1)
DA:12,0
DA:16,0
DA:20,0
DA:21,0
DA:22,0
DA:26,0
DA:27,0
DA:31,0
LF:8
LH:0
BRDA:21,0,0,0
BRDA:21,0,1,0
BRDA:26,1,0,0
BRDA:26,1,1,0
BRF:4
BRH:0
end_of_record
TN:
SF:app.config.js
FNF:0
FNH:0
DA:2,0
DA:48,0
DA:49,0
DA:50,0
DA:51,0
DA:52,0
DA:53,0
LF:7
LH:0
BRF:0
BRH:0
end_of_record
TN:
SF:index.js
FNF:0
FNH:0
LF:0
LH:0
BRF:0
BRH:0
end_of_record
TN:
SF:index.ts
FN:16,setupPolyfills
FN:20,(anonymous_1)
FN:27,(anonymous_2)
FN:34,(anonymous_3)
FN:96,(anonymous_4)
FN:104,(anonymous_5)
FN:117,(anonymous_6)
FN:125,(anonymous_7)
FNF:8
FNH:0
FNDA:0,setupPolyfills
FNDA:0,(anonymous_1)
FNDA:0,(anonymous_2)
FNDA:0,(anonymous_3)
FNDA:0,(anonymous_4)
FNDA:0,(anonymous_5)
FNDA:0,(anonymous_6)
FNDA:0,(anonymous_7)
DA:16,0
DA:18,0
DA:19,0
DA:21,0
DA:22,0
DA:23,0
DA:25,0
DA:28,0
DA:29,0
DA:30,0
DA:32,0
DA:35,0
DA:37,0
DA:38,0
DA:44,0
DA:46,0
DA:47,0
DA:50,0
DA:96,0
DA:99,0
DA:102,0
DA:103,0
DA:104,0
DA:105,0
DA:107,0
DA:111,0
DA:115,0
DA:116,0
DA:117,0
DA:118,0
DA:119,0
DA:121,0
DA:124,0
DA:125,0
DA:126,0
DA:127,0
DA:129,0
DA:135,0
DA:136,0
DA:150,0
LF:40
LH:0
BRDA:18,0,0,0
BRDA:18,0,1,0
BRDA:18,1,0,0
BRDA:18,1,1,0
BRDA:22,2,0,0
BRDA:22,2,1,0
BRDA:22,3,0,0
BRDA:22,3,1,0
BRDA:29,4,0,0
BRDA:29,4,1,0
BRDA:29,5,0,0
BRDA:29,5,1,0
BRDA:44,6,0,0
BRDA:44,6,1,0
BRDA:44,7,0,0
BRDA:44,7,1,0
BRDA:63,8,0,0
BRDA:63,8,1,0
BRDA:66,9,0,0
BRDA:66,9,1,0
BRDA:67,10,0,0
BRDA:67,10,1,0
BRDA:68,11,0,0
BRDA:68,11,1,0
BRDA:69,12,0,0
BRDA:69,12,1,0
BRDA:70,13,0,0
BRDA:70,13,1,0
BRDA:73,14,0,0
BRDA:73,14,1,0
BRDA:74,15,0,0
BRDA:74,15,1,0
BRDA:75,16,0,0
BRDA:75,16,1,0
BRDA:76,17,0,0
BRDA:76,17,1,0
BRDA:77,18,0,0
BRDA:77,18,1,0
BRDA:86,19,0,0
BRDA:86,19,1,0
BRDA:102,20,0,0
BRDA:102,20,1,0
BRDA:115,21,0,0
BRDA:115,21,1,0
BRDA:118,22,0,0
BRDA:118,22,1,0
BRDA:126,23,0,0
BRDA:126,23,1,0
BRDA:135,24,0,0
BRDA:135,24,1,0
BRF:50
BRH:0
end_of_record
TN:
SF:jest.config.js
FNF:0
FNH:0
DA:1,0
LF:1
LH:0
BRF:0
BRH:0
end_of_record
TN:
SF:metro.config.js
FNF:0
FNH:0
DA:2,0
DA:5,0
DA:8,0
DA:9,0
DA:12,0
DA:15,0
DA:16,0
DA:18,0
LF:8
LH:0
BRF:0
BRH:0
end_of_record
TN:
SF:webpack.config.js
FN:4,(anonymous_0)
FNF:1
FNH:0
FNDA:0,(anonymous_0)
DA:1,0
DA:2,0
DA:4,0
DA:5,0
DA:8,0
DA:16,0
DA:30,0
LF:7
LH:0
BRF:0
BRH:0
end_of_record
TN:
SF:.expo\metro.config.js
FNF:0
FNH:0
DA:2,0
DA:5,0
DA:13,0
DA:15,0
LF:4
LH:0
BRF:0
BRH:0
end_of_record
TN:
SF:.expo\metro\polyfill.js
FN:1,(anonymous_0)
FNF:1
FNH:0
FNDA:0,(anonymous_0)
DA:1,0
LF:1
LH:0
BRDA:1,0,0,0
BRDA:1,0,1,0
BRF:2
BRH:0
end_of_record
TN:
SF:.expo\metro\polyfill.native.js
FN:1,(anonymous_0)
FNF:1
FNH:0
FNDA:0,(anonymous_0)
DA:1,0
LF:1
LH:0
BRF:0
BRH:0
end_of_record
TN:
SF:.expo\metro\externals\assert\index.js
FNF:0
FNH:0
DA:1,0
LF:1
LH:0
BRF:0
BRH:0
end_of_record
TN:
SF:.expo\metro\externals\async_hooks\index.js
FNF:0
FNH:0
DA:1,0
LF:1
LH:0
BRF:0
BRH:0
end_of_record
TN:
SF:.expo\metro\externals\buffer\index.js
FNF:0
FNH:0
DA:1,0
LF:1
LH:0
BRF:0
BRH:0
end_of_record
TN:
SF:.expo\metro\externals\child_process\index.js
FNF:0
FNH:0
DA:1,0
LF:1
LH:0
BRF:0
BRH:0
end_of_record
TN:
SF:.expo\metro\externals\cluster\index.js
FNF:0
FNH:0
DA:1,0
LF:1
LH:0
BRF:0
BRH:0
end_of_record
TN:
SF:.expo\metro\externals\console\index.js
FNF:0
FNH:0
DA:1,0
LF:1
LH:0
BRF:0
BRH:0
end_of_record
TN:
SF:.expo\metro\externals\constants\index.js
FNF:0
FNH:0
DA:1,0
LF:1
LH:0
BRF:0
BRH:0
end_of_record
TN:
SF:.expo\metro\externals\crypto\index.js
FNF:0
FNH:0
DA:1,0
LF:1
LH:0
BRF:0
BRH:0
end_of_record
TN:
SF:.expo\metro\externals\dgram\index.js
FNF:0
FNH:0
DA:1,0
LF:1
LH:0
BRF:0
BRH:0
end_of_record
TN:
SF:.expo\metro\externals\diagnostics_channel\index.js
FNF:0
FNH:0
DA:1,0
LF:1
LH:0
BRF:0
BRH:0
end_of_record
TN:
SF:.expo\metro\externals\dns\index.js
FNF:0
FNH:0
DA:1,0
LF:1
LH:0
BRF:0
BRH:0
end_of_record
TN:
SF:.expo\metro\externals\domain\index.js
FNF:0
FNH:0
DA:1,0
LF:1
LH:0
BRF:0
BRH:0
end_of_record
TN:
SF:.expo\metro\externals\events\index.js
FNF:0
FNH:0
DA:1,0
LF:1
LH:0
BRF:0
BRH:0
end_of_record
TN:
SF:.expo\metro\externals\fs\index.js
FNF:0
FNH:0
DA:1,0
LF:1
LH:0
BRF:0
BRH:0
end_of_record
TN:
SF:.expo\metro\externals\fs\promises\index.js
FNF:0
FNH:0
DA:1,0
LF:1
LH:0
BRF:0
BRH:0
end_of_record
TN:
SF:.expo\metro\externals\http\index.js
FNF:0
FNH:0
DA:1,0
LF:1
LH:0
BRF:0
BRH:0
end_of_record
TN:
SF:.expo\metro\externals\http2\index.js
FNF:0
FNH:0
DA:1,0
LF:1
LH:0
BRF:0
BRH:0
end_of_record
TN:
SF:.expo\metro\externals\https\index.js
FNF:0
FNH:0
DA:1,0
LF:1
LH:0
BRF:0
BRH:0
end_of_record
TN:
SF:.expo\metro\externals\inspector\index.js
FNF:0
FNH:0
DA:1,0
LF:1
LH:0
BRF:0
BRH:0
end_of_record
TN:
SF:.expo\metro\externals\module\index.js
FNF:0
FNH:0
DA:1,0
LF:1
LH:0
BRF:0
BRH:0
end_of_record
TN:
SF:.expo\metro\externals\net\index.js
FNF:0
FNH:0
DA:1,0
LF:1
LH:0
BRF:0
BRH:0
end_of_record
TN:
SF:.expo\metro\externals\os\index.js
FNF:0
FNH:0
DA:1,0
LF:1
LH:0
BRF:0
BRH:0
end_of_record
TN:
SF:.expo\metro\externals\path\index.js
FNF:0
FNH:0
DA:1,0
LF:1
LH:0
BRF:0
BRH:0
end_of_record
TN:
SF:.expo\metro\externals\perf_hooks\index.js
FNF:0
FNH:0
DA:1,0
LF:1
LH:0
BRF:0
BRH:0
end_of_record
TN:
SF:.expo\metro\externals\process\index.js
FNF:0
FNH:0
DA:1,0
LF:1
LH:0
BRF:0
BRH:0
end_of_record
TN:
SF:.expo\metro\externals\punycode\index.js
FNF:0
FNH:0
DA:1,0
LF:1
LH:0
BRF:0
BRH:0
end_of_record
TN:
SF:.expo\metro\externals\querystring\index.js
FNF:0
FNH:0
DA:1,0
LF:1
LH:0
BRF:0
BRH:0
end_of_record
TN:
SF:.expo\metro\externals\readline\index.js
FNF:0
FNH:0
DA:1,0
LF:1
LH:0
BRF:0
BRH:0
end_of_record
TN:
SF:.expo\metro\externals\repl\index.js
FNF:0
FNH:0
DA:1,0
LF:1
LH:0
BRF:0
BRH:0
end_of_record
TN:
SF:.expo\metro\externals\stream\index.js
FNF:0
FNH:0
DA:1,0
LF:1
LH:0
BRF:0
BRH:0
end_of_record
TN:
SF:.expo\metro\externals\string_decoder\index.js
FNF:0
FNH:0
DA:1,0
LF:1
LH:0
BRF:0
BRH:0
end_of_record
TN:
SF:.expo\metro\externals\timers\index.js
FNF:0
FNH:0
DA:1,0
LF:1
LH:0
BRF:0
BRH:0
end_of_record
TN:
SF:.expo\metro\externals\tls\index.js
FNF:0
FNH:0
DA:1,0
LF:1
LH:0
BRF:0
BRH:0
end_of_record
TN:
SF:.expo\metro\externals\trace_events\index.js
FNF:0
FNH:0
DA:1,0
LF:1
LH:0
BRF:0
BRH:0
end_of_record
TN:
SF:.expo\metro\externals\tty\index.js
FNF:0
FNH:0
DA:1,0
LF:1
LH:0
BRF:0
BRH:0
end_of_record
TN:
SF:.expo\metro\externals\url\index.js
FNF:0
FNH:0
DA:1,0
LF:1
LH:0
BRF:0
BRH:0
end_of_record
TN:
SF:.expo\metro\externals\util\index.js
FNF:0
FNH:0
DA:1,0
LF:1
LH:0
BRF:0
BRH:0
end_of_record
TN:
SF:.expo\metro\externals\v8\index.js
FNF:0
FNH:0
DA:1,0
LF:1
LH:0
BRF:0
BRH:0
end_of_record
TN:
SF:.expo\metro\externals\vm\index.js
FNF:0
FNH:0
DA:1,0
LF:1
LH:0
BRF:0
BRH:0
end_of_record
TN:
SF:.expo\metro\externals\wasi\index.js
FNF:0
FNH:0
DA:1,0
LF:1
LH:0
BRF:0
BRH:0
end_of_record
TN:
SF:.expo\metro\externals\worker_threads\index.js
FNF:0
FNH:0
DA:1,0
LF:1
LH:0
BRF:0
BRH:0
end_of_record
TN:
SF:.expo\metro\externals\zlib\index.js
FNF:0
FNH:0
DA:1,0
LF:1
LH:0
BRF:0
BRH:0
end_of_record
TN:
SF:.expo\metro\shims\react-native-web\dist\cjs\exports\AppRegistry\AppContainer.js
FN:4,AppContainer
FNF:1
FNH:0
FNDA:0,AppContainer
DA:5,0
DA:8,0
DA:9,0
DA:12,0
DA:13,0
LF:5
LH:0
BRDA:8,0,0,0
BRDA:8,0,1,0
BRF:2
BRH:0
end_of_record
TN:
SF:.expo\metro\shims\react-native-web\dist\cjs\exports\BackHandler\index.js
FN:2,emptyFunction
FN:6,(anonymous_1)
FNF:2
FNH:0
FNDA:0,emptyFunction
FNDA:0,(anonymous_1)
DA:3,0
DA:4,0
DA:6,0
DA:9,0
DA:10,0
LF:5
LH:0
BRF:0
BRH:0
end_of_record
TN:
SF:.expo\metro\shims\react-native-web\dist\exports\AppRegistry\AppContainer.js
FN:4,AppContainer
FNF:1
FNH:0
FNDA:0,AppContainer
DA:5,0
DA:8,0
DA:9,0
LF:3
LH:0
BRDA:8,0,0,0
BRDA:8,0,1,0
BRF:2
BRH:0
end_of_record
TN:
SF:.expo\metro\shims\react-native-web\dist\exports\BackHandler\index.js
FN:1,emptyFunction
FN:4,(anonymous_1)
FNF:2
FNH:0
FNDA:0,emptyFunction
FNDA:0,(anonymous_1)
DA:2,0
DA:4,0
LF:2
LH:0
BRF:0
BRH:0
end_of_record
TN:
SF:app\+not-found.tsx
FN:5,NotFoundScreen
FN:15,(anonymous_1)
FNF:2
FNH:0
FNDA:0,NotFoundScreen
FNDA:0,(anonymous_1)
DA:6,0
DA:8,0
DA:15,0
DA:23,0
LF:4
LH:0
BRF:0
BRH:0
end_of_record
TN:
SF:app\_layout.tsx
FN:11,AppLayout
FN:17,(anonymous_1)
FN:18,(anonymous_2)
FN:31,(anonymous_3)
FN:62,CustomTabBar
FN:68,(anonymous_5)
FN:129,(anonymous_6)
FN:138,(anonymous_7)
FNF:8
FNH:0
FNDA:0,AppLayout
FNDA:0,(anonymous_1)
FNDA:0,(anonymous_2)
FNDA:0,(anonymous_3)
FNDA:0,CustomTabBar
FNDA:0,(anonymous_5)
FNDA:0,(anonymous_6)
FNDA:0,(anonymous_7)
DA:12,0
DA:13,0
DA:14,0
DA:17,0
DA:18,0
DA:19,0
DA:20,0
DA:21,0
DA:23,0
DA:27,0
DA:30,0
DA:31,0
DA:34,0
DA:64,0
DA:65,0
DA:68,0
DA:69,0
DA:70,0
DA:71,0
DA:72,0
DA:75,0
DA:77,0
DA:83,0
DA:84,0
DA:87,0
DA:125,0
DA:131,0
DA:134,0
DA:138,0
DA:167,0
LF:30
LH:0
BRDA:69,0,0,0
BRDA:69,0,1,0
BRDA:75,1,0,0
BRDA:75,1,1,0
BRDA:83,2,0,0
BRDA:83,2,1,0
BRDA:83,3,0,0
BRDA:83,3,1,0
BRDA:131,4,0,0
BRDA:131,4,1,0
BRDA:131,4,2,0
BRDA:131,4,3,0
BRDA:131,4,4,0
BRDA:142,5,0,0
BRDA:142,5,1,0
BRDA:144,6,0,0
BRDA:144,6,1,0
BRDA:149,7,0,0
BRDA:149,7,1,0
BRDA:160,8,0,0
BRDA:160,8,1,0
BRF:21
BRH:0
end_of_record
TN:
SF:app\bookings.tsx
FN:14,BookingsScreen
FN:22,(anonymous_1)
FN:26,(anonymous_2)
FN:40,(anonymous_3)
FN:63,(anonymous_4)
FN:68,(anonymous_5)
FN:77,(anonymous_6)
FN:80,(anonymous_7)
FN:101,(anonymous_8)
FN:127,(anonymous_9)
FN:128,(anonymous_10)
FN:152,(anonymous_11)
FN:161,(anonymous_12)
FNF:13
FNH:0
FNDA:0,BookingsScreen
FNDA:0,(anonymous_1)
FNDA:0,(anonymous_2)
FNDA:0,(anonymous_3)
FNDA:0,(anonymous_4)
FNDA:0,(anonymous_5)
FNDA:0,(anonymous_6)
FNDA:0,(anonymous_7)
FNDA:0,(anonymous_8)
FNDA:0,(anonymous_9)
FNDA:0,(anonymous_10)
FNDA:0,(anonymous_11)
FNDA:0,(anonymous_12)
DA:15,0
DA:16,0
DA:17,0
DA:18,0
DA:19,0
DA:20,0
DA:22,0
DA:23,0
DA:26,0
DA:27,0
DA:28,0
DA:30,0
DA:31,0
DA:32,0
DA:34,0
DA:36,0
DA:40,0
DA:41,0
DA:43,0
DA:45,0
DA:50,0
DA:54,0
DA:59,0
DA:63,0
DA:64,0
DA:65,0
DA:68,0
DA:69,0
DA:70,0
DA:71,0
DA:73,0
DA:77,0
DA:78,0
DA:80,0
DA:96,0
DA:102,0
DA:127,0
DA:129,0
DA:152,0
DA:161,0
DA:169,0
LF:41
LH:0
BRDA:43,0,0,0
BRDA:43,0,1,0
BRDA:43,0,2,0
BRDA:43,0,3,0
BRDA:43,0,4,0
BRDA:79,1,0,0
BRDA:79,1,1,0
BRDA:85,2,0,0
BRDA:85,2,1,0
BRDA:89,3,0,0
BRDA:89,3,1,0
BRDA:119,4,0,0
BRDA:119,4,1,0
BRDA:124,5,0,0
BRDA:124,5,1,0
BRDA:142,6,0,0
BRDA:142,6,1,0
BRDA:144,7,0,0
BRDA:144,7,1,0
BRDA:146,8,0,0
BRDA:146,8,1,0
BRF:21
BRH:0
end_of_record
TN:
SF:app\config.ts
FNF:0
FNH:0
DA:19,1
DA:29,1
DA:40,1
LF:3
LH:3
BRDA:40,0,0,1
BRDA:40,0,1,0
BRF:2
BRH:1
end_of_record
TN:
SF:app\favorites.tsx
FN:41,FavoritesScreen
FN:45,(anonymous_1)
FN:49,(anonymous_2)
FN:50,(anonymous_3)
FN:72,(anonymous_4)
FN:80,(anonymous_5)
FN:81,(anonymous_6)
FN:84,(anonymous_7)
FN:95,(anonymous_8)
FN:105,(anonymous_9)
FNF:10
FNH:0
FNDA:0,FavoritesScreen
FNDA:0,(anonymous_1)
FNDA:0,(anonymous_2)
FNDA:0,(anonymous_3)
FNDA:0,(anonymous_4)
FNDA:0,(anonymous_5)
FNDA:0,(anonymous_6)
FNDA:0,(anonymous_7)
FNDA:0,(anonymous_8)
FNDA:0,(anonymous_9)
DA:17,0
DA:42,0
DA:43,0
DA:45,0
DA:46,0
DA:49,0
DA:50,0
DA:53,0
DA:72,0
DA:80,0
DA:82,0
DA:84,0
DA:95,0
DA:105,0
DA:119,0
LF:15
LH:0
BRDA:65,0,0,0
BRDA:65,0,1,0
BRF:2
BRH:0
end_of_record
TN:
SF:app\index.tsx
FN:70,HomeScreen
FN:74,(anonymous_1)
FN:78,(anonymous_2)
FN:82,(anonymous_3)
FN:85,(anonymous_4)
FN:115,(anonymous_5)
FN:137,(anonymous_6)
FN:162,(anonymous_7)
FN:172,(anonymous_8)
FN:180,(anonymous_9)
FNF:10
FNH:0
FNDA:0,HomeScreen
FNDA:0,(anonymous_1)
FNDA:0,(anonymous_2)
FNDA:0,(anonymous_3)
FNDA:0,(anonymous_4)
FNDA:0,(anonymous_5)
FNDA:0,(anonymous_6)
FNDA:0,(anonymous_7)
FNDA:0,(anonymous_8)
FNDA:0,(anonymous_9)
DA:19,0
DA:59,0
DA:67,0
DA:68,0
DA:71,0
DA:72,0
DA:74,0
DA:75,0
DA:78,0
DA:79,0
DA:82,0
DA:83,0
DA:85,0
DA:115,0
DA:116,0
DA:124,0
DA:137,0
DA:162,0
DA:172,0
DA:180,0
DA:212,0
LF:21
LH:0
BRF:0
BRH:0
end_of_record
TN:
SF:app\messages.tsx
FN:4,MessagesRedirect
FN:6,(anonymous_1)
FNF:2
FNH:0
FNDA:0,MessagesRedirect
FNDA:0,(anonymous_1)
DA:6,0
DA:7,0
DA:10,0
LF:3
LH:0
BRF:0
BRH:0
end_of_record
TN:
SF:app\moduleConfig.ts
FNF:0
FNH:0
DA:8,0
LF:1
LH:0
BRF:0
BRH:0
end_of_record
TN:
SF:app\profile.tsx
FN:9,ProfileScreen
FN:16,(anonymous_1)
FN:20,(anonymous_2)
FN:33,(anonymous_3)
FN:44,(anonymous_4)
FN:74,(anonymous_5)
FN:75,(anonymous_6)
FN:84,(anonymous_7)
FN:117,(anonymous_8)
FN:126,(anonymous_9)
FN:135,(anonymous_10)
FN:146,(anonymous_11)
FN:155,(anonymous_12)
FNF:13
FNH:0
FNDA:0,ProfileScreen
FNDA:0,(anonymous_1)
FNDA:0,(anonymous_2)
FNDA:0,(anonymous_3)
FNDA:0,(anonymous_4)
FNDA:0,(anonymous_5)
FNDA:0,(anonymous_6)
FNDA:0,(anonymous_7)
FNDA:0,(anonymous_8)
FNDA:0,(anonymous_9)
FNDA:0,(anonymous_10)
FNDA:0,(anonymous_11)
FNDA:0,(anonymous_12)
DA:10,0
DA:11,0
DA:12,0
DA:13,0
DA:14,0
DA:16,0
DA:17,0
DA:20,0
DA:21,0
DA:22,0
DA:23,0
DA:24,0
DA:26,0
DA:27,0
DA:29,0
DA:33,0
DA:34,0
DA:35,0
DA:36,0
DA:37,0
DA:39,0
DA:40,0
DA:44,0
DA:45,0
DA:46,0
DA:47,0
DA:48,0
DA:49,0
DA:50,0
DA:52,0
DA:53,0
DA:55,0
DA:59,0
DA:60,0
DA:68,0
DA:69,0
DA:75,0
DA:84,0
DA:90,0
DA:117,0
DA:126,0
DA:135,0
DA:146,0
DA:155,0
DA:178,0
LF:45
LH:0
BRDA:59,0,0,0
BRDA:59,0,1,0
BRDA:68,1,0,0
BRDA:68,1,1,0
BRDA:97,2,0,0
BRDA:97,2,1,0
BRDA:108,3,0,0
BRDA:108,3,1,0
BRF:8
BRH:0
end_of_record
TN:
SF:app\properties.tsx
FN:39,PropertiesScreen
FN:42,(anonymous_1)
FN:53,(anonymous_2)
FN:54,(anonymous_3)
FN:57,(anonymous_4)
FNF:5
FNH:0
FNDA:0,PropertiesScreen
FNDA:0,(anonymous_1)
FNDA:0,(anonymous_2)
FNDA:0,(anonymous_3)
FNDA:0,(anonymous_4)
DA:6,0
DA:40,0
DA:42,0
DA:43,0
DA:46,0
DA:53,0
DA:55,0
DA:57,0
DA:76,0
LF:9
LH:0
BRF:0
BRH:0
end_of_record
TN:
SF:app\search.tsx
FN:12,(anonymous_0)
FN:16,(anonymous_1)
FN:42,(anonymous_2)
FN:74,(anonymous_3)
FN:75,(anonymous_4)
FN:92,(anonymous_5)
FN:93,(anonymous_6)
FN:134,(anonymous_7)
FN:139,(anonymous_8)
FN:140,(anonymous_9)
FN:144,(anonymous_10)
FN:149,(anonymous_11)
FN:187,(anonymous_12)
FN:223,(anonymous_13)
FN:224,(anonymous_14)
FN:240,(anonymous_15)
FN:274,(anonymous_16)
FNF:17
FNH:0
FNDA:0,(anonymous_0)
FNDA:0,(anonymous_1)
FNDA:0,(anonymous_2)
FNDA:0,(anonymous_3)
FNDA:0,(anonymous_4)
FNDA:0,(anonymous_5)
FNDA:0,(anonymous_6)
FNDA:0,(anonymous_7)
FNDA:0,(anonymous_8)
FNDA:0,(anonymous_9)
FNDA:0,(anonymous_10)
FNDA:0,(anonymous_11)
FNDA:0,(anonymous_12)
FNDA:0,(anonymous_13)
FNDA:0,(anonymous_14)
FNDA:0,(anonymous_15)
FNDA:0,(anonymous_16)
DA:12,0
DA:13,0
DA:16,0
DA:42,0
DA:43,0
DA:44,0
DA:45,0
DA:46,0
DA:47,0
DA:48,0
DA:49,0
DA:50,0
DA:64,0
DA:65,0
DA:71,0
DA:74,0
DA:75,0
DA:76,0
DA:77,0
DA:78,0
DA:79,0
DA:80,0
DA:82,0
DA:84,0
DA:88,0
DA:92,0
DA:93,0
DA:94,0
DA:95,0
DA:98,0
DA:104,0
DA:105,0
DA:108,0
DA:110,0
DA:111,0
DA:112,0
DA:113,0
DA:114,0
DA:115,0
DA:116,0
DA:117,0
DA:118,0
DA:119,0
DA:120,0
DA:122,0
DA:124,0
DA:126,0
DA:130,0
DA:134,0
DA:135,0
DA:139,0
DA:140,0
DA:144,0
DA:145,0
DA:149,0
DA:150,0
DA:151,0
DA:155,0
DA:156,0
DA:164,0
DA:187,0
DA:223,0
DA:225,0
DA:240,0
DA:274,0
DA:282,0
LF:66
LH:0
BRDA:19,0,0,0
BRDA:19,0,1,0
BRDA:100,1,0,0
BRDA:100,1,1,0
BRDA:110,2,0,0
BRDA:110,2,1,0
BRDA:111,3,0,0
BRDA:111,3,1,0
BRDA:112,4,0,0
BRDA:112,4,1,0
BRDA:113,5,0,0
BRDA:113,5,1,0
BRDA:114,6,0,0
BRDA:114,6,1,0
BRDA:115,7,0,0
BRDA:115,7,1,0
BRDA:115,8,0,0
BRDA:115,8,1,0
BRDA:116,9,0,0
BRDA:116,9,1,0
BRDA:116,10,0,0
BRDA:116,10,1,0
BRDA:117,11,0,0
BRDA:117,11,1,0
BRDA:118,12,0,0
BRDA:118,12,1,0
BRDA:119,13,0,0
BRDA:119,13,1,0
BRDA:120,14,0,0
BRDA:120,14,1,0
BRDA:140,15,0,0
BRDA:140,15,1,0
BRDA:155,16,0,0
BRDA:155,16,1,0
BRDA:190,17,0,0
BRDA:190,17,1,0
BRDA:202,18,0,0
BRDA:202,18,1,0
BRDA:210,19,0,0
BRDA:210,19,1,0
BRDA:219,20,0,0
BRDA:219,20,1,0
BRDA:237,21,0,0
BRDA:237,21,1,0
BRDA:286,22,0,0
BRDA:286,22,1,0
BRF:46
BRH:0
end_of_record
TN:
SF:app\websocket-test.tsx
FN:6,WebSocketTestScreen
FNF:1
FNH:0
FNDA:0,WebSocketTestScreen
DA:7,0
DA:9,0
DA:10,0
DA:20,0
DA:36,0
LF:5
LH:0
BRDA:9,0,0,0
BRDA:9,0,1,0
BRF:2
BRH:0
end_of_record
TN:
SF:app\(tabs)\_layout.tsx
FN:7,TabBarIcon
FN:14,TabLayout
FN:18,(anonymous_2)
FN:19,(anonymous_3)
FN:32,(anonymous_4)
FN:53,(anonymous_5)
FN:60,(anonymous_6)
FN:67,(anonymous_7)
FN:74,(anonymous_8)
FN:92,(anonymous_9)
FNF:10
FNH:0
FNDA:0,TabBarIcon
FNDA:0,TabLayout
FNDA:0,(anonymous_2)
FNDA:0,(anonymous_3)
FNDA:0,(anonymous_4)
FNDA:0,(anonymous_5)
FNDA:0,(anonymous_6)
FNDA:0,(anonymous_7)
FNDA:0,(anonymous_8)
FNDA:0,(anonymous_9)
DA:11,0
DA:15,0
DA:18,0
DA:19,0
DA:20,0
DA:21,0
DA:22,0
DA:24,0
DA:28,0
DA:31,0
DA:32,0
DA:35,0
DA:53,0
DA:60,0
DA:67,0
DA:75,0
DA:92,0
DA:99,0
LF:18
LH:0
BRDA:77,0,0,0
BRDA:77,0,1,0
BRDA:80,1,0,0
BRDA:80,1,1,0
BRF:4
BRH:0
end_of_record
TN:
SF:app\(tabs)\chat.tsx
FN:4,ChatTabRedirect
FN:6,(anonymous_1)
FNF:2
FNH:0
FNDA:0,ChatTabRedirect
FNDA:0,(anonymous_1)
DA:6,0
DA:7,0
DA:10,0
LF:3
LH:0
BRF:0
BRH:0
end_of_record
TN:
SF:app\booking\[id].tsx
FN:18,BookingDetailsScreen
FN:25,(anonymous_1)
FN:29,(anonymous_2)
FN:42,(anonymous_3)
FN:47,(anonymous_4)
FN:64,(anonymous_5)
FN:68,(anonymous_6)
FN:79,(anonymous_7)
FN:83,(anonymous_8)
FN:129,(anonymous_9)
FN:288,(anonymous_10)
FNF:11
FNH:0
FNDA:0,BookingDetailsScreen
FNDA:0,(anonymous_1)
FNDA:0,(anonymous_2)
FNDA:0,(anonymous_3)
FNDA:0,(anonymous_4)
FNDA:0,(anonymous_5)
FNDA:0,(anonymous_6)
FNDA:0,(anonymous_7)
FNDA:0,(anonymous_8)
FNDA:0,(anonymous_9)
FNDA:0,(anonymous_10)
DA:19,0
DA:20,0
DA:21,0
DA:22,0
DA:23,0
DA:25,0
DA:26,0
DA:29,0
DA:30,0
DA:31,0
DA:32,0
DA:33,0
DA:35,0
DA:36,0
DA:38,0
DA:42,0
DA:43,0
DA:44,0
DA:47,0
DA:48,0
DA:50,0
DA:52,0
DA:54,0
DA:56,0
DA:58,0
DA:60,0
DA:64,0
DA:65,0
DA:68,0
DA:69,0
DA:70,0
DA:71,0
DA:72,0
DA:74,0
DA:75,0
DA:79,0
DA:80,0
DA:83,0
DA:84,0
DA:85,0
DA:90,0
DA:92,0
DA:93,0
DA:105,0
DA:106,0
DA:122,0
DA:124,0
DA:130,0
DA:288,0
DA:296,0
LF:50
LH:0
BRDA:48,0,0,0
BRDA:48,0,1,0
BRDA:48,0,2,0
BRDA:48,0,3,0
BRDA:48,0,4,0
BRDA:48,0,5,0
BRDA:84,1,0,0
BRDA:84,1,1,0
BRDA:90,2,0,0
BRDA:90,2,1,0
BRDA:90,2,2,0
BRDA:92,3,0,0
BRDA:92,3,1,0
BRDA:105,4,0,0
BRDA:105,4,1,0
BRDA:130,5,0,0
BRDA:130,5,1,0
BRDA:177,6,0,0
BRDA:177,6,1,0
BRDA:178,7,0,0
BRDA:178,7,1,0
BRDA:207,8,0,0
BRDA:207,8,1,0
BRDA:220,9,0,0
BRDA:220,9,1,0
BRDA:237,10,0,0
BRDA:237,10,1,0
BRDA:238,11,0,0
BRDA:238,11,1,0
BRDA:239,12,0,0
BRDA:239,12,1,0
BRDA:240,13,0,0
BRDA:240,13,1,0
BRDA:245,14,0,0
BRDA:245,14,1,0
BRDA:253,15,0,0
BRDA:253,15,1,0
BRDA:254,16,0,0
BRDA:254,16,1,0
BRDA:255,17,0,0
BRDA:255,17,1,0
BRDA:267,18,0,0
BRDA:267,18,1,0
BRDA:267,18,2,0
BRDA:274,19,0,0
BRDA:274,19,1,0
BRF:46
BRH:0
end_of_record
TN:
SF:app\chat\[id].tsx
FN:26,ChatScreen
FN:43,(anonymous_1)
FN:44,(anonymous_2)
FN:74,(anonymous_3)
FN:76,(anonymous_4)
FN:82,(anonymous_5)
FN:85,(anonymous_6)
FN:89,(anonymous_7)
FN:91,(anonymous_8)
FN:98,(anonymous_9)
FN:100,(anonymous_10)
FN:104,(anonymous_11)
FN:114,(anonymous_12)
FN:140,(anonymous_13)
FN:145,(anonymous_14)
FN:175,(anonymous_15)
FN:176,(anonymous_16)
FN:180,(anonymous_17)
FN:185,(anonymous_18)
FN:195,(anonymous_19)
FN:206,(anonymous_20)
FN:211,(anonymous_21)
FN:235,(anonymous_22)
FN:238,(anonymous_23)
FN:268,(anonymous_24)
FN:277,(anonymous_25)
FN:278,(anonymous_26)
FN:321,(anonymous_27)
FNF:28
FNH:0
FNDA:0,ChatScreen
FNDA:0,(anonymous_1)
FNDA:0,(anonymous_2)
FNDA:0,(anonymous_3)
FNDA:0,(anonymous_4)
FNDA:0,(anonymous_5)
FNDA:0,(anonymous_6)
FNDA:0,(anonymous_7)
FNDA:0,(anonymous_8)
FNDA:0,(anonymous_9)
FNDA:0,(anonymous_10)
FNDA:0,(anonymous_11)
FNDA:0,(anonymous_12)
FNDA:0,(anonymous_13)
FNDA:0,(anonymous_14)
FNDA:0,(anonymous_15)
FNDA:0,(anonymous_16)
FNDA:0,(anonymous_17)
FNDA:0,(anonymous_18)
FNDA:0,(anonymous_19)
FNDA:0,(anonymous_20)
FNDA:0,(anonymous_21)
FNDA:0,(anonymous_22)
FNDA:0,(anonymous_23)
FNDA:0,(anonymous_24)
FNDA:0,(anonymous_25)
FNDA:0,(anonymous_26)
FNDA:0,(anonymous_27)
DA:27,0
DA:28,0
DA:29,0
DA:31,0
DA:32,0
DA:33,0
DA:34,0
DA:35,0
DA:36,0
DA:37,0
DA:38,0
DA:40,0
DA:43,0
DA:44,0
DA:45,0
DA:46,0
DA:49,0
DA:50,0
DA:51,0
DA:53,0
DA:54,0
DA:58,0
DA:59,0
DA:62,0
DA:64,0
DA:65,0
DA:67,0
DA:71,0
DA:74,0
DA:75,0
DA:77,0
DA:78,0
DA:79,0
DA:82,0
DA:85,0
DA:89,0
DA:90,0
DA:91,0
DA:92,0
DA:98,0
DA:99,0
DA:100,0
DA:104,0
DA:105,0
DA:107,0
DA:108,0
DA:111,0
DA:114,0
DA:125,0
DA:126,0
DA:129,0
DA:130,0
DA:132,0
DA:133,0
DA:135,0
DA:140,0
DA:141,0
DA:145,0
DA:146,0
DA:147,0
DA:153,0
DA:154,0
DA:157,0
DA:166,0
DA:169,0
DA:170,0
DA:175,0
DA:176,0
DA:180,0
DA:181,0
DA:183,0
DA:186,0
DA:195,0
DA:206,0
DA:207,0
DA:209,0
DA:212,0
DA:236,0
DA:239,0
DA:240,0
DA:255,0
DA:268,0
DA:277,0
DA:278,0
DA:321,0
DA:337,0
DA:339,0
LF:87
LH:0
BRDA:50,0,0,0
BRDA:50,0,1,0
BRDA:77,1,0,0
BRDA:77,1,1,0
BRDA:90,2,0,0
BRDA:90,2,1,0
BRDA:90,3,0,0
BRDA:90,3,1,0
BRDA:99,4,0,0
BRDA:99,4,1,0
BRDA:105,5,0,0
BRDA:105,5,1,0
BRDA:105,6,0,0
BRDA:105,6,1,0
BRDA:153,7,0,0
BRDA:153,7,1,0
BRDA:153,8,0,0
BRDA:153,8,1,0
BRDA:153,8,2,0
BRDA:161,9,0,0
BRDA:161,9,1,0
BRDA:162,10,0,0
BRDA:162,10,1,0
BRDA:163,11,0,0
BRDA:163,11,1,0
BRDA:181,12,0,0
BRDA:181,12,1,0
BRDA:187,13,0,0
BRDA:187,13,1,0
BRDA:210,14,0,0
BRDA:210,14,1,0
BRDA:213,15,0,0
BRDA:213,15,1,0
BRDA:221,16,0,0
BRDA:221,16,1,0
BRDA:226,17,0,0
BRDA:226,17,1,0
BRDA:227,18,0,0
BRDA:227,18,1,0
BRDA:239,19,0,0
BRDA:239,19,1,0
BRDA:248,20,0,0
BRDA:248,20,1,0
BRDA:260,21,0,0
BRDA:260,21,1,0
BRDA:265,22,0,0
BRDA:265,22,1,0
BRDA:301,23,0,0
BRDA:301,23,1,0
BRDA:301,23,2,0
BRDA:304,24,0,0
BRDA:304,24,1,0
BRDA:304,24,2,0
BRDA:306,25,0,0
BRDA:306,25,1,0
BRDA:317,26,0,0
BRDA:317,26,1,0
BRF:57
BRH:0
end_of_record
TN:
SF:app\chat\index.tsx
FN:11,ConversationsScreen
FN:18,(anonymous_1)
FN:23,(anonymous_2)
FN:38,(anonymous_3)
FN:44,(anonymous_4)
FN:59,(anonymous_5)
FN:87,(anonymous_6)
FNF:7
FNH:0
FNDA:0,ConversationsScreen
FNDA:0,(anonymous_1)
FNDA:0,(anonymous_2)
FNDA:0,(anonymous_3)
FNDA:0,(anonymous_4)
FNDA:0,(anonymous_5)
FNDA:0,(anonymous_6)
DA:12,0
DA:13,0
DA:14,0
DA:15,0
DA:18,0
DA:19,0
DA:23,0
DA:24,0
DA:25,0
DA:26,0
DA:27,0
DA:29,0
DA:30,0
DA:32,0
DA:33,0
DA:38,0
DA:39,0
DA:40,0
DA:44,0
DA:45,0
DA:47,0
DA:59,0
DA:60,0
DA:63,0
DA:87,0
DA:106,0
LF:26
LH:0
BRDA:45,0,0,0
BRDA:45,0,1,0
BRDA:74,1,0,0
BRDA:74,1,1,0
BRDA:78,2,0,0
BRDA:78,2,1,0
BRDA:89,3,0,0
BRDA:89,3,1,0
BRF:8
BRH:0
end_of_record
TN:
SF:app\components\Chat.tsx
FN:31,(anonymous_0)
FN:39,(anonymous_1)
FN:43,(anonymous_2)
FN:58,(anonymous_3)
FN:60,(anonymous_4)
FN:64,(anonymous_5)
FN:70,(anonymous_6)
FN:72,(anonymous_7)
FN:78,(anonymous_8)
FN:91,(anonymous_9)
FN:116,(anonymous_10)
FN:118,(anonymous_11)
FNF:12
FNH:0
FNDA:0,(anonymous_0)
FNDA:0,(anonymous_1)
FNDA:0,(anonymous_2)
FNDA:0,(anonymous_3)
FNDA:0,(anonymous_4)
FNDA:0,(anonymous_5)
FNDA:0,(anonymous_6)
FNDA:0,(anonymous_7)
FNDA:0,(anonymous_8)
FNDA:0,(anonymous_9)
FNDA:0,(anonymous_10)
FNDA:0,(anonymous_11)
DA:31,0
DA:32,0
DA:33,0
DA:34,0
DA:35,0
DA:36,0
DA:37,0
DA:39,0
DA:40,0
DA:43,0
DA:44,0
DA:45,0
DA:46,0
DA:47,0
DA:49,0
DA:51,0
DA:55,0
DA:58,0
DA:59,0
DA:60,0
DA:64,0
DA:65,0
DA:70,0
DA:71,0
DA:72,0
DA:73,0
DA:78,0
DA:79,0
DA:81,0
DA:90,0
DA:91,0
DA:92,0
DA:95,0
DA:96,0
DA:103,0
DA:116,0
DA:119,0
DA:152,0
LF:38
LH:0
BRDA:40,0,0,0
BRDA:40,0,1,0
BRDA:40,1,0,0
BRDA:40,1,1,0
BRDA:59,2,0,0
BRDA:59,2,1,0
BRDA:71,3,0,0
BRDA:71,3,1,0
BRDA:79,4,0,0
BRDA:79,4,1,0
BRDA:79,5,0,0
BRDA:79,5,1,0
BRDA:83,6,0,0
BRDA:83,6,1,0
BRDA:95,7,0,0
BRDA:95,7,1,0
BRDA:105,8,0,0
BRDA:105,8,1,0
BRDA:110,9,0,0
BRDA:110,9,1,0
BRDA:121,10,0,0
BRDA:121,10,1,0
BRDA:141,11,0,0
BRDA:141,11,1,0
BRDA:141,11,2,0
BRDA:143,12,0,0
BRDA:143,12,1,0
BRF:27
BRH:0
end_of_record
TN:
SF:app\components\Notifications.tsx
FN:29,(anonymous_0)
FN:37,(anonymous_1)
FN:44,(anonymous_2)
FN:49,(anonymous_3)
FN:56,(anonymous_4)
FN:58,(anonymous_5)
FN:62,(anonymous_6)
FN:83,(anonymous_7)
FN:89,(anonymous_8)
FN:98,(anonymous_9)
FN:99,(anonymous_10)
FN:111,(anonymous_11)
FN:120,(anonymous_12)
FN:121,(anonymous_13)
FN:129,(anonymous_14)
FN:168,(anonymous_15)
FN:188,(anonymous_16)
FN:204,(anonymous_17)
FN:212,(anonymous_18)
FN:246,(anonymous_19)
FNF:20
FNH:0
FNDA:0,(anonymous_0)
FNDA:0,(anonymous_1)
FNDA:0,(anonymous_2)
FNDA:0,(anonymous_3)
FNDA:0,(anonymous_4)
FNDA:0,(anonymous_5)
FNDA:0,(anonymous_6)
FNDA:0,(anonymous_7)
FNDA:0,(anonymous_8)
FNDA:0,(anonymous_9)
FNDA:0,(anonymous_10)
FNDA:0,(anonymous_11)
FNDA:0,(anonymous_12)
FNDA:0,(anonymous_13)
FNDA:0,(anonymous_14)
FNDA:0,(anonymous_15)
FNDA:0,(anonymous_16)
FNDA:0,(anonymous_17)
FNDA:0,(anonymous_18)
FNDA:0,(anonymous_19)
DA:29,0
DA:30,0
DA:31,0
DA:32,0
DA:33,0
DA:34,0
DA:37,0
DA:38,0
DA:39,0
DA:44,0
DA:45,0
DA:47,0
DA:49,0
DA:50,0
DA:56,0
DA:57,0
DA:58,0
DA:62,0
DA:63,0
DA:65,0
DA:66,0
DA:67,0
DA:71,0
DA:72,0
DA:75,0
DA:77,0
DA:78,0
DA:83,0
DA:84,0
DA:85,0
DA:89,0
DA:90,0
DA:92,0
DA:93,0
DA:98,0
DA:99,0
DA:100,0
DA:106,0
DA:111,0
DA:112,0
DA:114,0
DA:115,0
DA:120,0
DA:121,0
DA:124,0
DA:129,0
DA:130,0
DA:133,0
DA:134,0
DA:138,0
DA:142,0
DA:143,0
DA:145,0
DA:147,0
DA:148,0
DA:150,0
DA:152,0
DA:153,0
DA:155,0
DA:157,0
DA:158,0
DA:160,0
DA:163,0
DA:168,0
DA:169,0
DA:171,0
DA:173,0
DA:175,0
DA:177,0
DA:179,0
DA:181,0
DA:183,0
DA:188,0
DA:189,0
DA:191,0
DA:192,0
DA:193,0
DA:194,0
DA:196,0
DA:198,0
DA:199,0
DA:204,0
DA:205,0
DA:207,0
DA:209,0
DA:212,0
DA:227,0
DA:228,0
DA:235,0
DA:246,0
DA:260,0
LF:91
LH:0
BRDA:38,0,0,0
BRDA:38,0,1,0
BRDA:38,1,0,0
BRDA:38,1,1,0
BRDA:45,2,0,0
BRDA:45,2,1,0
BRDA:57,3,0,0
BRDA:57,3,1,0
BRDA:63,4,0,0
BRDA:63,4,1,0
BRDA:63,5,0,0
BRDA:63,5,1,0
BRDA:71,6,0,0
BRDA:71,6,1,0
BRDA:90,7,0,0
BRDA:90,7,1,0
BRDA:90,8,0,0
BRDA:90,8,1,0
BRDA:90,8,2,0
BRDA:100,9,0,0
BRDA:100,9,1,0
BRDA:112,10,0,0
BRDA:112,10,1,0
BRDA:112,11,0,0
BRDA:112,11,1,0
BRDA:130,12,0,0
BRDA:130,12,1,0
BRDA:133,13,0,0
BRDA:133,13,1,0
BRDA:138,14,0,0
BRDA:138,14,1,0
BRDA:138,14,2,0
BRDA:138,14,3,0
BRDA:138,14,4,0
BRDA:138,14,5,0
BRDA:138,14,6,0
BRDA:142,15,0,0
BRDA:142,15,1,0
BRDA:147,16,0,0
BRDA:147,16,1,0
BRDA:152,17,0,0
BRDA:152,17,1,0
BRDA:157,18,0,0
BRDA:157,18,1,0
BRDA:169,19,0,0
BRDA:169,19,1,0
BRDA:169,19,2,0
BRDA:169,19,3,0
BRDA:169,19,4,0
BRDA:169,19,5,0
BRDA:169,19,6,0
BRDA:189,20,0,0
BRDA:189,20,1,0
BRDA:193,21,0,0
BRDA:193,21,1,0
BRDA:205,22,0,0
BRDA:205,22,1,0
BRDA:211,23,0,0
BRDA:211,23,1,0
BRDA:218,24,0,0
BRDA:218,24,1,0
BRDA:219,25,0,0
BRDA:219,25,1,0
BRDA:222,26,0,0
BRDA:222,26,1,0
BRDA:227,27,0,0
BRDA:227,27,1,0
BRDA:227,28,0,0
BRDA:227,28,1,0
BRDA:239,29,0,0
BRDA:239,29,1,0
BRDA:239,30,0,0
BRDA:239,30,1,0
BRDA:246,31,0,0
BRDA:246,31,1,0
BRF:75
BRH:0
end_of_record
TN:
SF:app\components\ProfileSettings.tsx
FN:20,ProfileSettings
FN:51,(anonymous_1)
FN:59,(anonymous_2)
FN:67,(anonymous_3)
FN:75,(anonymous_4)
FN:96,(anonymous_5)
FN:132,(anonymous_6)
FN:141,(anonymous_7)
FN:150,(anonymous_8)
FN:154,(anonymous_9)
FN:186,(anonymous_10)
FN:190,(anonymous_11)
FN:203,(anonymous_12)
FN:213,(anonymous_13)
FN:225,(anonymous_14)
FN:274,(anonymous_15)
FN:286,(anonymous_16)
FN:297,(anonymous_17)
FN:308,(anonymous_18)
FN:317,(anonymous_19)
FN:356,(anonymous_20)
FN:366,(anonymous_21)
FN:376,(anonymous_22)
FN:386,(anonymous_23)
FN:396,(anonymous_24)
FNF:25
FNH:0
FNDA:0,ProfileSettings
FNDA:0,(anonymous_1)
FNDA:0,(anonymous_2)
FNDA:0,(anonymous_3)
FNDA:0,(anonymous_4)
FNDA:0,(anonymous_5)
FNDA:0,(anonymous_6)
FNDA:0,(anonymous_7)
FNDA:0,(anonymous_8)
FNDA:0,(anonymous_9)
FNDA:0,(anonymous_10)
FNDA:0,(anonymous_11)
FNDA:0,(anonymous_12)
FNDA:0,(anonymous_13)
FNDA:0,(anonymous_14)
FNDA:0,(anonymous_15)
FNDA:0,(anonymous_16)
FNDA:0,(anonymous_17)
FNDA:0,(anonymous_18)
FNDA:0,(anonymous_19)
FNDA:0,(anonymous_20)
FNDA:0,(anonymous_21)
FNDA:0,(anonymous_22)
FNDA:0,(anonymous_23)
FNDA:0,(anonymous_24)
DA:21,0
DA:23,0
DA:24,0
DA:25,0
DA:28,0
DA:35,0
DA:42,0
DA:51,0
DA:52,0
DA:59,0
DA:60,0
DA:67,0
DA:68,0
DA:75,0
DA:76,0
DA:77,0
DA:78,0
DA:81,0
DA:83,0
DA:84,0
DA:85,0
DA:86,0
DA:88,0
DA:89,0
DA:91,0
DA:96,0
DA:97,0
DA:98,0
DA:99,0
DA:102,0
DA:103,0
DA:104,0
DA:107,0
DA:108,0
DA:109,0
DA:112,0
DA:114,0
DA:115,0
DA:116,0
DA:117,0
DA:122,0
DA:124,0
DA:125,0
DA:127,0
DA:132,0
DA:133,0
DA:142,0
DA:151,0
DA:152,0
DA:154,0
DA:155,0
DA:158,0
DA:159,0
DA:160,0
DA:172,0
DA:186,0
DA:190,0
DA:203,0
DA:213,0
DA:225,0
DA:274,0
DA:286,0
DA:297,0
DA:308,0
DA:318,0
DA:319,0
DA:356,0
DA:366,0
DA:376,0
DA:386,0
DA:396,0
DA:420,0
LF:72
LH:0
BRDA:29,0,0,0
BRDA:29,0,1,0
BRDA:30,1,0,0
BRDA:30,1,1,0
BRDA:31,2,0,0
BRDA:31,2,1,0
BRDA:76,3,0,0
BRDA:76,3,1,0
BRDA:76,4,0,0
BRDA:76,4,1,0
BRDA:97,5,0,0
BRDA:97,5,1,0
BRDA:97,6,0,0
BRDA:97,6,1,0
BRDA:97,6,2,0
BRDA:102,7,0,0
BRDA:102,7,1,0
BRDA:107,8,0,0
BRDA:107,8,1,0
BRDA:185,9,0,0
BRDA:185,9,1,0
BRDA:196,10,0,0
BRDA:196,10,1,0
BRDA:232,11,0,0
BRDA:232,11,1,0
BRDA:236,12,0,0
BRDA:236,12,1,0
BRDA:255,13,0,0
BRDA:255,13,1,0
BRDA:271,14,0,0
BRDA:271,14,1,0
BRDA:330,15,0,0
BRDA:330,15,1,0
BRDA:334,16,0,0
BRDA:334,16,1,0
BRF:35
BRH:0
end_of_record
TN:
SF:app\components\TestComponent.tsx
FN:6,(anonymous_0)
FNF:1
FNH:0
FNDA:0,(anonymous_0)
DA:6,0
DA:7,0
DA:14,0
LF:3
LH:0
BRF:0
BRH:0
end_of_record
TN:
SF:app\components\WebSocketTest.tsx
FN:14,(anonymous_0)
FN:22,(anonymous_1)
FN:30,(anonymous_2)
FN:34,(anonymous_3)
FN:35,(anonymous_4)
FN:46,(anonymous_5)
FN:51,(anonymous_6)
FN:63,(anonymous_7)
FN:75,(anonymous_8)
FN:89,(anonymous_9)
FN:139,(anonymous_10)
FN:140,(anonymous_11)
FNF:12
FNH:0
FNDA:0,(anonymous_0)
FNDA:0,(anonymous_1)
FNDA:0,(anonymous_2)
FNDA:0,(anonymous_3)
FNDA:0,(anonymous_4)
FNDA:0,(anonymous_5)
FNDA:0,(anonymous_6)
FNDA:0,(anonymous_7)
FNDA:0,(anonymous_8)
FNDA:0,(anonymous_9)
FNDA:0,(anonymous_10)
FNDA:0,(anonymous_11)
DA:14,0
DA:15,0
DA:16,0
DA:17,0
DA:18,0
DA:19,0
DA:20,0
DA:22,0
DA:23,0
DA:24,0
DA:26,0
DA:30,0
DA:31,0
DA:34,0
DA:35,0
DA:43,0
DA:46,0
DA:47,0
DA:51,0
DA:52,0
DA:53,0
DA:54,0
DA:57,0
DA:59,0
DA:60,0
DA:63,0
DA:69,0
DA:72,0
DA:75,0
DA:81,0
DA:84,0
DA:85,0
DA:89,0
DA:90,0
DA:93,0
DA:139,0
DA:141,0
DA:158,0
LF:38
LH:0
BRDA:23,0,0,0
BRDA:23,0,1,0
BRDA:31,1,0,0
BRDA:31,1,1,0
BRDA:52,2,0,0
BRDA:52,2,1,0
BRDA:52,3,0,0
BRDA:52,3,1,0
BRDA:59,4,0,0
BRDA:59,4,1,0
BRDA:59,5,0,0
BRDA:59,5,1,0
BRDA:64,6,0,0
BRDA:64,6,1,0
BRDA:76,7,0,0
BRDA:76,7,1,0
BRDA:99,8,0,0
BRDA:99,8,1,0
BRDA:129,9,0,0
BRDA:129,9,1,0
BRDA:134,10,0,0
BRDA:134,10,1,0
BRDA:143,11,0,0
BRDA:143,11,1,0
BRDA:146,12,0,0
BRDA:146,12,1,0
BRF:26
BRH:0
end_of_record
TN:
SF:app\components\booking\BookingCard.tsx
FN:14,(anonymous_0)
FN:16,(anonymous_1)
FN:38,(anonymous_2)
FN:56,(anonymous_3)
FN:70,(anonymous_4)
FN:81,(anonymous_5)
FN:93,(anonymous_6)
FN:113,(anonymous_7)
FN:211,(anonymous_8)
FN:221,(anonymous_9)
FNF:10
FNH:0
FNDA:0,(anonymous_0)
FNDA:0,(anonymous_1)
FNDA:0,(anonymous_2)
FNDA:0,(anonymous_3)
FNDA:0,(anonymous_4)
FNDA:0,(anonymous_5)
FNDA:0,(anonymous_6)
FNDA:0,(anonymous_7)
FNDA:0,(anonymous_8)
FNDA:0,(anonymous_9)
DA:14,0
DA:16,0
DA:17,0
DA:19,0
DA:20,0
DA:21,0
DA:22,0
DA:26,0
DA:27,0
DA:28,0
DA:30,0
DA:32,0
DA:33,0
DA:38,0
DA:39,0
DA:41,0
DA:43,0
DA:45,0
DA:47,0
DA:49,0
DA:51,0
DA:56,0
DA:57,0
DA:59,0
DA:61,0
DA:63,0
DA:65,0
DA:70,0
DA:71,0
DA:78,0
DA:81,0
DA:82,0
DA:94,0
DA:95,0
DA:96,0
DA:97,0
DA:99,0
DA:100,0
DA:103,0
DA:104,0
DA:113,0
DA:114,0
DA:121,0
DA:122,0
DA:125,0
DA:126,0
DA:127,0
DA:129,0
DA:211,0
DA:212,0
DA:213,0
DA:214,0
DA:215,0
DA:217,0
DA:221,0
DA:222,0
DA:223,0
DA:224,0
DA:225,0
DA:227,0
DA:231,0
LF:61
LH:0
BRDA:17,0,0,0
BRDA:17,0,1,0
BRDA:21,1,0,0
BRDA:21,1,1,0
BRDA:39,2,0,0
BRDA:39,2,1,0
BRDA:39,2,2,0
BRDA:39,2,3,0
BRDA:39,2,4,0
BRDA:39,2,5,0
BRDA:57,3,0,0
BRDA:57,3,1,0
BRDA:57,3,2,0
BRDA:57,3,3,0
BRDA:78,4,0,0
BRDA:78,4,1,0
BRDA:96,5,0,0
BRDA:96,5,1,0
BRDA:99,6,0,0
BRDA:99,6,1,0
BRDA:122,7,0,0
BRDA:122,7,1,0
BRDA:125,8,0,0
BRDA:125,8,1,0
BRDA:126,9,0,0
BRDA:126,9,1,0
BRDA:127,10,0,0
BRDA:127,10,1,0
BRDA:127,10,2,0
BRDA:133,11,0,0
BRDA:133,11,1,0
BRDA:133,11,2,0
BRDA:149,12,0,0
BRDA:149,12,1,0
BRDA:149,12,2,0
BRDA:159,13,0,0
BRDA:159,13,1,0
BRDA:159,13,2,0
BRDA:159,14,0,0
BRDA:159,14,1,0
BRDA:159,14,2,0
BRDA:166,15,0,0
BRDA:166,15,1,0
BRDA:166,16,0,0
BRDA:166,16,1,0
BRDA:172,17,0,0
BRDA:172,17,1,0
BRDA:186,18,0,0
BRDA:186,18,1,0
BRDA:196,19,0,0
BRDA:196,19,1,0
BRDA:212,20,0,0
BRDA:212,20,1,0
BRDA:212,21,0,0
BRDA:212,21,1,0
BRDA:214,22,0,0
BRDA:214,22,1,0
BRDA:214,23,0,0
BRDA:214,23,1,0
BRDA:222,24,0,0
BRDA:222,24,1,0
BRDA:222,25,0,0
BRDA:222,25,1,0
BRDA:224,26,0,0
BRDA:224,26,1,0
BRDA:224,27,0,0
BRDA:224,27,1,0
BRF:67
BRH:0
end_of_record
TN:
SF:app\components\booking\CancelBookingModal.tsx
FN:20,(anonymous_0)
FN:30,(anonymous_1)
FN:50,(anonymous_2)
FNF:3
FNH:0
FNDA:0,(anonymous_0)
FNDA:0,(anonymous_1)
FNDA:0,(anonymous_2)
DA:20,0
DA:26,0
DA:27,0
DA:28,0
DA:30,0
DA:31,0
DA:32,0
DA:33,0
DA:36,0
DA:37,0
DA:39,0
DA:40,0
DA:41,0
DA:43,0
DA:44,0
DA:46,0
DA:50,0
DA:51,0
DA:52,0
DA:53,0
DA:56,0
DA:126,0
LF:22
LH:0
BRDA:31,0,0,0
BRDA:31,0,1,0
BRDA:91,1,0,0
BRDA:91,1,1,0
BRDA:109,2,0,0
BRDA:109,2,1,0
BRDA:109,2,2,0
BRDA:111,3,0,0
BRDA:111,3,1,0
BRDA:113,4,0,0
BRDA:113,4,1,0
BRF:11
BRH:0
end_of_record
TN:
SF:app\components\booking\PaymentForm.tsx
FN:39,(anonymous_0)
FN:53,(anonymous_1)
FN:69,(anonymous_2)
FN:76,(anonymous_3)
FN:100,(anonymous_4)
FN:141,(anonymous_5)
FN:151,(anonymous_6)
FN:169,(anonymous_7)
FN:194,(anonymous_8)
FN:203,(anonymous_9)
FN:219,(anonymous_10)
FN:230,(anonymous_11)
FN:288,(anonymous_12)
FN:304,(anonymous_13)
FN:341,(anonymous_14)
FN:351,(anonymous_15)
FNF:16
FNH:1
FNDA:11,(anonymous_0)
FNDA:0,(anonymous_1)
FNDA:0,(anonymous_2)
FNDA:0,(anonymous_3)
FNDA:0,(anonymous_4)
FNDA:0,(anonymous_5)
FNDA:0,(anonymous_6)
FNDA:0,(anonymous_7)
FNDA:0,(anonymous_8)
FNDA:0,(anonymous_9)
FNDA:0,(anonymous_10)
FNDA:0,(anonymous_11)
FNDA:0,(anonymous_12)
FNDA:0,(anonymous_13)
FNDA:0,(anonymous_14)
FNDA:0,(anonymous_15)
DA:39,1
DA:40,11
DA:41,11
DA:42,11
DA:44,0
DA:45,0
DA:46,0
DA:47,0
DA:48,0
DA:49,0
DA:50,0
DA:53,0
DA:54,0
DA:56,0
DA:57,0
DA:58,0
DA:59,0
DA:61,0
DA:63,0
DA:64,0
DA:69,0
DA:70,0
DA:71,0
DA:76,0
DA:77,0
DA:78,0
DA:79,0
DA:82,0
DA:83,0
DA:84,0
DA:88,0
DA:89,0
DA:92,0
DA:93,0
DA:95,0
DA:100,0
DA:101,0
DA:102,0
DA:103,0
DA:106,0
DA:107,0
DA:110,0
DA:113,0
DA:125,0
DA:126,0
DA:127,0
DA:128,0
DA:130,0
DA:133,0
DA:134,0
DA:136,0
DA:141,0
DA:142,0
DA:144,0
DA:145,0
DA:151,0
DA:156,0
DA:169,0
DA:171,0
DA:173,0
DA:174,0
DA:176,0
DA:181,0
DA:182,0
DA:190,0
DA:191,0
DA:194,0
DA:204,0
DA:213,0
DA:214,0
DA:219,0
DA:227,0
DA:230,0
DA:288,0
DA:304,0
DA:341,1
DA:342,0
DA:343,0
DA:344,0
DA:345,0
DA:347,0
DA:351,1
DA:352,0
DA:353,0
DA:354,0
DA:355,0
DA:357,0
DA:361,1
LF:88
LH:7
BRDA:41,0,0,0
BRDA:41,0,1,11
BRDA:54,1,0,0
BRDA:54,1,1,0
BRDA:58,2,0,0
BRDA:58,2,1,0
BRDA:70,3,0,0
BRDA:70,3,1,0
BRDA:70,4,0,0
BRDA:70,4,1,0
BRDA:77,5,0,0
BRDA:77,5,1,0
BRDA:77,6,0,0
BRDA:77,6,1,0
BRDA:88,7,0,0
BRDA:88,7,1,0
BRDA:101,8,0,0
BRDA:101,8,1,0
BRDA:101,9,0,0
BRDA:101,9,1,0
BRDA:125,10,0,0
BRDA:125,10,1,0
BRDA:125,11,0,0
BRDA:125,11,1,0
BRDA:144,12,0,0
BRDA:144,12,1,0
BRDA:171,13,0,0
BRDA:171,13,1,0
BRDA:173,14,0,0
BRDA:173,14,1,0
BRDA:181,15,0,0
BRDA:181,15,1,0
BRDA:190,16,0,0
BRDA:190,16,1,0
BRDA:190,17,0,0
BRDA:190,17,1,0
BRDA:213,18,0,0
BRDA:213,18,1,0
BRDA:238,19,0,0
BRDA:238,19,1,0
BRDA:246,20,0,0
BRDA:246,20,1,0
BRDA:251,21,0,0
BRDA:251,21,1,0
BRDA:251,22,0,0
BRDA:251,22,1,0
BRDA:251,23,0,0
BRDA:251,23,1,0
BRDA:251,24,0,0
BRDA:251,24,1,0
BRDA:260,25,0,0
BRDA:260,25,1,0
BRDA:260,26,0,0
BRDA:260,26,1,0
BRDA:260,27,0,0
BRDA:260,27,1,0
BRDA:261,28,0,0
BRDA:261,28,1,0
BRDA:261,29,0,0
BRDA:261,29,1,0
BRDA:266,30,0,0
BRDA:266,30,1,0
BRDA:269,31,0,0
BRDA:269,31,1,0
BRDA:269,32,0,0
BRDA:269,32,1,0
BRDA:278,33,0,0
BRDA:278,33,1,0
BRDA:287,34,0,0
BRDA:287,34,1,0
BRDA:297,35,0,0
BRDA:297,35,1,0
BRDA:303,36,0,0
BRDA:303,36,1,0
BRDA:313,37,0,0
BRDA:313,37,1,0
BRDA:330,38,0,0
BRDA:330,38,1,0
BRDA:333,39,0,0
BRDA:333,39,1,0
BRDA:342,40,0,0
BRDA:342,40,1,0
BRDA:342,41,0,0
BRDA:342,41,1,0
BRDA:344,42,0,0
BRDA:344,42,1,0
BRDA:344,43,0,0
BRDA:344,43,1,0
BRDA:352,44,0,0
BRDA:352,44,1,0
BRDA:352,45,0,0
BRDA:352,45,1,0
BRDA:354,46,0,0
BRDA:354,46,1,0
BRDA:354,47,0,0
BRDA:354,47,1,0
BRF:96
BRH:1
end_of_record
TN:
SF:app\components\chat\ConversationItem.tsx
FN:14,(anonymous_0)
FN:17,(anonymous_1)
FN:21,(anonymous_2)
FN:38,(anonymous_3)
FNF:4
FNH:0
FNDA:0,(anonymous_0)
FNDA:0,(anonymous_1)
FNDA:0,(anonymous_2)
FNDA:0,(anonymous_3)
DA:14,0
DA:16,0
DA:17,0
DA:21,0
DA:22,0
DA:24,0
DA:25,0
DA:26,0
DA:27,0
DA:28,0
DA:29,0
DA:30,0
DA:31,0
DA:33,0
DA:38,0
DA:39,0
DA:48,0
DA:120,0
LF:18
LH:0
BRDA:24,0,0,0
BRDA:24,0,1,0
BRDA:26,1,0,0
BRDA:26,1,1,0
BRDA:28,2,0,0
BRDA:28,2,1,0
BRDA:30,3,0,0
BRDA:30,3,1,0
BRDA:56,4,0,0
BRDA:56,4,1,0
BRDA:65,5,0,0
BRDA:65,5,1,0
BRDA:69,6,0,0
BRDA:69,6,1,0
BRDA:80,7,0,0
BRDA:80,7,1,0
BRDA:82,8,0,0
BRDA:82,8,1,0
BRDA:90,9,0,0
BRDA:90,9,1,0
BRDA:96,10,0,0
BRDA:96,10,1,0
BRDA:105,11,0,0
BRDA:105,11,1,0
BRDA:108,12,0,0
BRDA:108,12,1,0
BRDA:108,12,2,0
BRF:27
BRH:0
end_of_record
TN:
SF:app\components\chat\CreateConversationModal.tsx
FN:30,(anonymous_0)
FN:43,(anonymous_1)
FN:87,(anonymous_2)
FNF:3
FNH:0
FNDA:0,(anonymous_0)
FNDA:0,(anonymous_1)
FNDA:0,(anonymous_2)
DA:30,0
DA:38,0
DA:39,0
DA:40,0
DA:43,0
DA:44,0
DA:45,0
DA:46,0
DA:49,0
DA:50,0
DA:51,0
DA:54,0
DA:55,0
DA:57,0
DA:59,0
DA:66,0
DA:69,0
DA:72,0
DA:79,0
DA:80,0
DA:82,0
DA:87,0
DA:88,0
DA:91,0
DA:167,0
LF:25
LH:0
BRDA:44,0,0,0
BRDA:44,0,1,0
BRDA:49,1,0,0
BRDA:49,1,1,0
BRDA:101,2,0,0
BRDA:101,2,1,0
BRDA:118,3,0,0
BRDA:118,3,1,0
BRDA:121,4,0,0
BRDA:121,4,1,0
BRDA:141,5,0,0
BRDA:141,5,1,0
BRDA:148,6,0,0
BRDA:148,6,1,0
BRDA:148,6,2,0
BRDA:151,7,0,0
BRDA:151,7,1,0
BRDA:153,8,0,0
BRDA:153,8,1,0
BRDA:181,9,0,0
BRDA:181,9,1,0
BRF:21
BRH:0
end_of_record
TN:
SF:app\components\chat\MessageItem.tsx
FN:15,(anonymous_0)
FN:20,(anonymous_1)
FN:25,(anonymous_2)
FN:32,(anonymous_3)
FN:38,(anonymous_4)
FN:105,(anonymous_5)
FNF:6
FNH:0
FNDA:0,(anonymous_0)
FNDA:0,(anonymous_1)
FNDA:0,(anonymous_2)
FNDA:0,(anonymous_3)
FNDA:0,(anonymous_4)
FNDA:0,(anonymous_5)
DA:15,0
DA:20,0
DA:21,0
DA:25,0
DA:26,0
DA:27,0
DA:32,0
DA:33,0
DA:35,0
DA:38,0
DA:49,0
DA:66,0
DA:83,0
DA:87,0
DA:105,0
DA:130,0
LF:16
LH:0
BRDA:26,0,0,0
BRDA:26,0,1,0
BRDA:33,1,0,0
BRDA:33,1,1,0
BRDA:33,1,2,0
BRDA:33,1,3,0
BRDA:56,2,0,0
BRDA:56,2,1,0
BRDA:58,3,0,0
BRDA:58,3,1,0
BRDA:72,4,0,0
BRDA:72,4,1,0
BRDA:90,5,0,0
BRDA:90,5,1,0
BRDA:92,6,0,0
BRDA:92,6,1,0
BRDA:92,6,2,0
BRDA:101,7,0,0
BRDA:101,7,1,0
BRDA:103,8,0,0
BRDA:103,8,1,0
BRDA:103,8,2,0
BRDA:116,9,0,0
BRDA:116,9,1,0
BRDA:118,10,0,0
BRDA:118,10,1,0
BRDA:120,11,0,0
BRDA:120,11,1,0
BRF:28
BRH:0
end_of_record
TN:
SF:app\components\map\PropertyMapView.tsx
FN:24,(anonymous_0)
FN:38,(anonymous_1)
FN:55,(anonymous_2)
FN:74,(anonymous_3)
FN:85,(anonymous_4)
FN:86,(anonymous_5)
FN:87,(anonymous_6)
FN:111,(anonymous_7)
FN:133,(anonymous_8)
FN:134,(anonymous_9)
FN:170,(anonymous_10)
FN:177,(anonymous_11)
FN:178,(anonymous_12)
FN:186,(anonymous_13)
FN:187,(anonymous_14)
FN:195,(anonymous_15)
FN:203,(anonymous_16)
FN:209,(anonymous_17)
FN:237,(anonymous_18)
FN:239,(anonymous_19)
FN:449,(anonymous_20)
FN:455,(anonymous_21)
FN:459,(anonymous_22)
FN:463,(anonymous_23)
FN:494,(anonymous_24)
FNF:25
FNH:0
FNDA:0,(anonymous_0)
FNDA:0,(anonymous_1)
FNDA:0,(anonymous_2)
FNDA:0,(anonymous_3)
FNDA:0,(anonymous_4)
FNDA:0,(anonymous_5)
FNDA:0,(anonymous_6)
FNDA:0,(anonymous_7)
FNDA:0,(anonymous_8)
FNDA:0,(anonymous_9)
FNDA:0,(anonymous_10)
FNDA:0,(anonymous_11)
FNDA:0,(anonymous_12)
FNDA:0,(anonymous_13)
FNDA:0,(anonymous_14)
FNDA:0,(anonymous_15)
FNDA:0,(anonymous_16)
FNDA:0,(anonymous_17)
FNDA:0,(anonymous_18)
FNDA:0,(anonymous_19)
FNDA:0,(anonymous_20)
FNDA:0,(anonymous_21)
FNDA:0,(anonymous_22)
FNDA:0,(anonymous_23)
FNDA:0,(anonymous_24)
DA:24,0
DA:25,0
DA:38,0
DA:39,0
DA:74,0
DA:75,0
DA:85,0
DA:87,0
DA:111,0
DA:116,0
DA:117,0
DA:123,0
DA:124,0
DA:125,0
DA:126,0
DA:127,0
DA:128,0
DA:129,0
DA:130,0
DA:133,0
DA:134,0
DA:135,0
DA:136,0
DA:137,0
DA:138,0
DA:139,0
DA:142,0
DA:143,0
DA:149,0
DA:150,0
DA:156,0
DA:157,0
DA:158,0
DA:162,0
DA:164,0
DA:170,0
DA:171,0
DA:172,0
DA:177,0
DA:178,0
DA:179,0
DA:180,0
DA:181,0
DA:186,0
DA:187,0
DA:188,0
DA:189,0
DA:190,0
DA:195,0
DA:196,0
DA:197,0
DA:198,0
DA:203,0
DA:204,0
DA:205,0
DA:209,0
DA:210,0
DA:211,0
DA:213,0
DA:214,0
DA:220,0
DA:221,0
DA:222,0
DA:224,0
DA:225,0
DA:226,0
DA:227,0
DA:228,0
DA:229,0
DA:232,0
DA:237,0
DA:239,0
DA:242,0
DA:244,0
DA:449,0
DA:450,0
DA:451,0
DA:455,0
DA:456,0
DA:457,0
DA:459,0
DA:463,0
DA:464,0
DA:465,0
DA:468,0
DA:469,0
DA:477,0
DA:478,0
DA:481,0
DA:495,0
DA:534,0
DA:536,0
LF:92
LH:0
BRDA:137,0,0,0
BRDA:137,0,1,0
BRDA:149,1,0,0
BRDA:149,1,1,0
BRDA:157,2,0,0
BRDA:157,2,1,0
BRDA:171,3,0,0
BRDA:171,3,1,0
BRDA:179,4,0,0
BRDA:179,4,1,0
BRDA:188,5,0,0
BRDA:188,5,1,0
BRDA:196,6,0,0
BRDA:196,6,1,0
BRDA:213,7,0,0
BRDA:213,7,1,0
BRDA:221,8,0,0
BRDA:221,8,1,0
BRDA:224,9,0,0
BRDA:224,9,1,0
BRDA:226,10,0,0
BRDA:226,10,1,0
BRDA:228,11,0,0
BRDA:228,11,1,0
BRDA:239,12,0,0
BRDA:239,12,1,0
BRDA:431,13,0,0
BRDA:431,13,1,0
BRDA:468,14,0,0
BRDA:468,14,1,0
BRDA:477,15,0,0
BRDA:477,15,1,0
BRDA:486,16,0,0
BRDA:486,16,1,0
BRDA:505,17,0,0
BRDA:505,17,1,0
BRDA:514,18,0,0
BRDA:514,18,1,0
BRDA:523,19,0,0
BRDA:523,19,1,0
BRF:40
BRH:0
end_of_record
TN:
SF:app\components\profile\EnhancedProfileSettings.tsx
FN:27,EnhancedProfileSettings
FN:69,(anonymous_1)
FN:70,(anonymous_2)
FN:86,(anonymous_3)
FN:93,(anonymous_4)
FN:100,(anonymous_5)
FN:128,(anonymous_6)
FN:135,(anonymous_7)
FN:165,(anonymous_8)
FN:180,(anonymous_9)
FN:188,(anonymous_10)
FN:196,(anonymous_11)
FN:213,(anonymous_12)
FN:237,(anonymous_13)
FN:258,(anonymous_14)
FN:294,(anonymous_15)
FN:303,(anonymous_16)
FN:312,(anonymous_17)
FN:316,(anonymous_18)
FN:335,(anonymous_19)
FN:341,(anonymous_20)
FN:352,(anonymous_21)
FN:363,(anonymous_22)
FN:381,(anonymous_23)
FN:387,(anonymous_24)
FN:391,(anonymous_25)
FN:420,(anonymous_26)
FN:430,(anonymous_27)
FN:442,(anonymous_28)
FN:485,(anonymous_29)
FN:494,(anonymous_30)
FN:506,(anonymous_31)
FN:517,(anonymous_32)
FN:528,(anonymous_33)
FN:537,(anonymous_34)
FN:566,(anonymous_35)
FN:574,(anonymous_36)
FN:595,(anonymous_37)
FN:606,(anonymous_38)
FN:616,(anonymous_39)
FN:626,(anonymous_40)
FN:636,(anonymous_41)
FN:646,(anonymous_42)
FN:656,(anonymous_43)
FN:668,(anonymous_44)
FN:672,(anonymous_45)
FN:686,(anonymous_46)
FN:688,(anonymous_47)
FN:707,(anonymous_48)
FN:719,(anonymous_49)
FN:723,(anonymous_50)
FN:742,(anonymous_51)
FNF:52
FNH:0
FNDA:0,EnhancedProfileSettings
FNDA:0,(anonymous_1)
FNDA:0,(anonymous_2)
FNDA:0,(anonymous_3)
FNDA:0,(anonymous_4)
FNDA:0,(anonymous_5)
FNDA:0,(anonymous_6)
FNDA:0,(anonymous_7)
FNDA:0,(anonymous_8)
FNDA:0,(anonymous_9)
FNDA:0,(anonymous_10)
FNDA:0,(anonymous_11)
FNDA:0,(anonymous_12)
FNDA:0,(anonymous_13)
FNDA:0,(anonymous_14)
FNDA:0,(anonymous_15)
FNDA:0,(anonymous_16)
FNDA:0,(anonymous_17)
FNDA:0,(anonymous_18)
FNDA:0,(anonymous_19)
FNDA:0,(anonymous_20)
FNDA:0,(anonymous_21)
FNDA:0,(anonymous_22)
FNDA:0,(anonymous_23)
FNDA:0,(anonymous_24)
FNDA:0,(anonymous_25)
FNDA:0,(anonymous_26)
FNDA:0,(anonymous_27)
FNDA:0,(anonymous_28)
FNDA:0,(anonymous_29)
FNDA:0,(anonymous_30)
FNDA:0,(anonymous_31)
FNDA:0,(anonymous_32)
FNDA:0,(anonymous_33)
FNDA:0,(anonymous_34)
FNDA:0,(anonymous_35)
FNDA:0,(anonymous_36)
FNDA:0,(anonymous_37)
FNDA:0,(anonymous_38)
FNDA:0,(anonymous_39)
FNDA:0,(anonymous_40)
FNDA:0,(anonymous_41)
FNDA:0,(anonymous_42)
FNDA:0,(anonymous_43)
FNDA:0,(anonymous_44)
FNDA:0,(anonymous_45)
FNDA:0,(anonymous_46)
FNDA:0,(anonymous_47)
FNDA:0,(anonymous_48)
FNDA:0,(anonymous_49)
FNDA:0,(anonymous_50)
FNDA:0,(anonymous_51)
DA:28,0
DA:30,0
DA:31,0
DA:32,0
DA:33,0
DA:34,0
DA:37,0
DA:45,0
DA:52,0
DA:61,0
DA:62,0
DA:65,0
DA:66,0
DA:69,0
DA:70,0
DA:71,0
DA:72,0
DA:73,0
DA:74,0
DA:77,0
DA:81,0
DA:85,0
DA:87,0
DA:88,0
DA:93,0
DA:94,0
DA:96,0
DA:97,0
DA:100,0
DA:101,0
DA:120,0
DA:121,0
DA:123,0
DA:128,0
DA:129,0
DA:131,0
DA:132,0
DA:135,0
DA:136,0
DA:157,0
DA:158,0
DA:160,0
DA:165,0
DA:166,0
DA:168,0
DA:169,0
DA:170,0
DA:171,0
DA:172,0
DA:175,0
DA:180,0
DA:181,0
DA:188,0
DA:189,0
DA:196,0
DA:197,0
DA:202,0
DA:205,0
DA:206,0
DA:208,0
DA:213,0
DA:214,0
DA:216,0
DA:217,0
DA:218,0
DA:221,0
DA:228,0
DA:229,0
DA:237,0
DA:238,0
DA:239,0
DA:240,0
DA:243,0
DA:245,0
DA:246,0
DA:247,0
DA:248,0
DA:250,0
DA:251,0
DA:253,0
DA:258,0
DA:259,0
DA:260,0
DA:261,0
DA:264,0
DA:265,0
DA:266,0
DA:269,0
DA:270,0
DA:271,0
DA:274,0
DA:276,0
DA:277,0
DA:278,0
DA:279,0
DA:284,0
DA:286,0
DA:287,0
DA:289,0
DA:294,0
DA:295,0
DA:304,0
DA:313,0
DA:314,0
DA:316,0
DA:317,0
DA:320,0
DA:321,0
DA:322,0
DA:335,0
DA:336,0
DA:337,0
DA:341,0
DA:342,0
DA:343,0
DA:344,0
DA:345,0
DA:346,0
DA:347,0
DA:352,0
DA:353,0
DA:354,0
DA:355,0
DA:356,0
DA:357,0
DA:358,0
DA:363,0
DA:364,0
DA:366,0
DA:368,0
DA:370,0
DA:372,0
DA:374,0
DA:376,0
DA:381,0
DA:382,0
DA:387,0
DA:391,0
DA:420,0
DA:430,0
DA:442,0
DA:485,0
DA:486,0
DA:494,0
DA:506,0
DA:517,0
DA:528,0
DA:538,0
DA:539,0
DA:566,0
DA:574,0
DA:595,0
DA:596,0
DA:606,0
DA:616,0
DA:626,0
DA:636,0
DA:646,0
DA:656,0
DA:657,0
DA:669,0
DA:686,0
DA:707,0
DA:708,0
DA:720,0
DA:759,0
DA:788,0
LF:167
LH:0
BRDA:38,0,0,0
BRDA:38,0,1,0
BRDA:39,1,0,0
BRDA:39,1,1,0
BRDA:40,2,0,0
BRDA:40,2,1,0
BRDA:41,3,0,0
BRDA:41,3,1,0
BRDA:73,4,0,0
BRDA:73,4,1,0
BRDA:94,5,0,0
BRDA:94,5,1,0
BRDA:129,6,0,0
BRDA:129,6,1,0
BRDA:169,7,0,0
BRDA:169,7,1,0
BRDA:171,8,0,0
BRDA:171,8,1,0
BRDA:216,9,0,0
BRDA:216,9,1,0
BRDA:228,10,0,0
BRDA:228,10,1,0
BRDA:228,11,0,0
BRDA:228,11,1,0
BRDA:228,11,2,0
BRDA:238,12,0,0
BRDA:238,12,1,0
BRDA:238,13,0,0
BRDA:238,13,1,0
BRDA:259,14,0,0
BRDA:259,14,1,0
BRDA:259,15,0,0
BRDA:259,15,1,0
BRDA:259,15,2,0
BRDA:264,16,0,0
BRDA:264,16,1,0
BRDA:269,17,0,0
BRDA:269,17,1,0
BRDA:342,18,0,0
BRDA:342,18,1,0
BRDA:342,18,2,0
BRDA:342,18,3,0
BRDA:342,18,4,0
BRDA:353,19,0,0
BRDA:353,19,1,0
BRDA:353,19,2,0
BRDA:353,19,3,0
BRDA:353,19,4,0
BRDA:364,20,0,0
BRDA:364,20,1,0
BRDA:364,20,2,0
BRDA:364,20,3,0
BRDA:364,20,4,0
BRDA:364,20,5,0
BRDA:386,21,0,0
BRDA:386,21,1,0
BRDA:398,22,0,0
BRDA:398,22,1,0
BRDA:402,23,0,0
BRDA:402,23,1,0
BRDA:406,24,0,0
BRDA:406,24,1,0
BRDA:413,25,0,0
BRDA:413,25,1,0
BRDA:449,26,0,0
BRDA:449,26,1,0
BRDA:453,27,0,0
BRDA:453,27,1,0
BRDA:472,28,0,0
BRDA:472,28,1,0
BRDA:491,29,0,0
BRDA:491,29,1,0
BRDA:550,30,0,0
BRDA:550,30,1,0
BRDA:554,31,0,0
BRDA:554,31,1,0
BRDA:662,32,0,0
BRDA:662,32,1,0
BRDA:666,33,0,0
BRDA:666,33,1,0
BRDA:713,34,0,0
BRDA:713,34,1,0
BRDA:717,35,0,0
BRDA:717,35,1,0
BRDA:762,36,0,0
BRDA:762,36,1,0
BRDA:763,37,0,0
BRDA:763,37,1,0
BRF:88
BRH:0
end_of_record
TN:
SF:app\components\profile\ProfileSettings.tsx
FN:10,(anonymous_0)
FN:44,(anonymous_1)
FN:52,(anonymous_2)
FN:76,(anonymous_3)
FN:106,(anonymous_4)
FN:128,(anonymous_5)
FN:147,(anonymous_6)
FN:166,(anonymous_7)
FN:219,(anonymous_8)
FN:224,(anonymous_9)
FN:247,(anonymous_10)
FN:256,(anonymous_11)
FN:264,(anonymous_12)
FN:272,(anonymous_13)
FN:302,(anonymous_14)
FN:312,(anonymous_15)
FN:324,(anonymous_16)
FN:352,(anonymous_17)
FN:363,(anonymous_18)
FN:374,(anonymous_19)
FN:387,(anonymous_20)
FN:398,(anonymous_21)
FN:409,(anonymous_22)
FN:420,(anonymous_23)
FN:449,(anonymous_24)
FN:460,(anonymous_25)
FNF:26
FNH:0
FNDA:0,(anonymous_0)
FNDA:0,(anonymous_1)
FNDA:0,(anonymous_2)
FNDA:0,(anonymous_3)
FNDA:0,(anonymous_4)
FNDA:0,(anonymous_5)
FNDA:0,(anonymous_6)
FNDA:0,(anonymous_7)
FNDA:0,(anonymous_8)
FNDA:0,(anonymous_9)
FNDA:0,(anonymous_10)
FNDA:0,(anonymous_11)
FNDA:0,(anonymous_12)
FNDA:0,(anonymous_13)
FNDA:0,(anonymous_14)
FNDA:0,(anonymous_15)
FNDA:0,(anonymous_16)
FNDA:0,(anonymous_17)
FNDA:0,(anonymous_18)
FNDA:0,(anonymous_19)
FNDA:0,(anonymous_20)
FNDA:0,(anonymous_21)
FNDA:0,(anonymous_22)
FNDA:0,(anonymous_23)
FNDA:0,(anonymous_24)
FNDA:0,(anonymous_25)
DA:10,0
DA:11,0
DA:12,0
DA:13,0
DA:16,0
DA:24,0
DA:35,0
DA:41,0
DA:44,0
DA:45,0
DA:46,0
DA:47,0
DA:52,0
DA:53,0
DA:54,0
DA:55,0
DA:59,0
DA:60,0
DA:68,0
DA:69,0
DA:71,0
DA:76,0
DA:77,0
DA:78,0
DA:82,0
DA:84,0
DA:95,0
DA:101,0
DA:106,0
DA:107,0
DA:108,0
DA:109,0
DA:115,0
DA:116,0
DA:117,0
DA:120,0
DA:121,0
DA:123,0
DA:128,0
DA:129,0
DA:130,0
DA:131,0
DA:137,0
DA:139,0
DA:140,0
DA:142,0
DA:147,0
DA:148,0
DA:149,0
DA:150,0
DA:156,0
DA:158,0
DA:159,0
DA:161,0
DA:166,0
DA:167,0
DA:169,0
DA:170,0
DA:171,0
DA:174,0
DA:181,0
DA:182,0
DA:185,0
DA:186,0
DA:192,0
DA:193,0
DA:194,0
DA:205,0
DA:206,0
DA:207,0
DA:210,0
DA:211,0
DA:213,0
DA:219,0
DA:220,0
DA:224,0
DA:225,0
DA:235,0
DA:236,0
DA:244,0
DA:247,0
DA:256,0
DA:264,0
DA:272,0
DA:302,0
DA:312,0
DA:324,0
DA:353,0
DA:364,0
DA:375,0
DA:388,0
DA:399,0
DA:410,0
DA:421,0
DA:450,0
DA:461,0
DA:492,0
LF:97
LH:0
BRDA:45,0,0,0
BRDA:45,0,1,0
BRDA:59,1,0,0
BRDA:59,1,1,0
BRDA:61,2,0,0
BRDA:61,2,1,0
BRDA:62,3,0,0
BRDA:62,3,1,0
BRDA:63,4,0,0
BRDA:63,4,1,0
BRDA:64,5,0,0
BRDA:64,5,1,0
BRDA:82,6,0,0
BRDA:82,6,1,0
BRDA:85,7,0,0
BRDA:85,7,1,0
BRDA:86,8,0,0
BRDA:86,8,1,0
BRDA:87,9,0,0
BRDA:87,9,1,0
BRDA:88,10,0,0
BRDA:88,10,1,0
BRDA:89,11,0,0
BRDA:89,11,1,0
BRDA:90,12,0,0
BRDA:90,12,1,0
BRDA:91,13,0,0
BRDA:91,13,1,0
BRDA:96,14,0,0
BRDA:96,14,1,0
BRDA:97,15,0,0
BRDA:97,15,1,0
BRDA:115,16,0,0
BRDA:115,16,1,0
BRDA:169,17,0,0
BRDA:169,17,1,0
BRDA:181,18,0,0
BRDA:181,18,1,0
BRDA:181,19,0,0
BRDA:181,19,1,0
BRDA:181,19,2,0
BRDA:205,20,0,0
BRDA:205,20,1,0
BRDA:205,21,0,0
BRDA:205,21,1,0
BRDA:235,22,0,0
BRDA:235,22,1,0
BRDA:255,23,0,0
BRDA:255,23,1,0
BRDA:258,24,0,0
BRDA:258,24,1,0
BRDA:263,25,0,0
BRDA:263,25,1,0
BRDA:266,26,0,0
BRDA:266,26,1,0
BRDA:271,27,0,0
BRDA:271,27,1,0
BRDA:274,28,0,0
BRDA:274,28,1,0
BRDA:280,29,0,0
BRDA:280,29,1,0
BRDA:283,30,0,0
BRDA:283,30,1,0
BRDA:288,31,0,0
BRDA:288,31,1,0
BRDA:335,32,0,0
BRDA:335,32,1,0
BRDA:344,33,0,0
BRDA:344,33,1,0
BRDA:432,34,0,0
BRDA:432,34,1,0
BRDA:441,35,0,0
BRDA:441,35,1,0
BRDA:476,36,0,0
BRDA:476,36,1,0
BRF:75
BRH:0
end_of_record
TN:
SF:app\components\property\FilterModal.tsx
FN:22,(anonymous_0)
FN:31,(anonymous_1)
FN:38,(anonymous_2)
FN:39,(anonymous_3)
FN:43,(anonymous_4)
FN:44,(anonymous_5)
FN:48,(anonymous_6)
FN:49,(anonymous_7)
FN:53,(anonymous_8)
FN:54,(anonymous_9)
FN:58,(anonymous_10)
FN:107,(anonymous_11)
FN:118,(anonymous_12)
FN:129,(anonymous_13)
FN:136,(anonymous_14)
FN:155,(anonymous_15)
FN:162,(anonymous_16)
FN:181,(anonymous_17)
FN:188,(anonymous_18)
FN:219,(anonymous_19)
FN:234,(anonymous_20)
FN:243,(anonymous_21)
FN:252,(anonymous_22)
FN:261,(anonymous_23)
FN:278,(anonymous_24)
FN:294,(anonymous_25)
FN:310,(anonymous_26)
FN:326,(anonymous_27)
FN:344,(anonymous_28)
FN:355,(anonymous_29)
FNF:30
FNH:0
FNDA:0,(anonymous_0)
FNDA:0,(anonymous_1)
FNDA:0,(anonymous_2)
FNDA:0,(anonymous_3)
FNDA:0,(anonymous_4)
FNDA:0,(anonymous_5)
FNDA:0,(anonymous_6)
FNDA:0,(anonymous_7)
FNDA:0,(anonymous_8)
FNDA:0,(anonymous_9)
FNDA:0,(anonymous_10)
FNDA:0,(anonymous_11)
FNDA:0,(anonymous_12)
FNDA:0,(anonymous_13)
FNDA:0,(anonymous_14)
FNDA:0,(anonymous_15)
FNDA:0,(anonymous_16)
FNDA:0,(anonymous_17)
FNDA:0,(anonymous_18)
FNDA:0,(anonymous_19)
FNDA:0,(anonymous_20)
FNDA:0,(anonymous_21)
FNDA:0,(anonymous_22)
FNDA:0,(anonymous_23)
FNDA:0,(anonymous_24)
FNDA:0,(anonymous_25)
FNDA:0,(anonymous_26)
FNDA:0,(anonymous_27)
FNDA:0,(anonymous_28)
FNDA:0,(anonymous_29)
DA:22,0
DA:28,0
DA:31,0
DA:32,0
DA:33,0
DA:38,0
DA:39,0
DA:43,0
DA:44,0
DA:48,0
DA:49,0
DA:53,0
DA:54,0
DA:58,0
DA:59,0
DA:75,0
DA:107,0
DA:118,0
DA:130,0
DA:136,0
DA:156,0
DA:162,0
DA:182,0
DA:188,0
DA:219,0
DA:234,0
DA:243,0
DA:252,0
DA:261,0
DA:278,0
DA:294,0
DA:310,0
DA:326,0
DA:344,0
DA:355,0
DA:356,0
DA:357,0
DA:358,0
DA:359,0
DA:360,0
DA:361,0
DA:362,0
DA:366,0
LF:43
LH:0
BRDA:32,0,0,0
BRDA:32,0,1,0
BRDA:134,1,0,0
BRDA:134,1,1,0
BRDA:141,2,0,0
BRDA:141,2,1,0
BRDA:160,3,0,0
BRDA:160,3,1,0
BRDA:167,4,0,0
BRDA:167,4,1,0
BRDA:170,5,0,0
BRDA:170,5,1,0
BRDA:170,6,0,0
BRDA:170,6,1,0
BRDA:186,7,0,0
BRDA:186,7,1,0
BRDA:193,8,0,0
BRDA:193,8,1,0
BRDA:196,9,0,0
BRDA:196,9,1,0
BRDA:196,10,0,0
BRDA:196,10,1,0
BRDA:208,11,0,0
BRDA:208,11,1,0
BRDA:208,12,0,0
BRDA:208,12,1,0
BRDA:210,13,0,0
BRDA:210,13,1,0
BRDA:218,14,0,0
BRDA:218,14,1,0
BRDA:233,15,0,0
BRDA:233,15,1,0
BRDA:236,16,0,0
BRDA:236,16,1,0
BRDA:242,17,0,0
BRDA:242,17,1,0
BRDA:245,18,0,0
BRDA:245,18,1,0
BRDA:251,19,0,0
BRDA:251,19,1,0
BRDA:254,20,0,0
BRDA:254,20,1,0
BRDA:260,21,0,0
BRDA:260,21,1,0
BRDA:263,22,0,0
BRDA:263,22,1,0
BRDA:276,23,0,0
BRDA:276,23,1,0
BRDA:283,24,0,0
BRDA:283,24,1,0
BRDA:292,25,0,0
BRDA:292,25,1,0
BRDA:299,26,0,0
BRDA:299,26,1,0
BRDA:308,27,0,0
BRDA:308,27,1,0
BRDA:315,28,0,0
BRDA:315,28,1,0
BRDA:324,29,0,0
BRDA:324,29,1,0
BRDA:331,30,0,0
BRDA:331,30,1,0
BRDA:356,31,0,0
BRDA:356,31,1,0
BRDA:356,31,2,0
BRDA:356,31,3,0
BRDA:356,31,4,0
BRDA:356,31,5,0
BRF:68
BRH:0
end_of_record
TN:
SF:app\components\property\PropertyCard.tsx
FN:11,(anonymous_0)
FN:14,(anonymous_1)
FNF:2
FNH:0
FNDA:0,(anonymous_0)
FNDA:0,(anonymous_1)
DA:11,0
DA:12,0
DA:14,0
DA:15,0
DA:18,0
DA:43,0
LF:6
LH:0
BRF:0
BRH:0
end_of_record
TN:
SF:app\components\property\ReplyReviewModal.tsx
FN:25,(anonymous_0)
FN:36,(anonymous_1)
FN:43,(anonymous_2)
FN:95,(anonymous_3)
FNF:4
FNH:0
FNDA:0,(anonymous_0)
FNDA:0,(anonymous_1)
FNDA:0,(anonymous_2)
FNDA:0,(anonymous_3)
DA:25,0
DA:31,0
DA:32,0
DA:33,0
DA:36,0
DA:37,0
DA:38,0
DA:39,0
DA:43,0
DA:44,0
DA:46,0
DA:47,0
DA:48,0
DA:51,0
DA:52,0
DA:53,0
DA:55,0
DA:57,0
DA:58,0
DA:59,0
DA:60,0
DA:62,0
DA:63,0
DA:64,0
DA:68,0
DA:70,0
DA:96,0
DA:147,0
LF:28
LH:0
BRDA:37,0,0,0
BRDA:37,0,1,0
BRDA:44,1,0,0
BRDA:44,1,1,0
BRDA:46,2,0,0
BRDA:46,2,1,0
BRDA:68,3,0,0
BRDA:68,3,1,0
BRDA:78,4,0,0
BRDA:78,4,1,0
BRDA:100,5,0,0
BRDA:100,5,1,0
BRDA:119,6,0,0
BRDA:119,6,1,0
BRDA:129,7,0,0
BRDA:129,7,1,0
BRDA:131,8,0,0
BRDA:131,8,1,0
BRDA:133,9,0,0
BRDA:133,9,1,0
BRF:20
BRH:0
end_of_record
TN:
SF:app\components\property\ReviewItem.tsx
FN:12,(anonymous_0)
FN:14,(anonymous_1)
FN:36,(anonymous_2)
FN:53,(anonymous_3)
FN:56,(anonymous_4)
FN:88,(anonymous_5)
FNF:6
FNH:0
FNDA:0,(anonymous_0)
FNDA:0,(anonymous_1)
FNDA:0,(anonymous_2)
FNDA:0,(anonymous_3)
FNDA:0,(anonymous_4)
FNDA:0,(anonymous_5)
DA:12,0
DA:14,0
DA:15,0
DA:16,0
DA:19,0
DA:37,0
DA:53,0
DA:57,0
DA:88,0
DA:99,0
LF:10
LH:0
BRDA:12,0,0,0
BRDA:23,1,0,0
BRDA:23,1,1,0
BRDA:41,2,0,0
BRDA:41,2,1,0
BRDA:50,3,0,0
BRDA:50,3,1,0
BRDA:50,3,2,0
BRDA:65,4,0,0
BRDA:65,4,1,0
BRDA:72,5,0,0
BRDA:72,5,1,0
BRDA:80,6,0,0
BRDA:80,6,1,0
BRDA:87,7,0,0
BRDA:87,7,1,0
BRDA:87,7,2,0
BRDA:87,7,3,0
BRF:18
BRH:0
end_of_record
TN:
SF:app\components\property\ReviewsList.tsx
FN:35,(anonymous_0)
FN:53,(anonymous_1)
FN:58,(anonymous_2)
FN:68,(anonymous_3)
FN:74,(anonymous_4)
FN:87,(anonymous_5)
FN:104,(anonymous_6)
FN:151,(anonymous_7)
FN:167,(anonymous_8)
FN:189,(anonymous_9)
FN:205,(anonymous_10)
FN:221,(anonymous_11)
FN:235,(anonymous_12)
FN:242,(anonymous_13)
FN:247,(anonymous_14)
FN:267,(anonymous_15)
FN:273,(anonymous_16)
FN:288,(anonymous_17)
FN:295,(anonymous_18)
FN:308,(anonymous_19)
FN:321,(anonymous_20)
FN:331,(anonymous_21)
FN:339,(anonymous_22)
FN:361,(anonymous_23)
FN:371,(anonymous_24)
FN:381,(anonymous_25)
FNF:26
FNH:0
FNDA:0,(anonymous_0)
FNDA:0,(anonymous_1)
FNDA:0,(anonymous_2)
FNDA:0,(anonymous_3)
FNDA:0,(anonymous_4)
FNDA:0,(anonymous_5)
FNDA:0,(anonymous_6)
FNDA:0,(anonymous_7)
FNDA:0,(anonymous_8)
FNDA:0,(anonymous_9)
FNDA:0,(anonymous_10)
FNDA:0,(anonymous_11)
FNDA:0,(anonymous_12)
FNDA:0,(anonymous_13)
FNDA:0,(anonymous_14)
FNDA:0,(anonymous_15)
FNDA:0,(anonymous_16)
FNDA:0,(anonymous_17)
FNDA:0,(anonymous_18)
FNDA:0,(anonymous_19)
FNDA:0,(anonymous_20)
FNDA:0,(anonymous_21)
FNDA:0,(anonymous_22)
FNDA:0,(anonymous_23)
FNDA:0,(anonymous_24)
FNDA:0,(anonymous_25)
DA:35,0
DA:36,0
DA:37,0
DA:38,0
DA:39,0
DA:40,0
DA:41,0
DA:42,0
DA:43,0
DA:53,0
DA:54,0
DA:58,0
DA:59,0
DA:60,0
DA:61,0
DA:63,0
DA:64,0
DA:67,0
DA:68,0
DA:69,0
DA:73,0
DA:74,0
DA:75,0
DA:78,0
DA:87,0
DA:88,0
DA:91,0
DA:95,0
DA:96,0
DA:98,0
DA:99,0
DA:104,0
DA:105,0
DA:106,0
DA:107,0
DA:110,0
DA:111,0
DA:117,0
DA:119,0
DA:125,0
DA:126,0
DA:127,0
DA:130,0
DA:131,0
DA:132,0
DA:134,0
DA:140,0
DA:142,0
DA:145,0
DA:146,0
DA:151,0
DA:152,0
DA:153,0
DA:154,0
DA:157,0
DA:158,0
DA:164,0
DA:166,0
DA:168,0
DA:180,0
DA:183,0
DA:184,0
DA:189,0
DA:190,0
DA:191,0
DA:192,0
DA:195,0
DA:196,0
DA:202,0
DA:204,0
DA:206,0
DA:212,0
DA:215,0
DA:216,0
DA:221,0
DA:222,0
DA:223,0
DA:224,0
DA:227,0
DA:236,0
DA:237,0
DA:242,0
DA:243,0
DA:246,0
DA:247,0
DA:248,0
DA:250,0
DA:253,0
DA:255,0
DA:257,0
DA:258,0
DA:267,0
DA:268,0
DA:269,0
DA:273,0
DA:274,0
DA:276,0
DA:288,0
DA:289,0
DA:296,0
DA:309,0
DA:321,0
DA:331,0
DA:332,0
DA:339,0
DA:348,0
DA:349,0
DA:357,0
DA:362,0
DA:371,0
DA:381,0
DA:389,0
LF:112
LH:0
BRDA:35,0,0,0
BRDA:63,1,0,0
BRDA:63,1,1,0
BRDA:64,2,0,0
BRDA:64,2,1,0
BRDA:67,3,0,0
BRDA:67,3,1,0
BRDA:73,4,0,0
BRDA:73,4,1,0
BRDA:73,5,0,0
BRDA:73,5,1,0
BRDA:105,6,0,0
BRDA:105,6,1,0
BRDA:117,7,0,0
BRDA:117,7,1,0
BRDA:121,8,0,0
BRDA:121,8,1,0
BRDA:121,8,2,0
BRDA:152,9,0,0
BRDA:152,9,1,0
BRDA:164,10,0,0
BRDA:164,10,1,0
BRDA:168,11,0,0
BRDA:168,11,1,0
BRDA:190,12,0,0
BRDA:190,12,1,0
BRDA:202,13,0,0
BRDA:202,13,1,0
BRDA:206,14,0,0
BRDA:206,14,1,0
BRDA:222,15,0,0
BRDA:222,15,1,0
BRDA:246,16,0,0
BRDA:246,16,1,0
BRDA:274,17,0,0
BRDA:274,17,1,0
BRDA:298,18,0,0
BRDA:298,18,1,0
BRDA:318,19,0,0
BRDA:318,19,1,0
BRDA:318,19,2,0
BRDA:318,19,3,0
BRDA:336,20,0,0
BRDA:336,20,1,0
BRDA:336,20,2,0
BRDA:348,21,0,0
BRDA:348,21,1,0
BRDA:348,22,0,0
BRDA:348,22,1,0
BRDA:383,23,0,0
BRDA:383,23,1,0
BRF:51
BRH:0
end_of_record
TN:
SF:app\components\property\WriteReviewModal.tsx
FN:28,(anonymous_0)
FN:42,(anonymous_1)
FN:78,(anonymous_2)
FN:84,(anonymous_3)
FN:113,(anonymous_4)
FN:116,(anonymous_5)
FNF:6
FNH:0
FNDA:0,(anonymous_0)
FNDA:0,(anonymous_1)
FNDA:0,(anonymous_2)
FNDA:0,(anonymous_3)
FNDA:0,(anonymous_4)
FNDA:0,(anonymous_5)
DA:28,0
DA:37,0
DA:38,0
DA:39,0
DA:40,0
DA:42,0
DA:43,0
DA:44,0
DA:45,0
DA:48,0
DA:49,0
DA:50,0
DA:53,0
DA:54,0
DA:55,0
DA:57,0
DA:67,0
DA:68,0
DA:69,0
DA:70,0
DA:72,0
DA:73,0
DA:74,0
DA:78,0
DA:79,0
DA:80,0
DA:81,0
DA:84,0
DA:85,0
DA:86,0
DA:89,0
DA:114,0
DA:116,0
DA:175,0
LF:34
LH:0
BRDA:43,0,0,0
BRDA:43,0,1,0
BRDA:48,1,0,0
BRDA:48,1,1,0
BRDA:97,2,0,0
BRDA:97,2,1,0
BRDA:120,3,0,0
BRDA:120,3,1,0
BRDA:122,4,0,0
BRDA:122,4,1,0
BRDA:128,5,0,0
BRDA:128,5,1,0
BRDA:129,6,0,0
BRDA:129,6,1,0
BRDA:130,7,0,0
BRDA:130,7,1,0
BRDA:131,8,0,0
BRDA:131,8,1,0
BRDA:132,9,0,0
BRDA:132,9,1,0
BRDA:147,10,0,0
BRDA:147,10,1,0
BRDA:157,11,0,0
BRDA:157,11,1,0
BRDA:157,11,2,0
BRDA:159,12,0,0
BRDA:159,12,1,0
BRDA:159,12,2,0
BRDA:161,13,0,0
BRDA:161,13,1,0
BRF:30
BRH:0
end_of_record
TN:
SF:app\contexts\AuthContext.tsx
FN:33,(anonymous_0)
FN:39,(anonymous_1)
FN:40,(anonymous_2)
FN:68,(anonymous_3)
FN:92,(anonymous_4)
FN:122,(anonymous_5)
FN:147,(anonymous_6)
FN:186,(anonymous_7)
FNF:8
FNH:0
FNDA:0,(anonymous_0)
FNDA:0,(anonymous_1)
FNDA:0,(anonymous_2)
FNDA:0,(anonymous_3)
FNDA:0,(anonymous_4)
FNDA:0,(anonymous_5)
FNDA:0,(anonymous_6)
FNDA:0,(anonymous_7)
DA:30,1
DA:33,1
DA:34,0
DA:35,0
DA:36,0
DA:39,0
DA:40,0
DA:41,0
DA:43,0
DA:45,0
DA:47,0
DA:48,0
DA:51,0
DA:52,0
DA:55,0
DA:57,0
DA:58,0
DA:60,0
DA:64,0
DA:68,0
DA:69,0
DA:70,0
DA:73,0
DA:74,0
DA:77,0
DA:78,0
DA:79,0
DA:80,0
DA:83,0
DA:84,0
DA:85,0
DA:87,0
DA:92,0
DA:93,0
DA:94,0
DA:97,0
DA:104,0
DA:107,0
DA:108,0
DA:109,0
DA:110,0
DA:113,0
DA:114,0
DA:115,0
DA:117,0
DA:122,0
DA:123,0
DA:124,0
DA:127,0
DA:128,0
DA:134,0
DA:135,0
DA:136,0
DA:137,0
DA:140,0
DA:142,0
DA:147,0
DA:148,0
DA:149,0
DA:152,0
DA:153,0
DA:156,0
DA:159,0
DA:160,0
DA:161,0
DA:163,0
DA:167,0
DA:186,1
DA:187,0
DA:188,0
DA:189,0
DA:191,0
LF:72
LH:3
BRDA:45,0,0,0
BRDA:45,0,1,0
BRDA:173,1,0,0
BRDA:173,1,1,0
BRDA:188,2,0,0
BRDA:188,2,1,0
BRF:6
BRH:0
end_of_record
TN:
SF:app\conversation\[id].tsx
FN:27,ChatScreen
FN:44,(anonymous_1)
FN:45,(anonymous_2)
FN:75,(anonymous_3)
FN:77,(anonymous_4)
FN:83,(anonymous_5)
FN:86,(anonymous_6)
FN:90,(anonymous_7)
FN:92,(anonymous_8)
FN:99,(anonymous_9)
FN:101,(anonymous_10)
FN:105,(anonymous_11)
FN:115,(anonymous_12)
FN:141,(anonymous_13)
FN:146,(anonymous_14)
FN:176,(anonymous_15)
FN:177,(anonymous_16)
FN:181,(anonymous_17)
FN:186,(anonymous_18)
FN:196,(anonymous_19)
FN:207,(anonymous_20)
FN:212,(anonymous_21)
FN:236,(anonymous_22)
FN:239,(anonymous_23)
FN:278,(anonymous_24)
FN:288,(anonymous_25)
FN:295,(anonymous_26)
FN:298,(anonymous_27)
FN:345,(anonymous_28)
FN:350,(anonymous_29)
FNF:30
FNH:0
FNDA:0,ChatScreen
FNDA:0,(anonymous_1)
FNDA:0,(anonymous_2)
FNDA:0,(anonymous_3)
FNDA:0,(anonymous_4)
FNDA:0,(anonymous_5)
FNDA:0,(anonymous_6)
FNDA:0,(anonymous_7)
FNDA:0,(anonymous_8)
FNDA:0,(anonymous_9)
FNDA:0,(anonymous_10)
FNDA:0,(anonymous_11)
FNDA:0,(anonymous_12)
FNDA:0,(anonymous_13)
FNDA:0,(anonymous_14)
FNDA:0,(anonymous_15)
FNDA:0,(anonymous_16)
FNDA:0,(anonymous_17)
FNDA:0,(anonymous_18)
FNDA:0,(anonymous_19)
FNDA:0,(anonymous_20)
FNDA:0,(anonymous_21)
FNDA:0,(anonymous_22)
FNDA:0,(anonymous_23)
FNDA:0,(anonymous_24)
FNDA:0,(anonymous_25)
FNDA:0,(anonymous_26)
FNDA:0,(anonymous_27)
FNDA:0,(anonymous_28)
FNDA:0,(anonymous_29)
DA:28,0
DA:29,0
DA:30,0
DA:32,0
DA:33,0
DA:34,0
DA:35,0
DA:36,0
DA:37,0
DA:38,0
DA:39,0
DA:41,0
DA:44,0
DA:45,0
DA:46,0
DA:47,0
DA:50,0
DA:51,0
DA:52,0
DA:54,0
DA:55,0
DA:59,0
DA:60,0
DA:63,0
DA:65,0
DA:66,0
DA:68,0
DA:72,0
DA:75,0
DA:76,0
DA:78,0
DA:79,0
DA:80,0
DA:83,0
DA:86,0
DA:90,0
DA:91,0
DA:92,0
DA:93,0
DA:99,0
DA:100,0
DA:101,0
DA:105,0
DA:106,0
DA:108,0
DA:109,0
DA:112,0
DA:115,0
DA:126,0
DA:127,0
DA:130,0
DA:131,0
DA:133,0
DA:134,0
DA:136,0
DA:141,0
DA:142,0
DA:146,0
DA:147,0
DA:148,0
DA:154,0
DA:155,0
DA:158,0
DA:167,0
DA:170,0
DA:171,0
DA:176,0
DA:177,0
DA:181,0
DA:182,0
DA:184,0
DA:187,0
DA:196,0
DA:207,0
DA:208,0
DA:210,0
DA:213,0
DA:237,0
DA:240,0
DA:241,0
DA:256,0
DA:278,0
DA:289,0
DA:295,0
DA:299,0
DA:345,0
DA:350,0
DA:370,0
DA:372,0
LF:89
LH:0
BRDA:51,0,0,0
BRDA:51,0,1,0
BRDA:78,1,0,0
BRDA:78,1,1,0
BRDA:91,2,0,0
BRDA:91,2,1,0
BRDA:91,3,0,0
BRDA:91,3,1,0
BRDA:100,4,0,0
BRDA:100,4,1,0
BRDA:106,5,0,0
BRDA:106,5,1,0
BRDA:106,6,0,0
BRDA:106,6,1,0
BRDA:154,7,0,0
BRDA:154,7,1,0
BRDA:154,8,0,0
BRDA:154,8,1,0
BRDA:154,8,2,0
BRDA:162,9,0,0
BRDA:162,9,1,0
BRDA:163,10,0,0
BRDA:163,10,1,0
BRDA:164,11,0,0
BRDA:164,11,1,0
BRDA:182,12,0,0
BRDA:182,12,1,0
BRDA:188,13,0,0
BRDA:188,13,1,0
BRDA:211,14,0,0
BRDA:211,14,1,0
BRDA:214,15,0,0
BRDA:214,15,1,0
BRDA:222,16,0,0
BRDA:222,16,1,0
BRDA:227,17,0,0
BRDA:227,17,1,0
BRDA:228,18,0,0
BRDA:228,18,1,0
BRDA:240,19,0,0
BRDA:240,19,1,0
BRDA:249,20,0,0
BRDA:249,20,1,0
BRDA:259,21,0,0
BRDA:259,21,1,0
BRDA:260,22,0,0
BRDA:260,22,1,0
BRDA:268,23,0,0
BRDA:268,23,1,0
BRDA:272,24,0,0
BRDA:272,24,1,0
BRDA:326,25,0,0
BRDA:326,25,1,0
BRDA:326,25,2,0
BRDA:329,26,0,0
BRDA:329,26,1,0
BRDA:329,26,2,0
BRDA:331,27,0,0
BRDA:331,27,1,0
BRDA:355,28,0,0
BRDA:355,28,1,0
BRF:61
BRH:0
end_of_record
TN:
SF:app\hooks\useSocket.ts
FN:15,(anonymous_0)
FN:20,(anonymous_1)
FN:38,(anonymous_2)
FN:43,(anonymous_3)
FN:48,(anonymous_4)
FN:53,(anonymous_5)
FN:59,(anonymous_6)
FNF:7
FNH:0
FNDA:0,(anonymous_0)
FNDA:0,(anonymous_1)
FNDA:0,(anonymous_2)
FNDA:0,(anonymous_3)
FNDA:0,(anonymous_4)
FNDA:0,(anonymous_5)
FNDA:0,(anonymous_6)
DA:7,0
DA:15,0
DA:16,0
DA:17,0
DA:18,0
DA:20,0
DA:21,0
DA:24,0
DA:35,0
DA:38,0
DA:39,0
DA:40,0
DA:43,0
DA:44,0
DA:45,0
DA:48,0
DA:49,0
DA:53,0
DA:54,0
DA:55,0
DA:59,0
DA:60,0
DA:62,0
DA:70,0
LF:24
LH:0
BRDA:21,0,0,0
BRDA:21,0,1,0
BRDA:21,1,0,0
BRDA:21,1,1,0
BRDA:21,1,2,0
BRDA:60,2,0,0
BRDA:60,2,1,0
BRDA:60,3,0,0
BRDA:60,3,1,0
BRF:9
BRH:0
end_of_record
TN:
SF:app\modules\index.ts
FNF:0
FNH:0
DA:17,0
DA:20,0
LF:2
LH:0
BRF:0
BRH:0
end_of_record
TN:
SF:app\modules\platformConstants.ts
FN:65,(anonymous_0)
FN:72,(anonymous_1)
FN:79,(anonymous_2)
FN:88,createPlatformConstantsPolyfill
FN:138,(anonymous_4)
FN:154,(anonymous_5)
FN:168,(anonymous_6)
FN:176,(anonymous_7)
FNF:8
FNH:0
FNDA:0,(anonymous_0)
FNDA:0,(anonymous_1)
FNDA:0,(anonymous_2)
FNDA:0,createPlatformConstantsPolyfill
FNDA:0,(anonymous_4)
FNDA:0,(anonymous_5)
FNDA:0,(anonymous_6)
FNDA:0,(anonymous_7)
DA:63,0
DA:64,0
DA:66,0
DA:67,0
DA:68,0
DA:70,0
DA:73,0
DA:74,0
DA:75,0
DA:77,0
DA:80,0
DA:81,0
DA:82,0
DA:90,0
DA:91,0
DA:94,0
DA:138,0
DA:141,0
DA:145,0
DA:146,0
DA:149,0
DA:152,0
DA:153,0
DA:154,0
DA:155,0
DA:157,0
DA:162,0
DA:166,0
DA:167,0
DA:168,0
DA:169,0
DA:170,0
DA:172,0
DA:175,0
DA:176,0
DA:177,0
DA:178,0
DA:180,0
LF:38
LH:0
BRDA:63,0,0,0
BRDA:63,0,1,0
BRDA:63,1,0,0
BRDA:63,1,1,0
BRDA:67,2,0,0
BRDA:67,2,1,0
BRDA:67,3,0,0
BRDA:67,3,1,0
BRDA:74,4,0,0
BRDA:74,4,1,0
BRDA:74,5,0,0
BRDA:74,5,1,0
BRDA:107,6,0,0
BRDA:107,6,1,0
BRDA:110,7,0,0
BRDA:110,7,1,0
BRDA:111,8,0,0
BRDA:111,8,1,0
BRDA:112,9,0,0
BRDA:112,9,1,0
BRDA:113,10,0,0
BRDA:113,10,1,0
BRDA:114,11,0,0
BRDA:114,11,1,0
BRDA:117,12,0,0
BRDA:117,12,1,0
BRDA:118,13,0,0
BRDA:118,13,1,0
BRDA:119,14,0,0
BRDA:119,14,1,0
BRDA:120,15,0,0
BRDA:120,15,1,0
BRDA:121,16,0,0
BRDA:121,16,1,0
BRDA:130,17,0,0
BRDA:130,17,1,0
BRDA:145,18,0,0
BRDA:145,18,1,0
BRDA:152,19,0,0
BRDA:152,19,1,0
BRDA:166,20,0,0
BRDA:166,20,1,0
BRDA:169,21,0,0
BRDA:169,21,1,0
BRDA:177,22,0,0
BRDA:177,22,1,0
BRF:46
BRH:0
end_of_record
TN:
SF:app\modules\websocketPolyfill.ts
FN:23,(anonymous_0)
FN:31,(anonymous_1)
FN:50,(anonymous_2)
FN:67,(anonymous_3)
FN:74,(anonymous_4)
FNF:5
FNH:0
FNDA:0,(anonymous_0)
FNDA:0,(anonymous_1)
FNDA:0,(anonymous_2)
FNDA:0,(anonymous_3)
FNDA:0,(anonymous_4)
DA:4,0
DA:8,0
DA:9,0
DA:10,0
DA:11,0
DA:12,0
DA:15,0
DA:16,0
DA:17,0
DA:18,0
DA:20,0
DA:21,0
DA:24,0
DA:26,0
DA:28,0
DA:31,0
DA:32,0
DA:33,0
DA:35,0
DA:36,0
DA:40,0
DA:42,0
DA:43,0
DA:46,0
DA:51,0
DA:52,0
DA:55,0
DA:56,0
DA:59,0
DA:61,0
DA:62,0
DA:68,0
DA:69,0
DA:72,0
DA:74,0
DA:75,0
DA:76,0
DA:78,0
DA:79,0
DA:92,0
DA:93,0
DA:95,0
LF:42
LH:0
BRDA:4,0,0,0
BRDA:4,0,1,0
BRDA:35,1,0,0
BRDA:35,1,1,0
BRDA:42,2,0,0
BRDA:42,2,1,0
BRDA:51,3,0,0
BRDA:51,3,1,0
BRDA:61,4,0,0
BRDA:61,4,1,0
BRDA:68,5,0,0
BRDA:68,5,1,0
BRDA:78,6,0,0
BRDA:78,6,1,0
BRDA:81,7,0,0
BRDA:81,7,1,0
BRDA:82,8,0,0
BRDA:82,8,1,0
BRF:18
BRH:0
end_of_record
TN:
SF:app\property\[id].tsx
FN:98,PropertyDetails
FN:117,(anonymous_1)
FN:121,(anonymous_2)
FN:125,(anonymous_3)
FN:129,(anonymous_4)
FN:135,(anonymous_5)
FN:232,(anonymous_6)
FN:254,(anonymous_7)
FN:277,(anonymous_8)
FN:299,(anonymous_9)
FN:309,(anonymous_10)
FN:320,FeatureItem
FN:330,getAmenityIcon
FNF:13
FNH:0
FNDA:0,PropertyDetails
FNDA:0,(anonymous_1)
FNDA:0,(anonymous_2)
FNDA:0,(anonymous_3)
FNDA:0,(anonymous_4)
FNDA:0,(anonymous_5)
FNDA:0,(anonymous_6)
FNDA:0,(anonymous_7)
FNDA:0,(anonymous_8)
FNDA:0,(anonymous_9)
FNDA:0,(anonymous_10)
FNDA:0,FeatureItem
FNDA:0,getAmenityIcon
DA:12,0
DA:96,0
DA:100,0
DA:101,0
DA:105,0
DA:106,0
DA:109,0
DA:112,0
DA:117,0
DA:118,0
DA:121,0
DA:122,0
DA:125,0
DA:126,0
DA:129,0
DA:132,0
DA:135,0
DA:136,0
DA:139,0
DA:140,0
DA:148,0
DA:233,0
DA:254,0
DA:278,0
DA:279,0
DA:299,0
DA:309,0
DA:321,0
DA:331,0
DA:343,0
DA:346,0
LF:31
LH:0
BRDA:139,0,0,0
BRDA:139,0,1,0
BRDA:278,1,0,0
BRDA:278,1,1,0
BRDA:343,2,0,0
BRDA:343,2,1,0
BRF:6
BRH:0
end_of_record
TN:
SF:app\property\_layout.tsx
FN:4,PropertyLayout
FNF:1
FNH:0
FNDA:0,PropertyLayout
DA:5,0
LF:1
LH:0
BRF:0
BRH:0
end_of_record
TN:
SF:app\property\[id]\booking.tsx
FN:24,BookingScreen
FN:48,(anonymous_1)
FN:49,(anonymous_2)
FN:68,(anonymous_3)
FN:73,(anonymous_4)
FN:80,(anonymous_5)
FN:89,(anonymous_6)
FN:99,(anonymous_7)
FN:111,(anonymous_8)
FN:121,(anonymous_9)
FN:133,(anonymous_10)
FN:137,(anonymous_11)
FN:146,(anonymous_12)
FN:153,(anonymous_13)
FN:160,(anonymous_14)
FN:193,(anonymous_15)
FN:201,(anonymous_16)
FN:207,(anonymous_17)
FN:226,(anonymous_18)
FN:239,(anonymous_19)
FN:240,(anonymous_20)
FN:290,(anonymous_21)
FN:314,(anonymous_22)
FN:339,(anonymous_23)
FN:358,(anonymous_24)
FNF:25
FNH:0
FNDA:0,BookingScreen
FNDA:0,(anonymous_1)
FNDA:0,(anonymous_2)
FNDA:0,(anonymous_3)
FNDA:0,(anonymous_4)
FNDA:0,(anonymous_5)
FNDA:0,(anonymous_6)
FNDA:0,(anonymous_7)
FNDA:0,(anonymous_8)
FNDA:0,(anonymous_9)
FNDA:0,(anonymous_10)
FNDA:0,(anonymous_11)
FNDA:0,(anonymous_12)
FNDA:0,(anonymous_13)
FNDA:0,(anonymous_14)
FNDA:0,(anonymous_15)
FNDA:0,(anonymous_16)
FNDA:0,(anonymous_17)
FNDA:0,(anonymous_18)
FNDA:0,(anonymous_19)
FNDA:0,(anonymous_20)
FNDA:0,(anonymous_21)
FNDA:0,(anonymous_22)
FNDA:0,(anonymous_23)
FNDA:0,(anonymous_24)
DA:25,0
DA:26,0
DA:27,0
DA:29,0
DA:30,0
DA:31,0
DA:32,0
DA:33,0
DA:36,0
DA:44,0
DA:45,0
DA:48,0
DA:49,0
DA:50,0
DA:51,0
DA:52,0
DA:55,0
DA:57,0
DA:58,0
DA:60,0
DA:64,0
DA:68,0
DA:69,0
DA:70,0
DA:71,0
DA:73,0
DA:80,0
DA:81,0
DA:83,0
DA:85,0
DA:86,0
DA:87,0
DA:89,0
DA:95,0
DA:96,0
DA:99,0
DA:104,0
DA:105,0
DA:111,0
DA:112,0
DA:114,0
DA:116,0
DA:117,0
DA:118,0
DA:121,0
DA:126,0
DA:127,0
DA:133,0
DA:134,0
DA:136,0
DA:137,0
DA:141,0
DA:144,0
DA:145,0
DA:146,0
DA:150,0
DA:153,0
DA:160,0
DA:161,0
DA:162,0
DA:163,0
DA:164,0
DA:167,0
DA:169,0
DA:170,0
DA:179,0
DA:180,0
DA:181,0
DA:183,0
DA:185,0
DA:186,0
DA:188,0
DA:193,0
DA:194,0
DA:195,0
DA:201,0
DA:207,0
DA:208,0
DA:211,0
DA:212,0
DA:220,0
DA:221,0
DA:226,0
DA:234,0
DA:235,0
DA:240,0
DA:256,0
DA:257,0
DA:268,0
DA:290,0
DA:314,0
DA:339,0
DA:358,0
DA:408,0
LF:94
LH:0
BRDA:83,0,0,0
BRDA:83,0,1,0
BRDA:85,1,0,0
BRDA:85,1,1,0
BRDA:95,2,0,0
BRDA:95,2,1,0
BRDA:104,3,0,0
BRDA:104,3,1,0
BRDA:114,4,0,0
BRDA:114,4,1,0
BRDA:116,5,0,0
BRDA:116,5,1,0
BRDA:126,6,0,0
BRDA:126,6,1,0
BRDA:136,7,0,0
BRDA:136,7,1,0
BRDA:136,8,0,0
BRDA:136,8,1,0
BRDA:144,9,0,0
BRDA:144,9,1,0
BRDA:144,10,0,0
BRDA:144,10,1,0
BRDA:161,11,0,0
BRDA:161,11,1,0
BRDA:211,12,0,0
BRDA:211,12,1,0
BRDA:220,13,0,0
BRDA:220,13,1,0
BRDA:234,14,0,0
BRDA:234,14,1,0
BRDA:234,15,0,0
BRDA:234,15,1,0
BRDA:256,16,0,0
BRDA:256,16,1,0
BRDA:298,17,0,0
BRDA:298,17,1,0
BRDA:322,18,0,0
BRDA:322,18,1,0
BRDA:345,19,0,0
BRDA:345,19,1,0
BRDA:359,20,0,0
BRDA:359,20,1,0
BRDA:364,21,0,0
BRDA:364,21,1,0
BRDA:364,22,0,0
BRDA:364,22,1,0
BRDA:398,23,0,0
BRDA:398,23,1,0
BRF:48
BRH:0
end_of_record
TN:
SF:app\property\[id]\reviews.tsx
FN:18,PropertyReviews
FN:27,(anonymous_1)
FN:30,(anonymous_2)
FN:38,(anonymous_3)
FN:42,(anonymous_4)
FN:46,(anonymous_5)
FN:51,(anonymous_6)
FN:56,(anonymous_7)
FN:67,(anonymous_8)
FN:72,(anonymous_9)
FN:90,(anonymous_10)
FN:100,(anonymous_11)
FNF:12
FNH:0
FNDA:0,PropertyReviews
FNDA:0,(anonymous_1)
FNDA:0,(anonymous_2)
FNDA:0,(anonymous_3)
FNDA:0,(anonymous_4)
FNDA:0,(anonymous_5)
FNDA:0,(anonymous_6)
FNDA:0,(anonymous_7)
FNDA:0,(anonymous_8)
FNDA:0,(anonymous_9)
FNDA:0,(anonymous_10)
FNDA:0,(anonymous_11)
DA:19,0
DA:20,0
DA:21,0
DA:22,0
DA:23,0
DA:24,0
DA:27,0
DA:30,0
DA:32,0
DA:35,0
DA:38,0
DA:39,0
DA:42,0
DA:43,0
DA:46,0
DA:47,0
DA:48,0
DA:51,0
DA:53,0
DA:56,0
DA:58,0
DA:61,0
DA:68,0
DA:73,0
DA:90,0
DA:100,0
DA:108,0
LF:27
LH:0
BRF:0
BRH:0
end_of_record
TN:
SF:app\services\api.ts
FN:14,apiRequest
FN:65,processResponse
FN:86,refreshToken
FN:123,(anonymous_3)
FN:127,(anonymous_4)
FN:134,(anonymous_5)
FN:141,(anonymous_6)
FN:148,(anonymous_7)
FN:156,(anonymous_8)
FN:170,(anonymous_9)
FN:184,(anonymous_10)
FN:196,(anonymous_11)
FN:201,(anonymous_12)
FN:206,(anonymous_13)
FN:211,(anonymous_14)
FN:216,(anonymous_15)
FN:221,(anonymous_16)
FN:226,(anonymous_17)
FN:231,(anonymous_18)
FNF:19
FNH:0
FNDA:0,apiRequest
FNDA:0,processResponse
FNDA:0,refreshToken
FNDA:0,(anonymous_3)
FNDA:0,(anonymous_4)
FNDA:0,(anonymous_5)
FNDA:0,(anonymous_6)
FNDA:0,(anonymous_7)
FNDA:0,(anonymous_8)
FNDA:0,(anonymous_9)
FNDA:0,(anonymous_10)
FNDA:0,(anonymous_11)
FNDA:0,(anonymous_12)
FNDA:0,(anonymous_13)
FNDA:0,(anonymous_14)
FNDA:0,(anonymous_15)
FNDA:0,(anonymous_16)
FNDA:0,(anonymous_17)
FNDA:0,(anonymous_18)
DA:11,1
DA:16,0
DA:18,0
DA:23,0
DA:24,0
DA:27,0
DA:32,0
DA:33,0
DA:36,0
DA:37,0
DA:40,0
DA:41,0
DA:42,0
DA:44,0
DA:45,0
DA:46,0
DA:50,0
DA:54,0
DA:57,0
DA:59,0
DA:60,0
DA:66,0
DA:68,0
DA:69,0
DA:71,0
DA:72,0
DA:75,0
DA:78,0
DA:79,0
DA:82,0
DA:87,0
DA:88,0
DA:89,0
DA:92,0
DA:93,0
DA:101,0
DA:103,0
DA:104,0
DA:105,0
DA:106,0
DA:108,0
DA:111,0
DA:113,0
DA:114,0
DA:115,0
DA:116,0
DA:121,1
DA:124,0
DA:128,0
DA:131,0
DA:135,0
DA:142,0
DA:149,0
DA:156,1
DA:157,0
DA:159,0
DA:160,0
DA:161,0
DA:162,0
DA:166,0
DA:170,1
DA:171,0
DA:173,0
DA:174,0
DA:175,0
DA:176,0
DA:180,0
DA:184,1
DA:185,0
DA:186,0
DA:188,0
DA:190,0
DA:191,0
DA:196,1
DA:197,0
DA:201,1
DA:202,0
DA:206,1
DA:207,0
DA:211,1
DA:212,0
DA:216,1
DA:217,0
DA:221,1
DA:222,0
DA:226,1
DA:227,0
DA:231,1
DA:232,0
LF:89
LH:13
BRDA:14,0,0,0
BRDA:16,1,0,0
BRDA:16,1,1,0
BRDA:23,2,0,0
BRDA:23,2,1,0
BRDA:28,3,0,0
BRDA:28,3,1,0
BRDA:32,4,0,0
BRDA:32,4,1,0
BRDA:40,5,0,0
BRDA:40,5,1,0
BRDA:42,6,0,0
BRDA:42,6,1,0
BRDA:44,7,0,0
BRDA:44,7,1,0
BRDA:68,8,0,0
BRDA:68,8,1,0
BRDA:68,9,0,0
BRDA:68,9,1,0
BRDA:71,10,0,0
BRDA:71,10,1,0
BRDA:72,11,0,0
BRDA:72,11,1,0
BRDA:78,12,0,0
BRDA:78,12,1,0
BRDA:88,13,0,0
BRDA:88,13,1,0
BRDA:103,14,0,0
BRDA:103,14,1,0
BRDA:103,15,0,0
BRDA:103,15,1,0
BRDA:105,16,0,0
BRDA:105,16,1,0
BRDA:128,17,0,0
BRDA:128,17,1,0
BRDA:159,18,0,0
BRDA:159,18,1,0
BRDA:161,19,0,0
BRDA:161,19,1,0
BRDA:173,20,0,0
BRDA:173,20,1,0
BRDA:175,21,0,0
BRDA:175,21,1,0
BRF:43
BRH:0
end_of_record
TN:
SF:app\services\bookingService.ts
FN:115,(anonymous_0)
FN:130,(anonymous_1)
FN:145,(anonymous_2)
FN:160,(anonymous_3)
FN:175,(anonymous_4)
FN:193,(anonymous_5)
FN:211,(anonymous_6)
FNF:7
FNH:0
FNDA:0,(anonymous_0)
FNDA:0,(anonymous_1)
FNDA:0,(anonymous_2)
FNDA:0,(anonymous_3)
FNDA:0,(anonymous_4)
FNDA:0,(anonymous_5)
FNDA:0,(anonymous_6)
DA:5,0
DA:110,0
DA:116,0
DA:117,0
DA:118,0
DA:120,0
DA:121,0
DA:131,0
DA:132,0
DA:133,0
DA:135,0
DA:136,0
DA:146,0
DA:147,0
DA:148,0
DA:150,0
DA:151,0
DA:161,0
DA:162,0
DA:163,0
DA:165,0
DA:166,0
DA:176,0
DA:177,0
DA:178,0
DA:183,0
DA:184,0
DA:194,0
DA:195,0
DA:196,0
DA:201,0
DA:202,0
DA:212,0
DA:213,0
DA:214,0
DA:216,0
DA:217,0
LF:37
LH:0
BRF:0
BRH:0
end_of_record
TN:
SF:app\services\chatService.ts
FN:13,(anonymous_0)
FN:24,(anonymous_1)
FN:35,(anonymous_2)
FN:48,(anonymous_3)
FN:61,(anonymous_4)
FN:80,(anonymous_5)
FN:94,(anonymous_6)
FN:104,(anonymous_7)
FN:115,(anonymous_8)
FNF:9
FNH:0
FNDA:0,(anonymous_0)
FNDA:0,(anonymous_1)
FNDA:0,(anonymous_2)
FNDA:0,(anonymous_3)
FNDA:0,(anonymous_4)
FNDA:0,(anonymous_5)
FNDA:0,(anonymous_6)
FNDA:0,(anonymous_7)
FNDA:0,(anonymous_8)
DA:11,0
DA:14,0
DA:15,0
DA:16,0
DA:18,0
DA:19,0
DA:25,0
DA:26,0
DA:27,0
DA:29,0
DA:30,0
DA:36,0
DA:37,0
DA:40,0
DA:42,0
DA:43,0
DA:49,0
DA:50,0
DA:53,0
DA:55,0
DA:56,0
DA:62,0
DA:63,0
DA:64,0
DA:70,0
DA:72,0
DA:74,0
DA:75,0
DA:81,0
DA:82,0
DA:86,0
DA:88,0
DA:89,0
DA:95,0
DA:96,0
DA:98,0
DA:99,0
DA:105,0
DA:106,0
DA:107,0
DA:109,0
DA:110,0
DA:116,0
DA:117,0
DA:121,0
DA:123,0
DA:124,0
LF:47
LH:0
BRDA:63,0,0,0
BRDA:63,1,0,0
BRF:2
BRH:0
end_of_record
TN:
SF:app\services\propertyService.ts
FN:143,(anonymous_0)
FN:145,(anonymous_1)
FN:146,(anonymous_2)
FN:153,(anonymous_3)
FN:155,(anonymous_4)
FN:156,(anonymous_5)
FN:157,(anonymous_6)
FN:164,(anonymous_7)
FN:166,(anonymous_8)
FN:167,(anonymous_9)
FN:173,(anonymous_10)
FN:182,(anonymous_11)
FN:187,(anonymous_12)
FN:204,(anonymous_13)
FN:221,(anonymous_14)
FN:226,(anonymous_15)
FN:238,(anonymous_16)
FN:242,(anonymous_17)
FN:246,(anonymous_18)
FN:250,(anonymous_19)
FN:257,(anonymous_20)
FN:264,(anonymous_21)
FN:271,(anonymous_22)
FN:274,(anonymous_23)
FN:294,(anonymous_24)
FN:313,(anonymous_25)
FNF:26
FNH:0
FNDA:0,(anonymous_0)
FNDA:0,(anonymous_1)
FNDA:0,(anonymous_2)
FNDA:0,(anonymous_3)
FNDA:0,(anonymous_4)
FNDA:0,(anonymous_5)
FNDA:0,(anonymous_6)
FNDA:0,(anonymous_7)
FNDA:0,(anonymous_8)
FNDA:0,(anonymous_9)
FNDA:0,(anonymous_10)
FNDA:0,(anonymous_11)
FNDA:0,(anonymous_12)
FNDA:0,(anonymous_13)
FNDA:0,(anonymous_14)
FNDA:0,(anonymous_15)
FNDA:0,(anonymous_16)
FNDA:0,(anonymous_17)
FNDA:0,(anonymous_18)
FNDA:0,(anonymous_19)
FNDA:0,(anonymous_20)
FNDA:0,(anonymous_21)
FNDA:0,(anonymous_22)
FNDA:0,(anonymous_23)
FNDA:0,(anonymous_24)
FNDA:0,(anonymous_25)
DA:41,0
DA:143,0
DA:145,0
DA:146,0
DA:147,0
DA:153,0
DA:155,0
DA:156,0
DA:157,0
DA:158,0
DA:164,0
DA:166,0
DA:167,0
DA:168,0
DA:171,0
DA:172,0
DA:173,0
DA:174,0
DA:181,0
DA:182,0
DA:186,0
DA:187,0
DA:189,0
DA:190,0
DA:192,0
DA:194,0
DA:195,0
DA:197,0
DA:202,0
DA:204,0
DA:205,0
DA:208,0
DA:211,0
DA:212,0
DA:215,0
DA:220,0
DA:221,0
DA:225,0
DA:226,0
DA:228,0
DA:229,0
DA:231,0
DA:232,0
DA:237,0
DA:238,0
DA:241,0
DA:242,0
DA:245,0
DA:246,0
DA:249,0
DA:250,0
DA:254,0
DA:255,0
DA:257,0
DA:258,0
DA:259,0
DA:260,0
DA:262,0
DA:264,0
DA:265,0
DA:266,0
DA:267,0
DA:269,0
DA:271,0
DA:272,0
DA:274,0
DA:275,0
DA:276,0
DA:278,0
DA:279,0
DA:281,0
DA:283,0
DA:288,0
DA:294,0
DA:300,0
DA:301,0
DA:302,0
DA:304,0
DA:307,0
DA:308,0
DA:309,0
DA:313,0
DA:314,0
DA:318,0
LF:84
LH:0
BRDA:158,0,0,0
BRDA:158,0,1,0
BRDA:171,1,0,0
BRDA:171,1,1,0
BRDA:174,2,0,0
BRDA:174,2,1,0
BRDA:174,2,2,0
BRDA:181,3,0,0
BRDA:181,3,1,0
BRDA:181,4,0,0
BRDA:181,4,1,0
BRDA:186,5,0,0
BRDA:186,5,1,0
BRDA:186,6,0,0
BRDA:186,6,1,0
BRDA:190,7,0,0
BRDA:190,7,1,0
BRDA:194,8,0,0
BRDA:194,8,1,0
BRDA:194,9,0,0
BRDA:194,9,1,0
BRDA:195,10,0,0
BRDA:195,10,1,0
BRDA:195,11,0,0
BRDA:195,11,1,0
BRDA:202,12,0,0
BRDA:202,12,1,0
BRDA:202,13,0,0
BRDA:202,13,1,0
BRDA:205,14,0,0
BRDA:205,14,1,0
BRDA:211,15,0,0
BRDA:211,15,1,0
BRDA:220,16,0,0
BRDA:220,16,1,0
BRDA:220,17,0,0
BRDA:220,17,1,0
BRDA:225,18,0,0
BRDA:225,18,1,0
BRDA:225,19,0,0
BRDA:225,19,1,0
BRDA:229,20,0,0
BRDA:229,20,1,0
BRDA:237,21,0,0
BRDA:237,21,1,0
BRDA:241,22,0,0
BRDA:241,22,1,0
BRDA:245,23,0,0
BRDA:245,23,1,0
BRDA:249,24,0,0
BRDA:249,24,1,0
BRDA:254,25,0,0
BRDA:254,25,1,0
BRDA:255,26,0,0
BRDA:255,26,1,0
BRDA:255,26,2,0
BRDA:255,26,3,0
BRDA:258,27,0,0
BRDA:258,27,1,0
BRDA:259,28,0,0
BRDA:259,28,1,0
BRDA:265,29,0,0
BRDA:265,29,1,0
BRDA:266,30,0,0
BRDA:266,30,1,0
BRDA:278,31,0,0
BRDA:278,31,1,0
BRDA:279,32,0,0
BRDA:279,32,1,0
BRF:69
BRH:0
end_of_record
TN:
SF:app\services\realChatService.ts
FN:13,(anonymous_0)
FN:24,(anonymous_1)
FN:35,(anonymous_2)
FN:48,(anonymous_3)
FN:61,(anonymous_4)
FN:79,(anonymous_5)
FN:93,(anonymous_6)
FN:103,(anonymous_7)
FN:114,(anonymous_8)
FNF:9
FNH:0
FNDA:0,(anonymous_0)
FNDA:0,(anonymous_1)
FNDA:0,(anonymous_2)
FNDA:0,(anonymous_3)
FNDA:0,(anonymous_4)
FNDA:0,(anonymous_5)
FNDA:0,(anonymous_6)
FNDA:0,(anonymous_7)
FNDA:0,(anonymous_8)
DA:11,0
DA:14,0
DA:15,0
DA:16,0
DA:18,0
DA:19,0
DA:25,0
DA:26,0
DA:27,0
DA:29,0
DA:30,0
DA:36,0
DA:37,0
DA:40,0
DA:42,0
DA:43,0
DA:49,0
DA:50,0
DA:53,0
DA:55,0
DA:56,0
DA:62,0
DA:63,0
DA:64,0
DA:69,0
DA:71,0
DA:73,0
DA:74,0
DA:80,0
DA:81,0
DA:85,0
DA:87,0
DA:88,0
DA:94,0
DA:95,0
DA:97,0
DA:98,0
DA:104,0
DA:105,0
DA:106,0
DA:108,0
DA:109,0
DA:115,0
DA:116,0
DA:120,0
DA:122,0
DA:123,0
LF:47
LH:0
BRDA:63,0,0,0
BRF:1
BRH:0
end_of_record
TN:
SF:app\services\reviewService.ts
FN:96,(anonymous_0)
FN:103,(anonymous_1)
FN:104,(anonymous_2)
FN:105,(anonymous_3)
FN:116,(anonymous_4)
FN:123,(anonymous_5)
FN:124,(anonymous_6)
FN:125,(anonymous_7)
FN:138,(anonymous_8)
FN:143,(anonymous_9)
FN:161,(anonymous_10)
FN:168,(anonymous_11)
FN:169,(anonymous_12)
FN:189,(anonymous_13)
FN:196,(anonymous_14)
FN:197,(anonymous_15)
FN:198,(anonymous_16)
FNF:17
FNH:0
FNDA:0,(anonymous_0)
FNDA:0,(anonymous_1)
FNDA:0,(anonymous_2)
FNDA:0,(anonymous_3)
FNDA:0,(anonymous_4)
FNDA:0,(anonymous_5)
FNDA:0,(anonymous_6)
FNDA:0,(anonymous_7)
FNDA:0,(anonymous_8)
FNDA:0,(anonymous_9)
FNDA:0,(anonymous_10)
FNDA:0,(anonymous_11)
FNDA:0,(anonymous_12)
FNDA:0,(anonymous_13)
FNDA:0,(anonymous_14)
FNDA:0,(anonymous_15)
FNDA:0,(anonymous_16)
DA:5,0
DA:94,0
DA:97,0
DA:103,0
DA:104,0
DA:105,0
DA:106,0
DA:110,0
DA:111,0
DA:117,0
DA:123,0
DA:124,0
DA:125,0
DA:128,0
DA:129,0
DA:134,0
DA:138,0
DA:139,0
DA:142,0
DA:143,0
DA:144,0
DA:147,0
DA:155,0
DA:156,0
DA:162,0
DA:168,0
DA:169,0
DA:170,0
DA:177,0
DA:179,0
DA:183,0
DA:184,0
DA:190,0
DA:196,0
DA:197,0
DA:198,0
DA:200,0
DA:201,0
DA:202,0
DA:205,0
DA:212,0
DA:214,0
DA:218,0
DA:219,0
LF:44
LH:0
BRDA:128,0,0,0
BRDA:128,0,1,0
BRDA:200,1,0,0
BRDA:200,1,1,0
BRF:4
BRH:0
end_of_record
TN:
SF:app\services\syncService.ts
FN:22,(anonymous_0)
FN:28,(anonymous_1)
FN:43,(anonymous_2)
FN:51,(anonymous_3)
FN:56,(anonymous_4)
FN:62,(anonymous_5)
FN:65,(anonymous_6)
FN:71,(anonymous_7)
FN:77,(anonymous_8)
FN:81,(anonymous_9)
FN:85,(anonymous_10)
FN:89,(anonymous_11)
FN:95,(anonymous_12)
FN:107,(anonymous_13)
FN:115,(anonymous_14)
FN:119,(anonymous_15)
FN:130,(anonymous_16)
FN:133,(anonymous_17)
FN:138,(anonymous_18)
FN:146,(anonymous_19)
FN:155,(anonymous_20)
FN:158,(anonymous_21)
FN:163,(anonymous_22)
FN:171,(anonymous_23)
FN:180,(anonymous_24)
FN:181,(anonymous_25)
FN:187,(anonymous_26)
FN:198,(anonymous_27)
FN:207,(anonymous_28)
FNF:29
FNH:0
FNDA:0,(anonymous_0)
FNDA:0,(anonymous_1)
FNDA:0,(anonymous_2)
FNDA:0,(anonymous_3)
FNDA:0,(anonymous_4)
FNDA:0,(anonymous_5)
FNDA:0,(anonymous_6)
FNDA:0,(anonymous_7)
FNDA:0,(anonymous_8)
FNDA:0,(anonymous_9)
FNDA:0,(anonymous_10)
FNDA:0,(anonymous_11)
FNDA:0,(anonymous_12)
FNDA:0,(anonymous_13)
FNDA:0,(anonymous_14)
FNDA:0,(anonymous_15)
FNDA:0,(anonymous_16)
FNDA:0,(anonymous_17)
FNDA:0,(anonymous_18)
FNDA:0,(anonymous_19)
FNDA:0,(anonymous_20)
FNDA:0,(anonymous_21)
FNDA:0,(anonymous_22)
FNDA:0,(anonymous_23)
FNDA:0,(anonymous_24)
FNDA:0,(anonymous_25)
FNDA:0,(anonymous_26)
FNDA:0,(anonymous_27)
FNDA:0,(anonymous_28)
DA:15,0
DA:16,0
DA:17,0
DA:18,0
DA:19,0
DA:20,0
DA:23,0
DA:24,0
DA:27,0
DA:28,0
DA:29,0
DA:30,0
DA:32,0
DA:33,0
DA:35,0
DA:39,0
DA:44,0
DA:45,0
DA:46,0
DA:48,0
DA:52,0
DA:57,0
DA:63,0
DA:65,0
DA:66,0
DA:67,0
DA:68,0
DA:71,0
DA:72,0
DA:73,0
DA:77,0
DA:78,0
DA:81,0
DA:82,0
DA:85,0
DA:86,0
DA:89,0
DA:90,0
DA:96,0
DA:97,0
DA:98,0
DA:101,0
DA:102,0
DA:103,0
DA:104,0
DA:107,0
DA:108,0
DA:109,0
DA:110,0
DA:116,0
DA:118,0
DA:119,0
DA:120,0
DA:121,0
DA:123,0
DA:131,0
DA:132,0
DA:133,0
DA:136,0
DA:138,0
DA:139,0
DA:140,0
DA:144,0
DA:146,0
DA:147,0
DA:148,0
DA:149,0
DA:156,0
DA:157,0
DA:158,0
DA:161,0
DA:163,0
DA:164,0
DA:165,0
DA:169,0
DA:171,0
DA:172,0
DA:173,0
DA:174,0
DA:181,0
DA:182,0
DA:183,0
DA:184,0
DA:187,0
DA:188,0
DA:189,0
DA:191,0
DA:199,0
DA:200,0
DA:203,0
DA:208,0
DA:209,0
DA:210,0
DA:216,0
LF:94
LH:0
BRDA:29,0,0,0
BRDA:29,0,1,0
BRDA:30,1,0,0
BRDA:30,1,1,0
BRDA:32,2,0,0
BRDA:32,2,1,0
BRDA:44,3,0,0
BRDA:44,3,1,0
BRDA:63,4,0,0
BRDA:63,4,1,0
BRDA:96,5,0,0
BRDA:96,5,1,0
BRDA:101,6,0,0
BRDA:101,6,1,0
BRDA:118,7,0,0
BRDA:118,7,1,0
BRDA:131,8,0,0
BRDA:131,8,1,0
BRDA:131,9,0,0
BRDA:131,9,1,0
BRDA:139,10,0,0
BRDA:139,10,1,0
BRDA:148,11,0,0
BRDA:148,11,1,0
BRDA:148,12,0,0
BRDA:148,12,1,0
BRDA:156,13,0,0
BRDA:156,13,1,0
BRDA:156,14,0,0
BRDA:156,14,1,0
BRDA:164,15,0,0
BRDA:164,15,1,0
BRDA:173,16,0,0
BRDA:173,16,1,0
BRDA:173,17,0,0
BRDA:173,17,1,0
BRDA:182,18,0,0
BRDA:182,18,1,0
BRDA:182,19,0,0
BRDA:182,19,1,0
BRDA:188,20,0,0
BRDA:188,20,1,0
BRDA:188,21,0,0
BRDA:188,21,1,0
BRDA:199,22,0,0
BRDA:199,22,1,0
BRDA:209,23,0,0
BRDA:209,23,1,0
BRF:48
BRH:0
end_of_record
TN:
SF:app\types\Booking.ts
FNF:0
FNH:0
LF:0
LH:0
BRF:0
BRH:0
end_of_record
TN:
SF:app\types\Chat.ts
FNF:0
FNH:0
LF:0
LH:0
BRF:0
BRH:0
end_of_record
TN:
SF:app\types\FilterOptions.ts
FNF:0
FNH:0
LF:0
LH:0
BRF:0
BRH:0
end_of_record
TN:
SF:app\types\Review.ts
FNF:0
FNH:0
LF:0
LH:0
BRF:0
BRH:0
end_of_record
